<?xml version="1.0" encoding="UTF-8"?>
<coverage generated="1765136788453" clover="3.2.0">
  <project timestamp="1765136788453" name="All files">
    <metrics statements="1921" coveredstatements="420" conditionals="890" coveredconditionals="67" methods="379" coveredmethods="67" elements="3190" coveredelements="554" complexity="0" loc="1921" ncloc="1921" packages="3" files="10" classes="10"/>
    <package name="kdih_website 2">
      <metrics statements="72" coveredstatements="50" conditionals="24" coveredconditionals="8" methods="12" coveredmethods="5"/>
      <file name="server.js" path="/Users/yankyaure/Downloads/kdih_website 2/server.js">
        <metrics statements="72" coveredstatements="50" conditionals="24" coveredconditionals="8" methods="12" coveredmethods="5"/>
        <line num="1" count="7" type="stmt"/>
        <line num="2" count="7" type="stmt"/>
        <line num="3" count="7" type="stmt"/>
        <line num="4" count="7" type="stmt"/>
        <line num="5" count="7" type="stmt"/>
        <line num="6" count="7" type="stmt"/>
        <line num="7" count="7" type="stmt"/>
        <line num="8" count="7" type="stmt"/>
        <line num="9" count="7" type="stmt"/>
        <line num="10" count="7" type="stmt"/>
        <line num="11" count="7" type="stmt"/>
        <line num="12" count="7" type="stmt"/>
        <line num="14" count="7" type="stmt"/>
        <line num="15" count="7" type="cond" truecount="1" falsecount="1"/>
        <line num="18" count="7" type="stmt"/>
        <line num="21" count="7" type="stmt"/>
        <line num="38" count="7" type="stmt"/>
        <line num="41" count="7" type="stmt"/>
        <line num="46" count="7" type="stmt"/>
        <line num="49" count="7" type="stmt"/>
        <line num="58" count="7" type="stmt"/>
        <line num="61" count="7" type="stmt"/>
        <line num="68" count="7" type="stmt"/>
        <line num="72" count="7" type="stmt"/>
        <line num="75" count="20" type="stmt"/>
        <line num="78" count="7" type="stmt"/>
        <line num="81" count="7" type="stmt"/>
        <line num="93" count="7" type="stmt"/>
        <line num="94" count="38" type="stmt"/>
        <line num="95" count="38" type="stmt"/>
        <line num="96" count="38" type="stmt"/>
        <line num="97" count="38" type="stmt"/>
        <line num="98" count="38" type="stmt"/>
        <line num="102" count="7" type="stmt"/>
        <line num="103" count="38" type="stmt"/>
        <line num="104" count="38" type="stmt"/>
        <line num="108" count="7" type="stmt"/>
        <line num="113" count="7" type="stmt"/>
        <line num="119" count="7" type="stmt"/>
        <line num="120" count="1" type="stmt"/>
        <line num="129" count="7" type="stmt"/>
        <line num="132" count="7" type="stmt"/>
        <line num="133" count="1" type="stmt"/>
        <line num="134" count="1" type="stmt"/>
        <line num="138" count="7" type="stmt"/>
        <line num="139" count="0" type="stmt"/>
        <line num="140" count="0" type="stmt"/>
        <line num="142" count="0" type="cond" truecount="0" falsecount="2"/>
        <line num="143" count="0" type="stmt"/>
        <line num="145" count="0" type="stmt"/>
        <line num="150" count="7" type="stmt"/>
        <line num="151" count="0" type="stmt"/>
        <line num="154" count="0" type="cond" truecount="0" falsecount="2"/>
        <line num="158" count="0" type="cond" truecount="0" falsecount="2"/>
        <line num="163" count="7" type="cond" truecount="1" falsecount="1"/>
        <line num="164" count="0" type="stmt"/>
        <line num="165" count="0" type="cond" truecount="0" falsecount="2"/>
        <line num="166" count="0" type="stmt"/>
        <line num="169" count="0" type="stmt"/>
        <line num="173" count="0" type="stmt"/>
        <line num="174" count="0" type="stmt"/>
        <line num="175" count="0" type="stmt"/>
        <line num="176" count="0" type="stmt"/>
        <line num="177" count="0" type="stmt"/>
        <line num="181" count="0" type="stmt"/>
        <line num="182" count="0" type="stmt"/>
        <line num="186" count="7" type="stmt"/>
        <line num="187" count="0" type="stmt"/>
        <line num="188" count="0" type="stmt"/>
        <line num="191" count="7" type="stmt"/>
        <line num="192" count="0" type="stmt"/>
        <line num="195" count="7" type="stmt"/>
      </file>
    </package>
    <package name="kdih_website 2.routes">
      <metrics statements="1350" coveredstatements="266" conditionals="675" coveredconditionals="43" methods="277" coveredmethods="43"/>
      <file name="api.js" path="/Users/yankyaure/Downloads/kdih_website 2/routes/api.js">
        <metrics statements="1350" coveredstatements="266" conditionals="675" coveredconditionals="43" methods="277" coveredmethods="43"/>
        <line num="1" count="7" type="stmt"/>
        <line num="2" count="7" type="stmt"/>
        <line num="3" count="7" type="stmt"/>
        <line num="4" count="7" type="stmt"/>
        <line num="7" count="7" type="stmt"/>
        <line num="8" count="0" type="cond" truecount="0" falsecount="2"/>
        <line num="9" count="0" type="stmt"/>
        <line num="11" count="0" type="stmt"/>
        <line num="17" count="7" type="stmt"/>
        <line num="18" count="1" type="stmt"/>
        <line num="19" count="1" type="stmt"/>
        <line num="20" count="1" type="cond" truecount="1" falsecount="1"/>
        <line num="21" count="0" type="stmt"/>
        <line num="22" count="0" type="stmt"/>
        <line num="24" count="1" type="stmt"/>
        <line num="32" count="7" type="stmt"/>
        <line num="33" count="0" type="stmt"/>
        <line num="34" count="0" type="stmt"/>
        <line num="36" count="0" type="stmt"/>
        <line num="37" count="0" type="cond" truecount="0" falsecount="2"/>
        <line num="38" count="0" type="stmt"/>
        <line num="43" count="7" type="stmt"/>
        <line num="44" count="0" type="stmt"/>
        <line num="45" count="0" type="stmt"/>
        <line num="47" count="0" type="stmt"/>
        <line num="49" count="0" type="stmt"/>
        <line num="50" count="0" type="cond" truecount="0" falsecount="2"/>
        <line num="51" count="0" type="cond" truecount="0" falsecount="2"/>
        <line num="52" count="0" type="stmt"/>
        <line num="57" count="7" type="stmt"/>
        <line num="58" count="0" type="stmt"/>
        <line num="59" count="0" type="stmt"/>
        <line num="61" count="0" type="stmt"/>
        <line num="62" count="0" type="cond" truecount="0" falsecount="2"/>
        <line num="63" count="0" type="cond" truecount="0" falsecount="2"/>
        <line num="64" count="0" type="stmt"/>
        <line num="69" count="7" type="stmt"/>
        <line num="70" count="1" type="stmt"/>
        <line num="71" count="1" type="stmt"/>
        <line num="74" count="1" type="stmt"/>
        <line num="81" count="1" type="stmt"/>
        <line num="82" count="1" type="stmt"/>
        <line num="83" count="1" type="cond" truecount="1" falsecount="1"/>
        <line num="84" count="1" type="cond" truecount="2" falsecount="0"/>
        <line num="88" count="1" type="stmt"/>
        <line num="96" count="1" type="stmt"/>
        <line num="102" count="1" type="stmt"/>
        <line num="103" count="1" type="stmt"/>
        <line num="104" count="1" type="cond" truecount="1" falsecount="1"/>
        <line num="105" count="1" type="cond" truecount="2" falsecount="0"/>
        <line num="109" count="1" type="stmt"/>
        <line num="119" count="1" type="stmt"/>
        <line num="127" count="1" type="stmt"/>
        <line num="135" count="1" type="stmt"/>
        <line num="136" count="1" type="stmt"/>
        <line num="137" count="0" type="cond" truecount="0" falsecount="2"/>
        <line num="138" count="0" type="stmt"/>
        <line num="142" count="0" type="cond" truecount="0" falsecount="2"/>
        <line num="146" count="0" type="stmt"/>
        <line num="153" count="0" type="stmt"/>
        <line num="160" count="1" type="stmt"/>
        <line num="161" count="1" type="stmt"/>
        <line num="166" count="7" type="stmt"/>
        <line num="167" count="2" type="stmt"/>
        <line num="168" count="2" type="stmt"/>
        <line num="169" count="2" type="stmt"/>
        <line num="170" count="2" type="cond" truecount="1" falsecount="1"/>
        <line num="171" count="0" type="stmt"/>
        <line num="175" count="2" type="stmt"/>
        <line num="176" count="0" type="stmt"/>
        <line num="179" count="2" type="stmt"/>
        <line num="185" count="7" type="stmt"/>
        <line num="186" count="0" type="stmt"/>
        <line num="187" count="0" type="stmt"/>
        <line num="189" count="0" type="stmt"/>
        <line num="190" count="0" type="stmt"/>
        <line num="191" count="0" type="cond" truecount="0" falsecount="2"/>
        <line num="192" count="0" type="stmt"/>
        <line num="196" count="0" type="stmt"/>
        <line num="197" count="0" type="stmt"/>
        <line num="200" count="0" type="stmt"/>
        <line num="205" count="7" type="stmt"/>
        <line num="211" count="2" type="stmt"/>
        <line num="214" count="2" type="cond" truecount="1" falsecount="1"/>
        <line num="215" count="0" type="stmt"/>
        <line num="217" count="0" type="stmt"/>
        <line num="218" count="0" type="stmt"/>
        <line num="221" count="2" type="stmt"/>
        <line num="228" count="2" type="stmt"/>
        <line num="235" count="2" type="stmt"/>
        <line num="236" count="2" type="cond" truecount="1" falsecount="1"/>
        <line num="237" count="0" type="stmt"/>
        <line num="238" count="0" type="stmt"/>
        <line num="242" count="2" type="stmt"/>
        <line num="243" count="0" type="stmt"/>
        <line num="246" count="2" type="stmt"/>
        <line num="252" count="7" type="stmt"/>
        <line num="253" count="4" type="stmt"/>
        <line num="254" count="4" type="stmt"/>
        <line num="255" count="4" type="stmt"/>
        <line num="256" count="4" type="stmt"/>
        <line num="259" count="4" type="stmt"/>
        <line num="260" count="4" type="cond" truecount="2" falsecount="0"/>
        <line num="261" count="1" type="stmt"/>
        <line num="262" count="1" type="stmt"/>
        <line num="265" count="3" type="cond" truecount="1" falsecount="1"/>
        <line num="266" count="3" type="stmt"/>
        <line num="267" count="3" type="stmt"/>
        <line num="271" count="0" type="stmt"/>
        <line num="272" count="0" type="cond" truecount="0" falsecount="2"/>
        <line num="273" count="0" type="stmt"/>
        <line num="274" count="0" type="stmt"/>
        <line num="277" count="0" type="stmt"/>
        <line num="278" count="0" type="stmt"/>
        <line num="279" count="0" type="stmt"/>
        <line num="282" count="0" type="stmt"/>
        <line num="283" count="0" type="stmt"/>
        <line num="284" count="0" type="stmt"/>
        <line num="288" count="7" type="stmt"/>
        <line num="289" count="1" type="stmt"/>
        <line num="290" count="1" type="stmt"/>
        <line num="293" count="7" type="stmt"/>
        <line num="294" count="1" type="cond" truecount="1" falsecount="1"/>
        <line num="295" count="0" type="stmt"/>
        <line num="297" count="1" type="stmt"/>
        <line num="302" count="7" type="stmt"/>
        <line num="303" count="0" type="stmt"/>
        <line num="304" count="0" type="stmt"/>
        <line num="305" count="0" type="stmt"/>
        <line num="306" count="0" type="stmt"/>
        <line num="307" count="0" type="stmt"/>
        <line num="309" count="0" type="cond" truecount="0" falsecount="2"/>
        <line num="310" count="0" type="stmt"/>
        <line num="314" count="0" type="stmt"/>
        <line num="315" count="0" type="cond" truecount="0" falsecount="2"/>
        <line num="316" count="0" type="stmt"/>
        <line num="317" count="0" type="stmt"/>
        <line num="320" count="0" type="cond" truecount="0" falsecount="2"/>
        <line num="322" count="0" type="stmt"/>
        <line num="325" count="0" type="cond" truecount="0" falsecount="2"/>
        <line num="326" count="0" type="stmt"/>
        <line num="327" count="0" type="stmt"/>
        <line num="329" count="0" type="stmt"/>
        <line num="334" count="0" type="stmt"/>
        <line num="335" count="0" type="stmt"/>
        <line num="338" count="0" type="stmt"/>
        <line num="342" count="0" type="cond" truecount="0" falsecount="2"/>
        <line num="343" count="0" type="stmt"/>
        <line num="344" count="0" type="stmt"/>
        <line num="348" count="0" type="stmt"/>
        <line num="350" count="0" type="cond" truecount="0" falsecount="2"/>
        <line num="351" count="0" type="stmt"/>
        <line num="352" count="0" type="stmt"/>
        <line num="354" count="0" type="stmt"/>
        <line num="356" count="0" type="stmt"/>
        <line num="362" count="0" type="stmt"/>
        <line num="363" count="0" type="stmt"/>
        <line num="364" count="0" type="stmt"/>
        <line num="369" count="7" type="stmt"/>
        <line num="370" count="0" type="stmt"/>
        <line num="371" count="0" type="stmt"/>
        <line num="372" count="0" type="stmt"/>
        <line num="373" count="0" type="stmt"/>
        <line num="375" count="0" type="cond" truecount="0" falsecount="4"/>
        <line num="376" count="0" type="stmt"/>
        <line num="379" count="0" type="cond" truecount="0" falsecount="2"/>
        <line num="380" count="0" type="stmt"/>
        <line num="384" count="0" type="stmt"/>
        <line num="388" count="0" type="cond" truecount="0" falsecount="2"/>
        <line num="389" count="0" type="stmt"/>
        <line num="390" count="0" type="stmt"/>
        <line num="393" count="0" type="cond" truecount="0" falsecount="2"/>
        <line num="394" count="0" type="stmt"/>
        <line num="398" count="0" type="stmt"/>
        <line num="399" count="0" type="cond" truecount="0" falsecount="4"/>
        <line num="400" count="0" type="stmt"/>
        <line num="401" count="0" type="stmt"/>
        <line num="405" count="0" type="stmt"/>
        <line num="408" count="0" type="stmt"/>
        <line num="412" count="0" type="cond" truecount="0" falsecount="2"/>
        <line num="413" count="0" type="stmt"/>
        <line num="414" count="0" type="stmt"/>
        <line num="418" count="0" type="stmt"/>
        <line num="420" count="0" type="stmt"/>
        <line num="421" count="0" type="stmt"/>
        <line num="428" count="0" type="stmt"/>
        <line num="429" count="0" type="stmt"/>
        <line num="430" count="0" type="stmt"/>
        <line num="435" count="7" type="stmt"/>
        <line num="436" count="0" type="stmt"/>
        <line num="437" count="0" type="stmt"/>
        <line num="438" count="0" type="stmt"/>
        <line num="439" count="0" type="stmt"/>
        <line num="440" count="0" type="stmt"/>
        <line num="443" count="0" type="cond" truecount="0" falsecount="4"/>
        <line num="444" count="0" type="stmt"/>
        <line num="447" count="0" type="cond" truecount="0" falsecount="2"/>
        <line num="448" count="0" type="stmt"/>
        <line num="452" count="0" type="stmt"/>
        <line num="453" count="0" type="cond" truecount="0" falsecount="2"/>
        <line num="454" count="0" type="stmt"/>
        <line num="455" count="0" type="stmt"/>
        <line num="458" count="0" type="cond" truecount="0" falsecount="2"/>
        <line num="459" count="0" type="stmt"/>
        <line num="463" count="0" type="stmt"/>
        <line num="464" count="0" type="cond" truecount="0" falsecount="2"/>
        <line num="465" count="0" type="stmt"/>
        <line num="466" count="0" type="stmt"/>
        <line num="470" count="0" type="stmt"/>
        <line num="473" count="0" type="stmt"/>
        <line num="477" count="0" type="cond" truecount="0" falsecount="2"/>
        <line num="478" count="0" type="stmt"/>
        <line num="479" count="0" type="stmt"/>
        <line num="482" count="0" type="stmt"/>
        <line num="483" count="0" type="stmt"/>
        <line num="488" count="0" type="stmt"/>
        <line num="489" count="0" type="stmt"/>
        <line num="490" count="0" type="stmt"/>
        <line num="495" count="7" type="stmt"/>
        <line num="496" count="0" type="stmt"/>
        <line num="497" count="0" type="stmt"/>
        <line num="498" count="0" type="stmt"/>
        <line num="499" count="0" type="stmt"/>
        <line num="500" count="0" type="stmt"/>
        <line num="503" count="0" type="cond" truecount="0" falsecount="6"/>
        <line num="504" count="0" type="stmt"/>
        <line num="507" count="0" type="cond" truecount="0" falsecount="2"/>
        <line num="508" count="0" type="stmt"/>
        <line num="512" count="0" type="stmt"/>
        <line num="513" count="0" type="cond" truecount="0" falsecount="2"/>
        <line num="515" count="0" type="cond" truecount="0" falsecount="2"/>
        <line num="517" count="0" type="stmt"/>
        <line num="525" count="0" type="stmt"/>
        <line num="526" count="0" type="cond" truecount="0" falsecount="2"/>
        <line num="529" count="0" type="stmt"/>
        <line num="530" count="0" type="cond" truecount="0" falsecount="2"/>
        <line num="532" count="0" type="stmt"/>
        <line num="534" count="0" type="stmt"/>
        <line num="535" count="0" type="cond" truecount="0" falsecount="2"/>
        <line num="536" count="0" type="stmt"/>
        <line num="537" count="0" type="stmt"/>
        <line num="540" count="0" type="stmt"/>
        <line num="543" count="0" type="stmt"/>
        <line num="545" count="0" type="stmt"/>
        <line num="546" count="0" type="stmt"/>
        <line num="552" count="0" type="stmt"/>
        <line num="553" count="0" type="stmt"/>
        <line num="554" count="0" type="stmt"/>
        <line num="559" count="7" type="stmt"/>
        <line num="560" count="0" type="stmt"/>
        <line num="561" count="0" type="stmt"/>
        <line num="562" count="0" type="stmt"/>
        <line num="563" count="0" type="stmt"/>
        <line num="566" count="0" type="cond" truecount="0" falsecount="4"/>
        <line num="567" count="0" type="stmt"/>
        <line num="570" count="0" type="cond" truecount="0" falsecount="2"/>
        <line num="571" count="0" type="stmt"/>
        <line num="575" count="0" type="stmt"/>
        <line num="579" count="0" type="cond" truecount="0" falsecount="2"/>
        <line num="580" count="0" type="stmt"/>
        <line num="581" count="0" type="stmt"/>
        <line num="584" count="0" type="cond" truecount="0" falsecount="2"/>
        <line num="585" count="0" type="cond" truecount="0" falsecount="2"/>
        <line num="586" count="0" type="stmt"/>
        <line num="588" count="0" type="cond" truecount="0" falsecount="2"/>
        <line num="589" count="0" type="stmt"/>
        <line num="594" count="0" type="stmt"/>
        <line num="598" count="0" type="cond" truecount="0" falsecount="2"/>
        <line num="599" count="0" type="stmt"/>
        <line num="600" count="0" type="stmt"/>
        <line num="604" count="0" type="stmt"/>
        <line num="605" count="0" type="stmt"/>
        <line num="607" count="0" type="stmt"/>
        <line num="608" count="0" type="stmt"/>
        <line num="617" count="0" type="stmt"/>
        <line num="618" count="0" type="stmt"/>
        <line num="619" count="0" type="stmt"/>
        <line num="626" count="7" type="stmt"/>
        <line num="627" count="3" type="stmt"/>
        <line num="628" count="3" type="stmt"/>
        <line num="629" count="3" type="cond" truecount="1" falsecount="1"/>
        <line num="630" count="3" type="stmt"/>
        <line num="635" count="7" type="stmt"/>
        <line num="636" count="1" type="stmt"/>
        <line num="638" count="1" type="stmt"/>
        <line num="639" count="1" type="cond" truecount="1" falsecount="1"/>
        <line num="640" count="1" type="cond" truecount="1" falsecount="1"/>
        <line num="642" count="0" type="stmt"/>
        <line num="643" count="0" type="cond" truecount="0" falsecount="2"/>
        <line num="644" count="0" type="stmt"/>
        <line num="645" count="0" type="stmt"/>
        <line num="651" count="7" type="stmt"/>
        <line num="652" count="0" type="stmt"/>
        <line num="653" count="0" type="stmt"/>
        <line num="656" count="0" type="stmt"/>
        <line num="657" count="0" type="cond" truecount="0" falsecount="2"/>
        <line num="658" count="0" type="stmt"/>
        <line num="663" count="7" type="stmt"/>
        <line num="664" count="0" type="stmt"/>
        <line num="665" count="0" type="stmt"/>
        <line num="666" count="0" type="stmt"/>
        <line num="667" count="0" type="stmt"/>
        <line num="669" count="0" type="stmt"/>
        <line num="674" count="0" type="cond" truecount="0" falsecount="2"/>
        <line num="675" count="0" type="cond" truecount="0" falsecount="2"/>
        <line num="676" count="0" type="stmt"/>
        <line num="677" count="0" type="stmt"/>
        <line num="679" count="0" type="cond" truecount="0" falsecount="2"/>
        <line num="680" count="0" type="stmt"/>
        <line num="681" count="0" type="stmt"/>
        <line num="683" count="0" type="stmt"/>
        <line num="684" count="0" type="stmt"/>
        <line num="685" count="0" type="stmt"/>
        <line num="686" count="0" type="stmt"/>
        <line num="691" count="7" type="stmt"/>
        <line num="692" count="0" type="stmt"/>
        <line num="693" count="0" type="stmt"/>
        <line num="695" count="0" type="stmt"/>
        <line num="696" count="0" type="cond" truecount="0" falsecount="2"/>
        <line num="697" count="0" type="cond" truecount="0" falsecount="2"/>
        <line num="698" count="0" type="stmt"/>
        <line num="703" count="7" type="stmt"/>
        <line num="704" count="0" type="stmt"/>
        <line num="705" count="0" type="stmt"/>
        <line num="707" count="0" type="stmt"/>
        <line num="708" count="0" type="cond" truecount="0" falsecount="2"/>
        <line num="709" count="0" type="cond" truecount="0" falsecount="2"/>
        <line num="710" count="0" type="stmt"/>
        <line num="715" count="7" type="stmt"/>
        <line num="716" count="0" type="stmt"/>
        <line num="717" count="0" type="stmt"/>
        <line num="722" count="0" type="stmt"/>
        <line num="723" count="0" type="cond" truecount="0" falsecount="2"/>
        <line num="724" count="0" type="stmt"/>
        <line num="731" count="7" type="stmt"/>
        <line num="732" count="1" type="stmt"/>
        <line num="733" count="1" type="stmt"/>
        <line num="734" count="1" type="cond" truecount="1" falsecount="1"/>
        <line num="735" count="1" type="stmt"/>
        <line num="740" count="7" type="stmt"/>
        <line num="741" count="2" type="stmt"/>
        <line num="742" count="2" type="stmt"/>
        <line num="743" count="2" type="cond" truecount="1" falsecount="1"/>
        <line num="744" count="2" type="stmt"/>
        <line num="749" count="7" type="stmt"/>
        <line num="750" count="0" type="stmt"/>
        <line num="751" count="0" type="stmt"/>
        <line num="754" count="0" type="stmt"/>
        <line num="755" count="0" type="cond" truecount="0" falsecount="2"/>
        <line num="756" count="0" type="stmt"/>
        <line num="761" count="7" type="stmt"/>
        <line num="762" count="0" type="stmt"/>
        <line num="763" count="0" type="stmt"/>
        <line num="765" count="0" type="stmt"/>
        <line num="770" count="0" type="cond" truecount="0" falsecount="2"/>
        <line num="771" count="0" type="cond" truecount="0" falsecount="2"/>
        <line num="772" count="0" type="cond" truecount="0" falsecount="2"/>
        <line num="773" count="0" type="stmt"/>
        <line num="778" count="7" type="stmt"/>
        <line num="779" count="0" type="stmt"/>
        <line num="780" count="0" type="stmt"/>
        <line num="782" count="0" type="stmt"/>
        <line num="783" count="0" type="cond" truecount="0" falsecount="2"/>
        <line num="784" count="0" type="cond" truecount="0" falsecount="2"/>
        <line num="785" count="0" type="stmt"/>
        <line num="790" count="7" type="stmt"/>
        <line num="791" count="1" type="stmt"/>
        <line num="792" count="1" type="stmt"/>
        <line num="794" count="1" type="stmt"/>
        <line num="797" count="1" type="stmt"/>
        <line num="798" count="1" type="cond" truecount="1" falsecount="1"/>
        <line num="799" count="1" type="stmt"/>
        <line num="806" count="7" type="stmt"/>
        <line num="807" count="0" type="stmt"/>
        <line num="810" count="0" type="stmt"/>
        <line num="811" count="0" type="stmt"/>
        <line num="812" count="0" type="stmt"/>
        <line num="814" count="0" type="stmt"/>
        <line num="818" count="0" type="stmt"/>
        <line num="819" count="0" type="cond" truecount="0" falsecount="2"/>
        <line num="820" count="0" type="stmt"/>
        <line num="830" count="7" type="stmt"/>
        <line num="831" count="1" type="stmt"/>
        <line num="832" count="1" type="stmt"/>
        <line num="834" count="1" type="stmt"/>
        <line num="835" count="1" type="cond" truecount="1" falsecount="1"/>
        <line num="836" count="1" type="cond" truecount="1" falsecount="1"/>
        <line num="837" count="0" type="stmt"/>
        <line num="844" count="7" type="stmt"/>
        <line num="846" count="0" type="stmt"/>
        <line num="848" count="0" type="stmt"/>
        <line num="852" count="0" type="stmt"/>
        <line num="854" count="0" type="cond" truecount="0" falsecount="2"/>
        <line num="855" count="0" type="stmt"/>
        <line num="860" count="7" type="stmt"/>
        <line num="861" count="0" type="stmt"/>
        <line num="862" count="0" type="stmt"/>
        <line num="863" count="0" type="cond" truecount="0" falsecount="2"/>
        <line num="864" count="0" type="stmt"/>
        <line num="869" count="7" type="stmt"/>
        <line num="870" count="0" type="stmt"/>
        <line num="871" count="0" type="stmt"/>
        <line num="873" count="0" type="stmt"/>
        <line num="874" count="0" type="cond" truecount="0" falsecount="2"/>
        <line num="875" count="0" type="stmt"/>
        <line num="882" count="7" type="stmt"/>
        <line num="883" count="2" type="stmt"/>
        <line num="886" count="2" type="stmt"/>
        <line num="887" count="2" type="cond" truecount="1" falsecount="1"/>
        <line num="889" count="2" type="cond" truecount="1" falsecount="1"/>
        <line num="890" count="0" type="stmt"/>
        <line num="897" count="2" type="stmt"/>
        <line num="900" count="2" type="stmt"/>
        <line num="901" count="2" type="cond" truecount="1" falsecount="1"/>
        <line num="903" count="2" type="stmt"/>
        <line num="904" count="2" type="stmt"/>
        <line num="906" count="2" type="stmt"/>
        <line num="909" count="2" type="stmt"/>
        <line num="910" count="2" type="cond" truecount="2" falsecount="0"/>
        <line num="913" count="1" type="stmt"/>
        <line num="914" count="1" type="stmt"/>
        <line num="916" count="1" type="stmt"/>
        <line num="923" count="7" type="stmt"/>
        <line num="924" count="1" type="stmt"/>
        <line num="925" count="1" type="stmt"/>
        <line num="926" count="1" type="stmt"/>
        <line num="928" count="1" type="stmt"/>
        <line num="930" count="1" type="stmt"/>
        <line num="931" count="1" type="cond" truecount="3" falsecount="1"/>
        <line num="934" count="0" type="stmt"/>
        <line num="935" count="0" type="stmt"/>
        <line num="938" count="0" type="stmt"/>
        <line num="950" count="0" type="stmt"/>
        <line num="953" count="0" type="cond" truecount="0" falsecount="2"/>
        <line num="954" count="0" type="cond" truecount="0" falsecount="2"/>
        <line num="957" count="0" type="stmt"/>
        <line num="967" count="0" type="stmt"/>
        <line num="968" count="0" type="stmt"/>
        <line num="973" count="7" type="stmt"/>
        <line num="974" count="0" type="cond" truecount="0" falsecount="4"/>
        <line num="975" count="0" type="stmt"/>
        <line num="978" count="0" type="stmt"/>
        <line num="981" count="0" type="stmt"/>
        <line num="982" count="0" type="cond" truecount="0" falsecount="4"/>
        <line num="983" count="0" type="stmt"/>
        <line num="987" count="0" type="stmt"/>
        <line num="991" count="0" type="cond" truecount="0" falsecount="2"/>
        <line num="993" count="0" type="cond" truecount="0" falsecount="2"/>
        <line num="994" count="0" type="stmt"/>
        <line num="998" count="0" type="stmt"/>
        <line num="1002" count="0" type="cond" truecount="0" falsecount="2"/>
        <line num="1003" count="0" type="cond" truecount="0" falsecount="2"/>
        <line num="1005" count="0" type="stmt"/>
        <line num="1007" count="0" type="stmt"/>
        <line num="1021" count="7" type="stmt"/>
        <line num="1022" count="0" type="stmt"/>
        <line num="1024" count="0" type="stmt"/>
        <line num="1025" count="0" type="cond" truecount="0" falsecount="4"/>
        <line num="1026" count="0" type="stmt"/>
        <line num="1029" count="0" type="cond" truecount="0" falsecount="2"/>
        <line num="1030" count="0" type="stmt"/>
        <line num="1033" count="0" type="stmt"/>
        <line num="1037" count="0" type="stmt"/>
        <line num="1038" count="0" type="cond" truecount="0" falsecount="2"/>
        <line num="1040" count="0" type="stmt"/>
        <line num="1041" count="0" type="stmt"/>
        <line num="1051" count="7" type="stmt"/>
        <line num="1052" count="0" type="stmt"/>
        <line num="1054" count="0" type="stmt"/>
        <line num="1055" count="0" type="cond" truecount="0" falsecount="4"/>
        <line num="1056" count="0" type="stmt"/>
        <line num="1059" count="0" type="cond" truecount="0" falsecount="2"/>
        <line num="1060" count="0" type="stmt"/>
        <line num="1063" count="0" type="cond" truecount="0" falsecount="2"/>
        <line num="1064" count="0" type="stmt"/>
        <line num="1067" count="0" type="stmt"/>
        <line num="1071" count="0" type="stmt"/>
        <line num="1072" count="0" type="cond" truecount="0" falsecount="2"/>
        <line num="1074" count="0" type="stmt"/>
        <line num="1075" count="0" type="stmt"/>
        <line num="1085" count="7" type="stmt"/>
        <line num="1086" count="0" type="cond" truecount="0" falsecount="4"/>
        <line num="1087" count="0" type="stmt"/>
        <line num="1090" count="0" type="stmt"/>
        <line num="1098" count="0" type="stmt"/>
        <line num="1105" count="0" type="stmt"/>
        <line num="1106" count="0" type="cond" truecount="0" falsecount="2"/>
        <line num="1108" count="0" type="stmt"/>
        <line num="1109" count="0" type="cond" truecount="0" falsecount="2"/>
        <line num="1111" count="0" type="stmt"/>
        <line num="1123" count="7" type="stmt"/>
        <line num="1124" count="0" type="cond" truecount="0" falsecount="4"/>
        <line num="1125" count="0" type="stmt"/>
        <line num="1128" count="0" type="stmt"/>
        <line num="1130" count="0" type="cond" truecount="0" falsecount="5"/>
        <line num="1131" count="0" type="stmt"/>
        <line num="1134" count="0" type="cond" truecount="0" falsecount="2"/>
        <line num="1135" count="0" type="stmt"/>
        <line num="1136" count="0" type="stmt"/>
        <line num="1138" count="0" type="stmt"/>
        <line num="1139" count="0" type="cond" truecount="0" falsecount="2"/>
        <line num="1141" count="0" type="stmt"/>
        <line num="1142" count="0" type="stmt"/>
        <line num="1152" count="7" type="stmt"/>
        <line num="1153" count="0" type="cond" truecount="0" falsecount="4"/>
        <line num="1154" count="0" type="stmt"/>
        <line num="1157" count="0" type="stmt"/>
        <line num="1160" count="0" type="stmt"/>
        <line num="1166" count="0" type="cond" truecount="0" falsecount="2"/>
        <line num="1168" count="0" type="cond" truecount="0" falsecount="2"/>
        <line num="1169" count="0" type="stmt"/>
        <line num="1173" count="0" type="stmt"/>
        <line num="1177" count="0" type="stmt"/>
        <line num="1178" count="0" type="cond" truecount="0" falsecount="2"/>
        <line num="1180" count="0" type="stmt"/>
        <line num="1182" count="0" type="stmt"/>
        <line num="1195" count="7" type="stmt"/>
        <line num="1196" count="0" type="stmt"/>
        <line num="1198" count="0" type="stmt"/>
        <line num="1199" count="0" type="cond" truecount="0" falsecount="4"/>
        <line num="1200" count="0" type="stmt"/>
        <line num="1203" count="0" type="cond" truecount="0" falsecount="2"/>
        <line num="1204" count="0" type="stmt"/>
        <line num="1207" count="0" type="stmt"/>
        <line num="1211" count="0" type="stmt"/>
        <line num="1212" count="0" type="cond" truecount="0" falsecount="2"/>
        <line num="1214" count="0" type="stmt"/>
        <line num="1215" count="0" type="stmt"/>
        <line num="1225" count="7" type="stmt"/>
        <line num="1226" count="0" type="stmt"/>
        <line num="1228" count="0" type="stmt"/>
        <line num="1229" count="0" type="cond" truecount="0" falsecount="4"/>
        <line num="1230" count="0" type="stmt"/>
        <line num="1233" count="0" type="cond" truecount="0" falsecount="2"/>
        <line num="1234" count="0" type="stmt"/>
        <line num="1237" count="0" type="cond" truecount="0" falsecount="2"/>
        <line num="1238" count="0" type="stmt"/>
        <line num="1241" count="0" type="stmt"/>
        <line num="1245" count="0" type="stmt"/>
        <line num="1246" count="0" type="cond" truecount="0" falsecount="2"/>
        <line num="1248" count="0" type="stmt"/>
        <line num="1249" count="0" type="stmt"/>
        <line num="1259" count="7" type="stmt"/>
        <line num="1260" count="0" type="cond" truecount="0" falsecount="4"/>
        <line num="1261" count="0" type="stmt"/>
        <line num="1264" count="0" type="stmt"/>
        <line num="1285" count="0" type="stmt"/>
        <line num="1286" count="0" type="cond" truecount="0" falsecount="2"/>
        <line num="1287" count="0" type="stmt"/>
        <line num="1292" count="7" type="stmt"/>
        <line num="1293" count="0" type="stmt"/>
        <line num="1296" count="0" type="stmt"/>
        <line num="1304" count="0" type="stmt"/>
        <line num="1305" count="0" type="stmt"/>
        <line num="1306" count="0" type="stmt"/>
        <line num="1309" count="0" type="cond" truecount="0" falsecount="2"/>
        <line num="1310" count="0" type="stmt"/>
        <line num="1311" count="0" type="stmt"/>
        <line num="1313" count="0" type="stmt"/>
        <line num="1317" count="0" type="stmt"/>
        <line num="1318" count="0" type="cond" truecount="0" falsecount="2"/>
        <line num="1321" count="0" type="stmt"/>
        <line num="1322" count="0" type="stmt"/>
        <line num="1325" count="0" type="stmt"/>
        <line num="1330" count="7" type="stmt"/>
        <line num="1331" count="0" type="stmt"/>
        <line num="1333" count="0" type="cond" truecount="0" falsecount="6"/>
        <line num="1334" count="0" type="stmt"/>
        <line num="1339" count="0" type="stmt"/>
        <line num="1351" count="0" type="stmt"/>
        <line num="1358" count="0" type="cond" truecount="0" falsecount="2"/>
        <line num="1360" count="0" type="cond" truecount="0" falsecount="2"/>
        <line num="1361" count="0" type="stmt"/>
        <line num="1363" count="0" type="stmt"/>
        <line num="1370" count="0" type="stmt"/>
        <line num="1376" count="7" type="stmt"/>
        <line num="1377" count="0" type="stmt"/>
        <line num="1379" count="0" type="cond" truecount="0" falsecount="5"/>
        <line num="1380" count="0" type="stmt"/>
        <line num="1383" count="0" type="stmt"/>
        <line num="1390" count="0" type="stmt"/>
        <line num="1401" count="0" type="stmt"/>
        <line num="1407" count="0" type="cond" truecount="0" falsecount="2"/>
        <line num="1410" count="0" type="stmt"/>
        <line num="1411" count="0" type="stmt"/>
        <line num="1415" count="0" type="stmt"/>
        <line num="1416" count="0" type="stmt"/>
        <line num="1419" count="0" type="stmt"/>
        <line num="1424" count="7" type="stmt"/>
        <line num="1425" count="2" type="stmt"/>
        <line num="1428" count="2" type="stmt"/>
        <line num="1430" count="2" type="stmt"/>
        <line num="1431" count="2" type="cond" truecount="1" falsecount="1"/>
        <line num="1433" count="2" type="stmt"/>
        <line num="1434" count="2" type="stmt"/>
        <line num="1436" count="2" type="stmt"/>
        <line num="1437" count="40" type="stmt"/>
        <line num="1438" count="40" type="stmt"/>
        <line num="1444" count="2" type="stmt"/>
        <line num="1451" count="7" type="stmt"/>
        <line num="1452" count="0" type="stmt"/>
        <line num="1455" count="0" type="stmt"/>
        <line num="1456" count="0" type="cond" truecount="0" falsecount="2"/>
        <line num="1459" count="0" type="stmt"/>
        <line num="1460" count="0" type="cond" truecount="0" falsecount="4"/>
        <line num="1463" count="0" type="stmt"/>
        <line num="1464" count="0" type="cond" truecount="0" falsecount="2"/>
        <line num="1467" count="0" type="stmt"/>
        <line num="1468" count="0" type="cond" truecount="0" falsecount="2"/>
        <line num="1471" count="0" type="stmt"/>
        <line num="1472" count="0" type="cond" truecount="0" falsecount="2"/>
        <line num="1475" count="0" type="stmt"/>
        <line num="1476" count="0" type="cond" truecount="0" falsecount="2"/>
        <line num="1478" count="0" type="stmt"/>
        <line num="1488" count="7" type="stmt"/>
        <line num="1489" count="0" type="stmt"/>
        <line num="1498" count="0" type="stmt"/>
        <line num="1499" count="0" type="cond" truecount="0" falsecount="2"/>
        <line num="1500" count="0" type="stmt"/>
        <line num="1507" count="7" type="stmt"/>
        <line num="1508" count="0" type="stmt"/>
        <line num="1509" count="0" type="cond" truecount="0" falsecount="2"/>
        <line num="1510" count="0" type="stmt"/>
        <line num="1515" count="7" type="stmt"/>
        <line num="1516" count="0" type="stmt"/>
        <line num="1517" count="0" type="cond" truecount="0" falsecount="2"/>
        <line num="1518" count="0" type="stmt"/>
        <line num="1523" count="7" type="stmt"/>
        <line num="1524" count="0" type="cond" truecount="0" falsecount="4"/>
        <line num="1525" count="0" type="stmt"/>
        <line num="1528" count="0" type="stmt"/>
        <line num="1547" count="0" type="stmt"/>
        <line num="1548" count="0" type="cond" truecount="0" falsecount="2"/>
        <line num="1549" count="0" type="stmt"/>
        <line num="1554" count="7" type="stmt"/>
        <line num="1555" count="0" type="stmt"/>
        <line num="1556" count="0" type="cond" truecount="0" falsecount="2"/>
        <line num="1557" count="0" type="stmt"/>
        <line num="1562" count="7" type="stmt"/>
        <line num="1563" count="0" type="stmt"/>
        <line num="1564" count="0" type="cond" truecount="0" falsecount="2"/>
        <line num="1565" count="0" type="stmt"/>
        <line num="1570" count="7" type="stmt"/>
        <line num="1571" count="0" type="stmt"/>
        <line num="1572" count="0" type="cond" truecount="0" falsecount="2"/>
        <line num="1573" count="0" type="stmt"/>
        <line num="1578" count="7" type="stmt"/>
        <line num="1579" count="0" type="stmt"/>
        <line num="1598" count="0" type="stmt"/>
        <line num="1599" count="0" type="cond" truecount="0" falsecount="2"/>
        <line num="1600" count="0" type="stmt"/>
        <line num="1601" count="0" type="stmt"/>
        <line num="1603" count="0" type="stmt"/>
        <line num="1608" count="7" type="stmt"/>
        <line num="1609" count="0" type="stmt"/>
        <line num="1610" count="0" type="stmt"/>
        <line num="1613" count="0" type="stmt"/>
        <line num="1615" count="0" type="cond" truecount="0" falsecount="4"/>
        <line num="1616" count="0" type="stmt"/>
        <line num="1619" count="0" type="stmt"/>
        <line num="1629" count="0" type="stmt"/>
        <line num="1652" count="0" type="stmt"/>
        <line num="1653" count="0" type="cond" truecount="0" falsecount="4"/>
        <line num="1655" count="0" type="stmt"/>
        <line num="1656" count="0" type="stmt"/>
        <line num="1657" count="0" type="cond" truecount="0" falsecount="4"/>
        <line num="1658" count="0" type="stmt"/>
        <line num="1659" count="0" type="stmt"/>
        <line num="1660" count="0" type="stmt"/>
        <line num="1662" count="0" type="stmt"/>
        <line num="1671" count="0" type="stmt"/>
        <line num="1690" count="0" type="stmt"/>
        <line num="1691" count="0" type="cond" truecount="0" falsecount="4"/>
        <line num="1692" count="0" type="stmt"/>
        <line num="1693" count="0" type="stmt"/>
        <line num="1694" count="0" type="stmt"/>
        <line num="1696" count="0" type="cond" truecount="0" falsecount="5"/>
        <line num="1697" count="0" type="stmt"/>
        <line num="1698" count="0" type="stmt"/>
        <line num="1699" count="0" type="stmt"/>
        <line num="1702" count="0" type="stmt"/>
        <line num="1703" count="0" type="stmt"/>
        <line num="1704" count="0" type="stmt"/>
        <line num="1707" count="0" type="stmt"/>
        <line num="1708" count="0" type="cond" truecount="0" falsecount="2"/>
        <line num="1710" count="0" type="stmt"/>
        <line num="1713" count="0" type="stmt"/>
        <line num="1722" count="0" type="stmt"/>
        <line num="1738" count="0" type="stmt"/>
        <line num="1739" count="0" type="cond" truecount="0" falsecount="4"/>
        <line num="1740" count="0" type="stmt"/>
        <line num="1741" count="0" type="stmt"/>
        <line num="1742" count="0" type="stmt"/>
        <line num="1743" count="0" type="stmt"/>
        <line num="1744" count="0" type="stmt"/>
        <line num="1754" count="0" type="stmt"/>
        <line num="1769" count="0" type="stmt"/>
        <line num="1770" count="0" type="cond" truecount="0" falsecount="4"/>
        <line num="1771" count="0" type="stmt"/>
        <line num="1775" count="0" type="stmt"/>
        <line num="1791" count="0" type="stmt"/>
        <line num="1792" count="0" type="cond" truecount="0" falsecount="4"/>
        <line num="1793" count="0" type="stmt"/>
        <line num="1796" count="0" type="stmt"/>
        <line num="1797" count="0" type="stmt"/>
        <line num="1807" count="7" type="stmt"/>
        <line num="1808" count="0" type="stmt"/>
        <line num="1809" count="0" type="cond" truecount="0" falsecount="2"/>
        <line num="1810" count="0" type="stmt"/>
        <line num="1815" count="7" type="stmt"/>
        <line num="1816" count="0" type="stmt"/>
        <line num="1817" count="0" type="cond" truecount="0" falsecount="2"/>
        <line num="1818" count="0" type="stmt"/>
        <line num="1824" count="7" type="stmt"/>
        <line num="1825" count="7" type="stmt"/>
        <line num="1826" count="7" type="stmt"/>
        <line num="1829" count="7" type="stmt"/>
        <line num="1830" count="2" type="stmt"/>
        <line num="1831" count="2" type="stmt"/>
        <line num="1834" count="2" type="stmt"/>
        <line num="1836" count="2" type="stmt"/>
        <line num="1845" count="0" type="stmt"/>
        <line num="1848" count="0" type="stmt"/>
        <line num="1856" count="0" type="cond" truecount="0" falsecount="2"/>
        <line num="1857" count="0" type="stmt"/>
        <line num="1861" count="0" type="stmt"/>
        <line num="1862" count="0" type="stmt"/>
        <line num="1870" count="2" type="stmt"/>
        <line num="1871" count="2" type="stmt"/>
        <line num="1878" count="0" type="stmt"/>
        <line num="1880" count="0" type="stmt"/>
        <line num="1881" count="0" type="cond" truecount="0" falsecount="2"/>
        <line num="1882" count="0" type="stmt"/>
        <line num="1883" count="0" type="stmt"/>
        <line num="1887" count="0" type="stmt"/>
        <line num="1888" count="0" type="cond" truecount="0" falsecount="4"/>
        <line num="1889" count="0" type="stmt"/>
        <line num="1890" count="0" type="stmt"/>
        <line num="1894" count="0" type="stmt"/>
        <line num="1900" count="0" type="cond" truecount="0" falsecount="2"/>
        <line num="1901" count="0" type="stmt"/>
        <line num="1904" count="0" type="stmt"/>
        <line num="1910" count="0" type="cond" truecount="0" falsecount="4"/>
        <line num="1911" count="0" type="stmt"/>
        <line num="1912" count="0" type="stmt"/>
        <line num="1913" count="0" type="stmt"/>
        <line num="1916" count="0" type="stmt"/>
        <line num="1937" count="0" type="cond" truecount="0" falsecount="2"/>
        <line num="1939" count="0" type="stmt"/>
        <line num="1941" count="0" type="stmt"/>
        <line num="1949" count="0" type="stmt"/>
        <line num="1951" count="0" type="stmt"/>
        <line num="1954" count="0" type="stmt"/>
        <line num="1963" count="0" type="stmt"/>
        <line num="1969" count="0" type="cond" truecount="0" falsecount="2"/>
        <line num="1970" count="0" type="stmt"/>
        <line num="1976" count="0" type="cond" truecount="0" falsecount="2"/>
        <line num="1977" count="0" type="stmt"/>
        <line num="1978" count="0" type="cond" truecount="0" falsecount="2"/>
        <line num="1979" count="0" type="stmt"/>
        <line num="1981" count="0" type="cond" truecount="0" falsecount="2"/>
        <line num="1983" count="0" type="stmt"/>
        <line num="1985" count="0" type="cond" truecount="0" falsecount="2"/>
        <line num="1988" count="0" type="stmt"/>
        <line num="1994" count="0" type="cond" truecount="0" falsecount="5"/>
        <line num="1996" count="0" type="stmt"/>
        <line num="1998" count="0" type="cond" truecount="0" falsecount="2"/>
        <line num="2000" count="0" type="stmt"/>
        <line num="2006" count="0" type="cond" truecount="0" falsecount="2"/>
        <line num="2007" count="0" type="stmt"/>
        <line num="2016" count="0" type="stmt"/>
        <line num="2020" count="0" type="stmt"/>
        <line num="2027" count="7" type="stmt"/>
        <line num="2028" count="0" type="stmt"/>
        <line num="2030" count="0" type="stmt"/>
        <line num="2031" count="0" type="stmt"/>
        <line num="2032" count="0" type="stmt"/>
        <line num="2034" count="0" type="cond" truecount="0" falsecount="2"/>
        <line num="2036" count="0" type="stmt"/>
        <line num="2037" count="0" type="cond" truecount="0" falsecount="4"/>
        <line num="2038" count="0" type="stmt"/>
        <line num="2041" count="0" type="cond" truecount="0" falsecount="2"/>
        <line num="2043" count="0" type="stmt"/>
        <line num="2044" count="0" type="cond" truecount="0" falsecount="2"/>
        <line num="2045" count="0" type="stmt"/>
        <line num="2046" count="0" type="stmt"/>
        <line num="2056" count="0" type="stmt"/>
        <line num="2058" count="0" type="stmt"/>
        <line num="2061" count="0" type="stmt"/>
        <line num="2062" count="0" type="stmt"/>
        <line num="2066" count="7" type="stmt"/>
        <line num="2067" count="1" type="stmt"/>
        <line num="2068" count="1" type="stmt"/>
        <line num="2069" count="1" type="stmt"/>
        <line num="2071" count="0" type="cond" truecount="0" falsecount="2"/>
        <line num="2072" count="0" type="stmt"/>
        <line num="2075" count="0" type="stmt"/>
        <line num="2076" count="0" type="stmt"/>
        <line num="2081" count="1" type="stmt"/>
        <line num="2082" count="1" type="stmt"/>
        <line num="2087" count="7" type="stmt"/>
        <line num="2088" count="0" type="cond" truecount="0" falsecount="2"/>
        <line num="2089" count="0" type="stmt"/>
        <line num="2099" count="0" type="stmt"/>
        <line num="2104" count="7" type="stmt"/>
        <line num="2105" count="1" type="stmt"/>
        <line num="2106" count="1" type="stmt"/>
        <line num="2108" count="1" type="cond" truecount="1" falsecount="1"/>
        <line num="2109" count="1" type="stmt"/>
        <line num="2110" count="1" type="stmt"/>
        <line num="2113" count="0" type="stmt"/>
        <line num="2115" count="0" type="cond" truecount="0" falsecount="2"/>
        <line num="2116" count="0" type="stmt"/>
        <line num="2117" count="0" type="stmt"/>
        <line num="2118" count="0" type="stmt"/>
        <line num="2121" count="0" type="stmt"/>
        <line num="2123" count="0" type="stmt"/>
        <line num="2124" count="0" type="stmt"/>
        <line num="2131" count="7" type="stmt"/>
        <line num="2132" count="0" type="stmt"/>
        <line num="2133" count="0" type="stmt"/>
        <line num="2135" count="0" type="cond" truecount="0" falsecount="2"/>
        <line num="2137" count="0" type="cond" truecount="0" falsecount="2"/>
        <line num="2138" count="0" type="stmt"/>
        <line num="2140" count="0" type="stmt"/>
        <line num="2143" count="0" type="stmt"/>
        <line num="2144" count="0" type="stmt"/>
        <line num="2150" count="7" type="stmt"/>
        <line num="2153" count="7" type="stmt"/>
        <line num="2154" count="0" type="stmt"/>
        <line num="2155" count="0" type="cond" truecount="0" falsecount="2"/>
        <line num="2156" count="0" type="stmt"/>
        <line num="2159" count="0" type="stmt"/>
        <line num="2160" count="0" type="stmt"/>
        <line num="2169" count="0" type="stmt"/>
        <line num="2170" count="0" type="stmt"/>
        <line num="2175" count="7" type="stmt"/>
        <line num="2176" count="0" type="stmt"/>
        <line num="2177" count="0" type="cond" truecount="0" falsecount="2"/>
        <line num="2178" count="0" type="stmt"/>
        <line num="2181" count="0" type="stmt"/>
        <line num="2182" count="0" type="stmt"/>
        <line num="2191" count="0" type="stmt"/>
        <line num="2192" count="0" type="stmt"/>
        <line num="2199" count="7" type="stmt"/>
        <line num="2205" count="0" type="stmt"/>
        <line num="2207" count="0" type="stmt"/>
        <line num="2214" count="0" type="stmt"/>
        <line num="2221" count="0" type="stmt"/>
        <line num="2222" count="0" type="cond" truecount="0" falsecount="2"/>
        <line num="2223" count="0" type="stmt"/>
        <line num="2224" count="0" type="stmt"/>
        <line num="2228" count="0" type="stmt"/>
        <line num="2229" count="0" type="stmt"/>
        <line num="2231" count="0" type="stmt"/>
        <line num="2232" count="0" type="stmt"/>
        <line num="2237" count="7" type="stmt"/>
        <line num="2238" count="0" type="stmt"/>
        <line num="2239" count="0" type="stmt"/>
        <line num="2242" count="0" type="stmt"/>
        <line num="2243" count="0" type="cond" truecount="0" falsecount="4"/>
        <line num="2244" count="0" type="stmt"/>
        <line num="2247" count="0" type="stmt"/>
        <line num="2250" count="0" type="stmt"/>
        <line num="2251" count="0" type="cond" truecount="0" falsecount="2"/>
        <line num="2252" count="0" type="stmt"/>
        <line num="2253" count="0" type="stmt"/>
        <line num="2257" count="0" type="stmt"/>
        <line num="2263" count="0" type="stmt"/>
        <line num="2264" count="0" type="stmt"/>
        <line num="2270" count="7" type="stmt"/>
        <line num="2272" count="0" type="stmt"/>
        <line num="2274" count="0" type="stmt"/>
        <line num="2278" count="0" type="stmt"/>
        <line num="2280" count="0" type="cond" truecount="0" falsecount="2"/>
        <line num="2281" count="0" type="stmt"/>
        <line num="2282" count="0" type="stmt"/>
        <line num="2286" count="0" type="stmt"/>
        <line num="2291" count="0" type="stmt"/>
        <line num="2292" count="0" type="stmt"/>
        <line num="2297" count="7" type="stmt"/>
        <line num="2298" count="0" type="stmt"/>
        <line num="2300" count="0" type="stmt"/>
        <line num="2301" count="0" type="stmt"/>
        <line num="2302" count="0" type="stmt"/>
        <line num="2304" count="0" type="stmt"/>
        <line num="2308" count="0" type="stmt"/>
        <line num="2309" count="0" type="cond" truecount="0" falsecount="2"/>
        <line num="2310" count="0" type="stmt"/>
        <line num="2311" count="0" type="stmt"/>
        <line num="2315" count="0" type="cond" truecount="0" falsecount="2"/>
        <line num="2316" count="0" type="stmt"/>
        <line num="2324" count="0" type="stmt"/>
        <line num="2325" count="0" type="stmt"/>
        <line num="2336" count="7" type="stmt"/>
        <line num="2337" count="0" type="cond" truecount="0" falsecount="4"/>
        <line num="2338" count="0" type="stmt"/>
        <line num="2340" count="0" type="stmt"/>
        <line num="2346" count="7" type="stmt"/>
        <line num="2347" count="0" type="stmt"/>
        <line num="2349" count="0" type="stmt"/>
        <line num="2350" count="0" type="cond" truecount="0" falsecount="2"/>
        <line num="2351" count="0" type="stmt"/>
        <line num="2352" count="0" type="stmt"/>
        <line num="2354" count="0" type="stmt"/>
        <line num="2359" count="7" type="stmt"/>
        <line num="2360" count="0" type="stmt"/>
        <line num="2361" count="0" type="stmt"/>
        <line num="2362" count="0" type="stmt"/>
        <line num="2365" count="0" type="cond" truecount="0" falsecount="2"/>
        <line num="2366" count="0" type="stmt"/>
        <line num="2370" count="0" type="stmt"/>
        <line num="2372" count="0" type="stmt"/>
        <line num="2374" count="0" type="stmt"/>
        <line num="2375" count="0" type="cond" truecount="0" falsecount="2"/>
        <line num="2376" count="0" type="stmt"/>
        <line num="2377" count="0" type="cond" truecount="0" falsecount="2"/>
        <line num="2378" count="0" type="stmt"/>
        <line num="2380" count="0" type="stmt"/>
        <line num="2383" count="0" type="stmt"/>
        <line num="2384" count="0" type="stmt"/>
        <line num="2387" count="0" type="stmt"/>
        <line num="2388" count="0" type="stmt"/>
        <line num="2393" count="7" type="stmt"/>
        <line num="2394" count="0" type="stmt"/>
        <line num="2395" count="0" type="stmt"/>
        <line num="2396" count="0" type="stmt"/>
        <line num="2399" count="0" type="cond" truecount="0" falsecount="4"/>
        <line num="2400" count="0" type="stmt"/>
        <line num="2403" count="0" type="stmt"/>
        <line num="2404" count="0" type="stmt"/>
        <line num="2405" count="0" type="stmt"/>
        <line num="2407" count="0" type="cond" truecount="0" falsecount="2"/>
        <line num="2408" count="0" type="stmt"/>
        <line num="2409" count="0" type="stmt"/>
        <line num="2411" count="0" type="cond" truecount="0" falsecount="2"/>
        <line num="2412" count="0" type="cond" truecount="0" falsecount="2"/>
        <line num="2413" count="0" type="stmt"/>
        <line num="2415" count="0" type="stmt"/>
        <line num="2416" count="0" type="stmt"/>
        <line num="2418" count="0" type="cond" truecount="0" falsecount="2"/>
        <line num="2419" count="0" type="stmt"/>
        <line num="2420" count="0" type="stmt"/>
        <line num="2423" count="0" type="cond" truecount="0" falsecount="2"/>
        <line num="2424" count="0" type="stmt"/>
        <line num="2427" count="0" type="stmt"/>
        <line num="2428" count="0" type="stmt"/>
        <line num="2430" count="0" type="stmt"/>
        <line num="2431" count="0" type="cond" truecount="0" falsecount="2"/>
        <line num="2432" count="0" type="stmt"/>
        <line num="2433" count="0" type="stmt"/>
        <line num="2436" count="0" type="stmt"/>
        <line num="2437" count="0" type="stmt"/>
        <line num="2440" count="0" type="stmt"/>
        <line num="2441" count="0" type="stmt"/>
        <line num="2446" count="7" type="stmt"/>
        <line num="2447" count="0" type="stmt"/>
        <line num="2450" count="0" type="cond" truecount="0" falsecount="2"/>
        <line num="2451" count="0" type="stmt"/>
        <line num="2454" count="0" type="stmt"/>
        <line num="2456" count="0" type="stmt"/>
        <line num="2457" count="0" type="cond" truecount="0" falsecount="2"/>
        <line num="2458" count="0" type="stmt"/>
        <line num="2459" count="0" type="stmt"/>
        <line num="2462" count="0" type="stmt"/>
        <line num="2463" count="0" type="stmt"/>
        <line num="2468" count="7" type="stmt"/>
        <line num="2469" count="0" type="stmt"/>
        <line num="2470" count="0" type="stmt"/>
        <line num="2471" count="0" type="stmt"/>
        <line num="2472" count="0" type="stmt"/>
        <line num="2474" count="0" type="cond" truecount="0" falsecount="4"/>
        <line num="2475" count="0" type="stmt"/>
        <line num="2478" count="0" type="stmt"/>
        <line num="2480" count="0" type="stmt"/>
        <line num="2482" count="0" type="stmt"/>
        <line num="2483" count="0" type="cond" truecount="0" falsecount="2"/>
        <line num="2484" count="0" type="stmt"/>
        <line num="2485" count="0" type="stmt"/>
        <line num="2488" count="0" type="stmt"/>
        <line num="2489" count="0" type="stmt"/>
        <line num="2492" count="0" type="stmt"/>
        <line num="2493" count="0" type="stmt"/>
        <line num="2501" count="7" type="stmt"/>
        <line num="2502" count="4" type="stmt"/>
        <line num="2504" count="4" type="cond" truecount="6" falsecount="0"/>
        <line num="2505" count="3" type="stmt"/>
        <line num="2508" count="1" type="stmt"/>
        <line num="2509" count="1" type="stmt"/>
        <line num="2510" count="1" type="stmt"/>
        <line num="2512" count="1" type="stmt"/>
        <line num="2515" count="1" type="stmt"/>
        <line num="2516" count="1" type="cond" truecount="1" falsecount="1"/>
        <line num="2517" count="0" type="cond" truecount="0" falsecount="2"/>
        <line num="2518" count="0" type="stmt"/>
        <line num="2520" count="0" type="stmt"/>
        <line num="2523" count="1" type="stmt"/>
        <line num="2529" count="0" type="stmt"/>
        <line num="2534" count="7" type="stmt"/>
        <line num="2535" count="1" type="stmt"/>
        <line num="2537" count="1" type="cond" truecount="2" falsecount="2"/>
        <line num="2538" count="1" type="stmt"/>
        <line num="2541" count="0" type="stmt"/>
        <line num="2543" count="0" type="stmt"/>
        <line num="2544" count="0" type="cond" truecount="0" falsecount="2"/>
        <line num="2545" count="0" type="stmt"/>
        <line num="2548" count="0" type="cond" truecount="0" falsecount="2"/>
        <line num="2549" count="0" type="stmt"/>
        <line num="2552" count="0" type="stmt"/>
        <line num="2553" count="0" type="stmt"/>
        <line num="2554" count="0" type="stmt"/>
        <line num="2556" count="0" type="cond" truecount="0" falsecount="2"/>
        <line num="2557" count="0" type="stmt"/>
        <line num="2561" count="0" type="stmt"/>
        <line num="2564" count="0" type="stmt"/>
        <line num="2572" count="0" type="stmt"/>
        <line num="2583" count="0" type="stmt"/>
        <line num="2589" count="7" type="stmt"/>
        <line num="2590" count="0" type="stmt"/>
        <line num="2591" count="0" type="cond" truecount="0" falsecount="2"/>
        <line num="2592" count="0" type="stmt"/>
        <line num="2594" count="0" type="stmt"/>
        <line num="2599" count="7" type="stmt"/>
        <line num="2600" count="0" type="stmt"/>
        <line num="2602" count="0" type="cond" truecount="0" falsecount="2"/>
        <line num="2603" count="0" type="stmt"/>
        <line num="2606" count="0" type="stmt"/>
        <line num="2608" count="0" type="stmt"/>
        <line num="2609" count="0" type="cond" truecount="0" falsecount="2"/>
        <line num="2610" count="0" type="stmt"/>
        <line num="2614" count="0" type="cond" truecount="0" falsecount="2"/>
        <line num="2615" count="0" type="stmt"/>
        <line num="2619" count="0" type="stmt"/>
        <line num="2620" count="0" type="stmt"/>
        <line num="2621" count="0" type="stmt"/>
        <line num="2624" count="0" type="stmt"/>
        <line num="2627" count="0" type="cond" truecount="0" falsecount="2"/>
        <line num="2628" count="0" type="stmt"/>
        <line num="2632" count="0" type="stmt"/>
        <line num="2633" count="0" type="stmt"/>
        <line num="2635" count="0" type="stmt"/>
        <line num="2640" count="0" type="stmt"/>
        <line num="2645" count="7" type="stmt"/>
        <line num="2646" count="0" type="stmt"/>
        <line num="2648" count="0" type="cond" truecount="0" falsecount="4"/>
        <line num="2649" count="0" type="stmt"/>
        <line num="2652" count="0" type="cond" truecount="0" falsecount="2"/>
        <line num="2653" count="0" type="stmt"/>
        <line num="2656" count="0" type="stmt"/>
        <line num="2658" count="0" type="stmt"/>
        <line num="2661" count="0" type="cond" truecount="0" falsecount="4"/>
        <line num="2662" count="0" type="stmt"/>
        <line num="2666" count="0" type="stmt"/>
        <line num="2667" count="0" type="stmt"/>
        <line num="2670" count="0" type="stmt"/>
        <line num="2673" count="0" type="cond" truecount="0" falsecount="2"/>
        <line num="2674" count="0" type="stmt"/>
        <line num="2677" count="0" type="stmt"/>
        <line num="2683" count="0" type="stmt"/>
        <line num="2688" count="7" type="stmt"/>
        <line num="2689" count="1" type="cond" truecount="1" falsecount="1"/>
        <line num="2690" count="0" type="stmt"/>
        <line num="2695" count="1" type="stmt"/>
        <line num="2700" count="7" type="stmt"/>
        <line num="2701" count="0" type="cond" truecount="0" falsecount="2"/>
        <line num="2702" count="0" type="stmt"/>
        <line num="2704" count="0" type="stmt"/>
        <line num="2708" count="7" type="stmt"/>
        <line num="2709" count="0" type="stmt"/>
        <line num="2710" count="0" type="stmt"/>
        <line num="2712" count="0" type="stmt"/>
        <line num="2721" count="0" type="cond" truecount="0" falsecount="4"/>
        <line num="2722" count="0" type="stmt"/>
        <line num="2730" count="0" type="stmt"/>
        <line num="2731" count="0" type="cond" truecount="0" falsecount="4"/>
        <line num="2734" count="0" type="cond" truecount="0" falsecount="4"/>
        <line num="2735" count="0" type="stmt"/>
        <line num="2742" count="0" type="stmt"/>
        <line num="2743" count="0" type="cond" truecount="0" falsecount="2"/>
        <line num="2746" count="0" type="stmt"/>
        <line num="2753" count="0" type="stmt"/>
        <line num="2754" count="0" type="cond" truecount="0" falsecount="4"/>
        <line num="2755" count="0" type="stmt"/>
        <line num="2759" count="0" type="stmt"/>
        <line num="2762" count="0" type="cond" truecount="0" falsecount="2"/>
        <line num="2764" count="0" type="stmt"/>
        <line num="2771" count="0" type="stmt"/>
        <line num="2772" count="0" type="cond" truecount="0" falsecount="2"/>
        <line num="2774" count="0" type="stmt"/>
        <line num="2781" count="0" type="stmt"/>
        <line num="2782" count="0" type="cond" truecount="0" falsecount="4"/>
        <line num="2783" count="0" type="stmt"/>
        <line num="2790" count="7" type="stmt"/>
        <line num="2791" count="0" type="stmt"/>
        <line num="2793" count="0" type="stmt"/>
        <line num="2800" count="0" type="stmt"/>
        <line num="2801" count="0" type="cond" truecount="0" falsecount="2"/>
        <line num="2802" count="0" type="stmt"/>
        <line num="2805" count="0" type="cond" truecount="0" falsecount="2"/>
        <line num="2806" count="0" type="stmt"/>
        <line num="2810" count="0" type="stmt"/>
        <line num="2811" count="0" type="stmt"/>
        <line num="2812" count="0" type="stmt"/>
        <line num="2814" count="0" type="stmt"/>
        <line num="2824" count="7" type="stmt"/>
        <line num="2825" count="0" type="stmt"/>
        <line num="2826" count="0" type="stmt"/>
        <line num="2828" count="0" type="cond" truecount="0" falsecount="4"/>
        <line num="2829" count="0" type="stmt"/>
        <line num="2832" count="0" type="stmt"/>
        <line num="2837" count="0" type="stmt"/>
        <line num="2838" count="0" type="cond" truecount="0" falsecount="2"/>
        <line num="2839" count="0" type="stmt"/>
        <line num="2842" count="0" type="stmt"/>
        <line num="2850" count="7" type="stmt"/>
        <line num="2851" count="0" type="stmt"/>
        <line num="2852" count="0" type="stmt"/>
        <line num="2854" count="0" type="cond" truecount="0" falsecount="4"/>
        <line num="2855" count="0" type="stmt"/>
        <line num="2858" count="0" type="cond" truecount="0" falsecount="2"/>
        <line num="2859" count="0" type="stmt"/>
        <line num="2862" count="0" type="stmt"/>
        <line num="2864" count="0" type="stmt"/>
        <line num="2865" count="0" type="cond" truecount="0" falsecount="4"/>
        <line num="2866" count="0" type="stmt"/>
        <line num="2870" count="0" type="stmt"/>
        <line num="2871" count="0" type="stmt"/>
        <line num="2873" count="0" type="cond" truecount="0" falsecount="2"/>
        <line num="2874" count="0" type="stmt"/>
        <line num="2878" count="0" type="stmt"/>
        <line num="2881" count="0" type="stmt"/>
        <line num="2882" count="0" type="stmt"/>
        <line num="2883" count="0" type="cond" truecount="0" falsecount="2"/>
        <line num="2884" count="0" type="stmt"/>
        <line num="2888" count="0" type="stmt"/>
        <line num="2890" count="0" type="stmt"/>
        <line num="2894" count="0" type="stmt"/>
        <line num="2899" count="7" type="stmt"/>
        <line num="2900" count="0" type="stmt"/>
        <line num="2902" count="0" type="stmt"/>
        <line num="2904" count="0" type="stmt"/>
        <line num="2905" count="0" type="cond" truecount="0" falsecount="2"/>
        <line num="2906" count="0" type="stmt"/>
        <line num="2908" count="0" type="stmt"/>
        <line num="2913" count="7" type="stmt"/>
        <line num="2914" count="0" type="stmt"/>
        <line num="2915" count="0" type="stmt"/>
        <line num="2917" count="0" type="stmt"/>
        <line num="2919" count="0" type="stmt"/>
        <line num="2920" count="0" type="cond" truecount="0" falsecount="2"/>
        <line num="2921" count="0" type="stmt"/>
        <line num="2923" count="0" type="stmt"/>
        <line num="2925" count="0" type="stmt"/>
        <line num="2932" count="7" type="stmt"/>
        <line num="2933" count="0" type="stmt"/>
        <line num="2934" count="0" type="stmt"/>
        <line num="2935" count="0" type="stmt"/>
        <line num="2936" count="0" type="stmt"/>
        <line num="2939" count="0" type="stmt"/>
        <line num="2940" count="0" type="stmt"/>
        <line num="2942" count="0" type="stmt"/>
        <line num="2945" count="0" type="stmt"/>
        <line num="2946" count="0" type="cond" truecount="0" falsecount="2"/>
        <line num="2947" count="0" type="stmt"/>
        <line num="2948" count="0" type="stmt"/>
        <line num="2952" count="0" type="stmt"/>
        <line num="2953" count="0" type="stmt"/>
        <line num="2956" count="0" type="stmt"/>
        <line num="2957" count="0" type="stmt"/>
        <line num="2965" count="0" type="stmt"/>
        <line num="2970" count="7" type="stmt"/>
        <line num="2971" count="0" type="stmt"/>
        <line num="2972" count="0" type="stmt"/>
        <line num="2973" count="0" type="stmt"/>
        <line num="2976" count="0" type="stmt"/>
        <line num="2977" count="0" type="cond" truecount="0" falsecount="4"/>
        <line num="2978" count="0" type="stmt"/>
        <line num="2982" count="0" type="stmt"/>
        <line num="2984" count="0" type="stmt"/>
        <line num="2989" count="0" type="stmt"/>
        <line num="2990" count="0" type="cond" truecount="0" falsecount="2"/>
        <line num="2991" count="0" type="stmt"/>
        <line num="2992" count="0" type="stmt"/>
        <line num="2995" count="0" type="stmt"/>
        <line num="2996" count="0" type="stmt"/>
        <line num="3006" count="0" type="stmt"/>
        <line num="3011" count="7" type="stmt"/>
        <line num="3012" count="0" type="stmt"/>
        <line num="3014" count="0" type="cond" truecount="0" falsecount="4"/>
        <line num="3015" count="0" type="stmt"/>
        <line num="3018" count="0" type="stmt"/>
        <line num="3019" count="0" type="stmt"/>
        <line num="3022" count="0" type="cond" truecount="0" falsecount="2"/>
        <line num="3024" count="0" type="stmt"/>
        <line num="3025" count="0" type="cond" truecount="0" falsecount="2"/>
        <line num="3026" count="0" type="stmt"/>
        <line num="3028" count="0" type="stmt"/>
        <line num="3029" count="0" type="stmt"/>
        <line num="3030" count="0" type="cond" truecount="0" falsecount="4"/>
        <line num="3032" count="0" type="stmt"/>
        <line num="3033" count="0" type="stmt"/>
        <line num="3035" count="0" type="stmt"/>
        <line num="3038" count="0" type="stmt"/>
        <line num="3043" count="0" type="stmt"/>
        <line num="3044" count="0" type="stmt"/>
        <line num="3051" count="7" type="stmt"/>
        <line num="3052" count="0" type="stmt"/>
        <line num="3053" count="0" type="stmt"/>
        <line num="3056" count="0" type="stmt"/>
        <line num="3073" count="0" type="stmt"/>
        <line num="3074" count="0" type="cond" truecount="0" falsecount="2"/>
        <line num="3075" count="0" type="stmt"/>
        <line num="3079" count="0" type="stmt"/>
        <line num="3080" count="0" type="cond" truecount="0" falsecount="4"/>
        <line num="3081" count="0" type="stmt"/>
        <line num="3085" count="0" type="stmt"/>
        <line num="3093" count="7" type="stmt"/>
        <line num="3094" count="0" type="stmt"/>
        <line num="3095" count="0" type="stmt"/>
        <line num="3096" count="0" type="stmt"/>
        <line num="3097" count="0" type="stmt"/>
        <line num="3098" count="0" type="stmt"/>
        <line num="3101" count="0" type="stmt"/>
        <line num="3108" count="0" type="cond" truecount="0" falsecount="4"/>
        <line num="3109" count="0" type="stmt"/>
        <line num="3112" count="0" type="cond" truecount="0" falsecount="2"/>
        <line num="3113" count="0" type="stmt"/>
        <line num="3116" count="0" type="cond" truecount="0" falsecount="3"/>
        <line num="3118" count="0" type="cond" truecount="0" falsecount="2"/>
        <line num="3119" count="0" type="stmt"/>
        <line num="3123" count="0" type="stmt"/>
        <line num="3124" count="0" type="stmt"/>
        <line num="3137" count="0" type="stmt"/>
        <line num="3143" count="0" type="stmt"/>
        <line num="3151" count="0" type="stmt"/>
        <line num="3152" count="0" type="stmt"/>
        <line num="3159" count="0" type="stmt"/>
        <line num="3160" count="0" type="stmt"/>
        <line num="3165" count="0" type="stmt"/>
        <line num="3170" count="7" type="stmt"/>
        <line num="3171" count="0" type="stmt"/>
        <line num="3173" count="0" type="stmt"/>
        <line num="3187" count="0" type="stmt"/>
        <line num="3188" count="0" type="cond" truecount="0" falsecount="2"/>
        <line num="3189" count="0" type="stmt"/>
        <line num="3192" count="0" type="stmt"/>
        <line num="3200" count="7" type="stmt"/>
        <line num="3201" count="0" type="stmt"/>
        <line num="3203" count="0" type="stmt"/>
        <line num="3205" count="0" type="cond" truecount="0" falsecount="4"/>
        <line num="3207" count="0" type="cond" truecount="0" falsecount="2"/>
        <line num="3209" count="0" type="stmt"/>
        <line num="3210" count="0" type="cond" truecount="0" falsecount="2"/>
        <line num="3211" count="0" type="stmt"/>
        <line num="3217" count="7" type="stmt"/>
        <line num="3218" count="0" type="stmt"/>
        <line num="3220" count="0" type="stmt"/>
        <line num="3222" count="0" type="cond" truecount="0" falsecount="4"/>
        <line num="3224" count="0" type="cond" truecount="0" falsecount="2"/>
        <line num="3225" count="0" type="cond" truecount="0" falsecount="2"/>
        <line num="3227" count="0" type="stmt"/>
        <line num="3228" count="0" type="cond" truecount="0" falsecount="2"/>
        <line num="3229" count="0" type="stmt"/>
        <line num="3235" count="7" type="stmt"/>
        <line num="3236" count="0" type="stmt"/>
        <line num="3238" count="0" type="stmt"/>
        <line num="3243" count="0" type="stmt"/>
        <line num="3244" count="0" type="cond" truecount="0" falsecount="2"/>
        <line num="3245" count="0" type="stmt"/>
        <line num="3251" count="7" type="stmt"/>
        <line num="3254" count="7" type="stmt"/>
        <line num="3255" count="0" type="stmt"/>
        <line num="3256" count="0" type="stmt"/>
        <line num="3257" count="0" type="stmt"/>
        <line num="3262" count="0" type="stmt"/>
        <line num="3263" count="0" type="stmt"/>
        <line num="3268" count="7" type="stmt"/>
        <line num="3269" count="0" type="stmt"/>
        <line num="3270" count="0" type="stmt"/>
        <line num="3271" count="0" type="stmt"/>
        <line num="3272" count="0" type="stmt"/>
        <line num="3278" count="0" type="stmt"/>
        <line num="3279" count="0" type="stmt"/>
        <line num="3284" count="7" type="stmt"/>
        <line num="3285" count="0" type="stmt"/>
        <line num="3286" count="0" type="stmt"/>
        <line num="3287" count="0" type="cond" truecount="0" falsecount="2"/>
        <line num="3288" count="0" type="stmt"/>
        <line num="3291" count="0" type="stmt"/>
        <line num="3292" count="0" type="stmt"/>
        <line num="3297" count="0" type="stmt"/>
        <line num="3298" count="0" type="stmt"/>
        <line num="3303" count="7" type="stmt"/>
        <line num="3304" count="0" type="stmt"/>
        <line num="3305" count="0" type="stmt"/>
        <line num="3306" count="0" type="stmt"/>
        <line num="3307" count="0" type="stmt"/>
        <line num="3309" count="0" type="stmt"/>
        <line num="3310" count="0" type="stmt"/>
        <line num="3315" count="7" type="stmt"/>
        <line num="3316" count="0" type="stmt"/>
        <line num="3317" count="0" type="stmt"/>
        <line num="3318" count="0" type="stmt"/>
        <line num="3319" count="0" type="stmt"/>
        <line num="3320" count="0" type="stmt"/>
        <line num="3322" count="0" type="cond" truecount="0" falsecount="2"/>
        <line num="3323" count="0" type="stmt"/>
        <line num="3326" count="0" type="stmt"/>
        <line num="3328" count="0" type="stmt"/>
        <line num="3329" count="0" type="stmt"/>
        <line num="3335" count="7" type="stmt"/>
        <line num="3338" count="7" type="stmt"/>
        <line num="3339" count="0" type="stmt"/>
        <line num="3340" count="0" type="stmt"/>
        <line num="3341" count="0" type="stmt"/>
        <line num="3343" count="0" type="stmt"/>
        <line num="3344" count="0" type="stmt"/>
        <line num="3349" count="7" type="stmt"/>
        <line num="3350" count="0" type="stmt"/>
        <line num="3351" count="0" type="cond" truecount="0" falsecount="2"/>
        <line num="3352" count="0" type="stmt"/>
        <line num="3353" count="0" type="stmt"/>
        <line num="3355" count="0" type="stmt"/>
        <line num="3356" count="0" type="stmt"/>
        <line num="3361" count="7" type="stmt"/>
        <line num="3362" count="0" type="stmt"/>
        <line num="3363" count="0" type="stmt"/>
        <line num="3364" count="0" type="stmt"/>
        <line num="3366" count="0" type="stmt"/>
        <line num="3367" count="0" type="stmt"/>
        <line num="3372" count="7" type="stmt"/>
        <line num="3373" count="0" type="stmt"/>
        <line num="3374" count="0" type="cond" truecount="0" falsecount="2"/>
        <line num="3375" count="0" type="stmt"/>
        <line num="3376" count="0" type="stmt"/>
        <line num="3378" count="0" type="stmt"/>
        <line num="3379" count="0" type="stmt"/>
        <line num="3384" count="7" type="stmt"/>
        <line num="3385" count="0" type="stmt"/>
        <line num="3386" count="0" type="stmt"/>
        <line num="3387" count="0" type="stmt"/>
        <line num="3389" count="0" type="stmt"/>
        <line num="3390" count="0" type="stmt"/>
        <line num="3395" count="7" type="stmt"/>
        <line num="3396" count="0" type="stmt"/>
        <line num="3397" count="0" type="stmt"/>
        <line num="3398" count="0" type="stmt"/>
        <line num="3400" count="0" type="stmt"/>
        <line num="3401" count="0" type="stmt"/>
        <line num="3405" count="7" type="stmt"/>
      </file>
    </package>
    <package name="kdih_website 2.utils">
      <metrics statements="499" coveredstatements="104" conditionals="191" coveredconditionals="16" methods="90" coveredmethods="19"/>
      <file name="analytics.js" path="/Users/yankyaure/Downloads/kdih_website 2/utils/analytics.js">
        <metrics statements="93" coveredstatements="2" conditionals="56" coveredconditionals="0" methods="28" coveredmethods="0"/>
        <line num="2" count="7" type="stmt"/>
        <line num="8" count="0" type="stmt"/>
        <line num="9" count="0" type="stmt"/>
        <line num="49" count="0" type="stmt"/>
        <line num="50" count="0" type="stmt"/>
        <line num="52" count="0" type="stmt"/>
        <line num="53" count="0" type="stmt"/>
        <line num="55" count="0" type="stmt"/>
        <line num="56" count="0" type="cond" truecount="0" falsecount="2"/>
        <line num="58" count="0" type="stmt"/>
        <line num="59" count="0" type="stmt"/>
        <line num="66" count="0" type="stmt"/>
        <line num="67" count="0" type="stmt"/>
        <line num="76" count="0" type="stmt"/>
        <line num="77" count="0" type="stmt"/>
        <line num="79" count="0" type="cond" truecount="0" falsecount="5"/>
        <line num="81" count="0" type="stmt"/>
        <line num="82" count="0" type="stmt"/>
        <line num="84" count="0" type="stmt"/>
        <line num="85" count="0" type="stmt"/>
        <line num="87" count="0" type="stmt"/>
        <line num="88" count="0" type="stmt"/>
        <line num="90" count="0" type="stmt"/>
        <line num="91" count="0" type="stmt"/>
        <line num="93" count="0" type="stmt"/>
        <line num="96" count="0" type="stmt"/>
        <line num="129" count="0" type="stmt"/>
        <line num="130" count="0" type="stmt"/>
[...]
        <line num="111" count="0" type="stmt"/>
        <line num="112" count="0" type="stmt"/>
        <line num="115" count="0" type="stmt"/>
        <line num="117" count="0" type="stmt"/>
        <line num="119" count="0" type="stmt"/>
        <line num="125" count="0" type="stmt"/>
        <line num="126" count="0" type="stmt"/>
        <line num="136" count="0" type="stmt"/>
        <line num="137" count="0" type="stmt"/>
        <line num="140" count="0" type="cond" truecount="0" falsecount="2"/>
        <line num="141" count="0" type="stmt"/>
        <line num="144" count="0" type="cond" truecount="0" falsecount="2"/>
        <line num="145" count="0" type="stmt"/>
        <line num="148" count="0" type="stmt"/>
        <line num="149" count="0" type="stmt"/>
        <line num="151" count="0" type="stmt"/>
        <line num="153" count="0" type="stmt"/>
        <line num="154" count="0" type="stmt"/>
        <line num="163" count="0" type="stmt"/>
        <line num="164" count="0" type="stmt"/>
        <line num="165" count="0" type="stmt"/>
        <line num="166" count="0" type="stmt"/>
        <line num="168" count="0" type="stmt"/>
        <line num="170" count="0" type="stmt"/>
        <line num="171" count="0" type="cond" truecount="0" falsecount="2"/>
        <line num="172" count="0" type="stmt"/>
        <line num="173" count="0" type="stmt"/>
        <line num="177" count="0" type="cond" truecount="0" falsecount="2"/>
        <line num="178" count="0" type="stmt"/>
        <line num="181" count="0" type="stmt"/>
        <line num="183" count="0" type="stmt"/>
        <line num="184" count="0" type="stmt"/>
        <line num="193" count="0" type="stmt"/>
        <line num="194" count="0" type="stmt"/>
        <line num="195" count="0" type="stmt"/>
        <line num="197" count="0" type="stmt"/>
        <line num="205" count="0" type="stmt"/>
        <line num="206" count="0" type="stmt"/>
        <line num="216" count="0" type="stmt"/>
        <line num="217" count="0" type="stmt"/>
        <line num="218" count="0" type="stmt"/>
        <line num="219" count="0" type="stmt"/>
        <line num="220" count="0" type="stmt"/>
        <line num="223" count="0" type="stmt"/>
        <line num="225" count="0" type="stmt"/>
        <line num="229" count="0" type="stmt"/>
        <line num="238" count="0" type="cond" truecount="0" falsecount="2"/>
        <line num="239" count="0" type="stmt"/>
        <line num="240" count="0" type="stmt"/>
        <line num="241" count="0" type="stmt"/>
        <line num="242" count="0" type="stmt"/>
        <line num="245" count="7" type="stmt"/>
      </file>
      <file name="email.js" path="/Users/yankyaure/Downloads/kdih_website 2/utils/email.js">
        <metrics statements="83" coveredstatements="20" conditionals="38" coveredconditionals="6" methods="15" coveredmethods="4"/>
        <line num="1" count="7" type="stmt"/>
        <line num="4" count="7" type="stmt"/>
        <line num="5" count="7" type="stmt"/>
        <line num="7" count="7" type="stmt"/>
        <line num="8" count="7" type="stmt"/>
        <line num="10" count="7" type="cond" truecount="1" falsecount="1"/>
        <line num="11" count="7" type="stmt"/>
        <line num="18" count="7" type="stmt"/>
        <line num="19" count="0" type="cond" truecount="0" falsecount="2"/>
        <line num="20" count="0" type="stmt"/>
        <line num="28" count="0" type="stmt"/>
        <line num="29" count="0" type="cond" truecount="0" falsecount="2"/>
        <line num="31" count="0" type="stmt"/>
        <line num="40" count="0" type="stmt"/>
        <line num="42" count="0" type="stmt"/>
        <line num="45" count="0" type="stmt"/>
        <line num="46" count="0" type="stmt"/>
        <line num="50" count="7" type="stmt"/>
        <line num="52" count="0" type="stmt"/>
        <line num="53" count="0" type="stmt"/>
        <line num="55" count="0" type="cond" truecount="0" falsecount="2"/>
        <line num="56" count="0" type="stmt"/>
        <line num="57" count="0" type="stmt"/>
        <line num="58" count="0" type="cond" truecount="0" falsecount="2"/>
        <line num="59" count="0" type="stmt"/>
        <line num="60" count="0" type="stmt"/>
        <line num="62" count="0" type="stmt"/>
        <line num="63" count="0" type="stmt"/>
        <line num="66" count="0" type="stmt"/>
        <line num="91" count="2" type="stmt"/>
        <line num="106" count="0" type="stmt"/>
        <line num="158" count="0" type="stmt"/>
        <line num="179" count="0" type="stmt"/>
        <line num="198" count="0" type="stmt"/>
        <line num="212" count="0" type="stmt"/>
        <line num="233" count="0" type="stmt"/>
        <line num="253" count="1" type="stmt"/>
        <line num="275" count="0" type="stmt"/>
        <line num="305" count="2" type="stmt"/>
        <line num="322" count="5" type="cond" truecount="3" falsecount="1"/>
        <line num="323" count="0" type="stmt"/>
        <line num="324" count="0" type="stmt"/>
        <line num="327" count="5" type="stmt"/>
        <line num="328" count="5" type="stmt"/>
        <line num="329" count="5" type="cond" truecount="1" falsecount="1"/>
        <line num="330" count="0" type="stmt"/>
        <line num="333" count="5" type="cond" truecount="1" falsecount="1"/>
        <line num="335" count="5" type="stmt"/>
        <line num="342" count="5" type="stmt"/>
        <line num="343" count="0" type="stmt"/>
        <line num="344" count="0" type="stmt"/>
        <line num="346" count="0" type="stmt"/>
        <line num="347" count="0" type="stmt"/>
        <line num="353" count="0" type="cond" truecount="0" falsecount="4"/>
        <line num="354" count="0" type="stmt"/>
        <line num="355" count="0" type="stmt"/>
        <line num="358" count="0" type="stmt"/>
        <line num="359" count="0" type="stmt"/>
        <line num="360" count="0" type="stmt"/>
        <line num="361" count="0" type="stmt"/>
        <line num="363" count="0" type="stmt"/>
        <line num="364" count="0" type="stmt"/>
        <line num="372" count="0" type="cond" truecount="0" falsecount="4"/>
        <line num="373" count="0" type="stmt"/>
        <line num="374" count="0" type="stmt"/>
        <line num="377" count="0" type="stmt"/>
        <line num="378" count="0" type="stmt"/>
        <line num="399" count="0" type="stmt"/>
        <line num="400" count="0" type="stmt"/>
        <line num="401" count="0" type="stmt"/>
        <line num="403" count="0" type="stmt"/>
        <line num="404" count="0" type="stmt"/>
        <line num="412" count="0" type="cond" truecount="0" falsecount="4"/>
        <line num="413" count="0" type="stmt"/>
        <line num="414" count="0" type="stmt"/>
        <line num="417" count="0" type="stmt"/>
        <line num="418" count="0" type="stmt"/>
        <line num="444" count="0" type="stmt"/>
        <line num="445" count="0" type="stmt"/>
        <line num="446" count="0" type="stmt"/>
        <line num="448" count="0" type="stmt"/>
        <line num="449" count="0" type="stmt"/>
        <line num="453" count="7" type="stmt"/>
      </file>
      <file name="logger.js" path="/Users/yankyaure/Downloads/kdih_website 2/utils/logger.js">
        <metrics statements="13" coveredstatements="11" conditionals="6" coveredconditionals="3" methods="1" coveredmethods="0"/>
        <line num="1" count="7" type="stmt"/>
        <line num="2" count="7" type="stmt"/>
        <line num="5" count="7" type="stmt"/>
        <line num="6" count="7" type="stmt"/>
        <line num="7" count="7" type="cond" truecount="1" falsecount="1"/>
        <line num="8" count="0" type="stmt"/>
        <line num="12" count="7" type="stmt"/>
        <line num="20" count="7" type="stmt"/>
        <line num="42" count="7" type="cond" truecount="1" falsecount="1"/>
        <line num="43" count="7" type="stmt"/>
        <line num="52" count="7" type="stmt"/>
        <line num="54" count="0" type="stmt"/>
        <line num="58" count="7" type="stmt"/>
      </file>
      <file name="paystack.js" path="/Users/yankyaure/Downloads/kdih_website 2/utils/paystack.js">
        <metrics statements="57" coveredstatements="45" conditionals="7" coveredconditionals="3" methods="15" coveredmethods="13"/>
        <line num="1" count="7" type="stmt"/>
        <line num="2" count="7" type="stmt"/>
        <line num="4" count="7" type="stmt"/>
        <line num="5" count="7" type="stmt"/>
        <line num="9" count="2" type="stmt"/>
        <line num="10" count="2" type="stmt"/>
        <line num="17" count="2" type="stmt"/>
        <line num="29" count="2" type="stmt"/>
        <line num="30" count="2" type="stmt"/>
        <line num="32" count="2" type="stmt"/>
        <line num="33" count="2" type="stmt"/>
        <line num="36" count="2" type="stmt"/>
        <line num="37" count="2" type="stmt"/>
        <line num="38" count="2" type="stmt"/>
        <line num="39" count="2" type="cond" truecount="1" falsecount="1"/>
        <line num="40" count="0" type="stmt"/>
        <line num="41" count="0" type="stmt"/>
        <line num="43" count="2" type="stmt"/>
        <line num="44" count="2" type="stmt"/>
        <line num="47" count="0" type="stmt"/>
        <line num="48" count="0" type="stmt"/>
        <line num="53" count="2" type="stmt"/>
        <line num="54" count="0" type="stmt"/>
        <line num="55" count="0" type="stmt"/>
        <line num="58" count="2" type="stmt"/>
        <line num="59" count="2" type="stmt"/>
        <line num="65" count="1" type="stmt"/>
        <line num="66" count="1" type="stmt"/>
        <line num="76" count="1" type="stmt"/>
        <line num="77" count="1" type="stmt"/>
        <line num="79" count="1" type="stmt"/>
        <line num="80" count="1" type="stmt"/>
        <line num="83" count="1" type="stmt"/>
        <line num="84" count="1" type="stmt"/>
        <line num="85" count="1" type="stmt"/>
        <line num="86" count="1" type="cond" truecount="2" falsecount="2"/>
        <line num="87" count="0" type="stmt"/>
        <line num="88" count="0" type="stmt"/>
        <line num="90" count="1" type="stmt"/>
        <line num="91" count="1" type="stmt"/>
        <line num="94" count="0" type="stmt"/>
        <line num="95" count="0" type="stmt"/>
        <line num="100" count="1" type="stmt"/>
        <line num="101" count="0" type="stmt"/>
        <line num="102" count="0" type="stmt"/>
        <line num="105" count="1" type="stmt"/>
        <line num="111" count="1" type="stmt"/>
        <line num="112" count="1" type="stmt"/>
        <line num="116" count="1" type="stmt"/>
        <line num="122" count="2" type="stmt"/>
        <line num="123" count="2" type="stmt"/>
        <line num="124" count="2" type="stmt"/>
        <line num="127" count="2" type="stmt"/>
        <line num="132" count="2" type="stmt"/>
        <line num="133" count="2" type="stmt"/>
        <line num="135" count="2" type="stmt"/>
        <line num="142" count="7" type="stmt"/>
      </file>
      <file name="pdf-receipt.js" path="/Users/yankyaure/Downloads/kdih_website 2/utils/pdf-receipt.js">
        <metrics statements="67" coveredstatements="0" conditionals="12" coveredconditionals="0" methods="4" coveredmethods="0"/>
        <line num="2" count="0" type="stmt"/>
        <line num="4" count="0" type="stmt"/>
        <line num="5" count="0" type="stmt"/>
        <line num="6" count="0" type="stmt"/>
        <line num="8" count="0" type="stmt"/>
        <line num="9" count="0" type="stmt"/>
        <line num="12" count="0" type="stmt"/>
        <line num="13" count="0" type="stmt"/>
        <line num="14" count="0" type="stmt"/>
        <line num="27" count="0" type="cond" truecount="0" falsecount="2"/>
        <line num="28" count="0" type="stmt"/>
        <line num="29" count="0" type="stmt"/>
        <line num="32" count="0" type="stmt"/>
        <line num="33" count="0" type="stmt"/>
        <line num="34" count="0" type="stmt"/>
        <line num="35" count="0" type="stmt"/>
        <line num="38" count="0" type="stmt"/>
        <line num="39" count="0" type="stmt"/>
        <line num="40" count="0" type="stmt"/>
        <line num="41" count="0" type="stmt"/>
        <line num="43" count="0" type="stmt"/>
        <line num="46" count="0" type="stmt"/>
        <line num="47" count="0" type="stmt"/>
        <line num="54" count="0" type="stmt"/>
        <line num="58" count="0" type="stmt"/>
        <line num="62" count="0" type="stmt"/>
        <line num="63" count="0" type="stmt"/>
        <line num="68" count="0" type="stmt"/>
        <line num="73" count="0" type="stmt"/>
        <line num="76" count="0" type="stmt"/>
        <line num="82" count="0" type="stmt"/>
        <line num="83" count="0" type="stmt"/>
        <line num="88" count="0" type="stmt"/>
        <line num="91" count="0" type="stmt"/>
        <line num="95" count="0" type="stmt"/>
        <line num="96" count="0" type="stmt"/>
        <line num="100" count="0" type="stmt"/>
        <line num="103" count="0" type="cond" truecount="0" falsecount="2"/>
        <line num="104" count="0" type="stmt"/>
        <line num="107" count="0" type="stmt"/>
        <line num="110" count="0" type="stmt"/>
        <line num="114" count="0" type="stmt"/>
        <line num="117" count="0" type="stmt"/>
        <line num="123" count="0" type="cond" truecount="0" falsecount="2"/>
        <line num="124" count="0" type="stmt"/>
        <line num="127" count="0" type="cond" truecount="0" falsecount="2"/>
        <line num="128" count="0" type="stmt"/>
        <line num="131" count="0" type="stmt"/>
        <line num="132" count="0" type="stmt"/>
        <line num="136" count="0" type="stmt"/>
        <line num="139" count="0" type="stmt"/>
        <line num="142" count="0" type="stmt"/>
        <line num="145" count="0" type="stmt"/>
        <line num="146" count="0" type="stmt"/>
        <line num="149" count="0" type="stmt"/>
        <line num="154" count="0" type="stmt"/>
        <line num="157" count="0" type="stmt"/>
        <line num="163" count="0" type="stmt"/>
        <line num="166" count="0" type="stmt"/>
        <line num="170" count="0" type="stmt"/>
        <line num="173" count="0" type="stmt"/>
        <line num="177" count="0" type="stmt"/>
        <line num="178" count="0" type="stmt"/>
        <line num="182" count="0" type="stmt"/>
        <line num="185" count="0" type="stmt"/>
        <line num="188" count="0" type="stmt"/>
        <line num="193" count="0" type="stmt"/>
      </file>
      <file name="sms.js" path="/Users/yankyaure/Downloads/kdih_website 2/utils/sms.js">
        <metrics statements="27" coveredstatements="0" conditionals="13" coveredconditionals="0" methods="4" coveredmethods="0"/>
        <line num="1" count="0" type="stmt"/>
        <line num="2" count="0" type="stmt"/>
        <line num="5" count="0" type="cond" truecount="0" falsecount="2"/>
        <line num="6" count="0" type="cond" truecount="0" falsecount="2"/>
        <line num="7" count="0" type="stmt"/>
        <line num="17" count="0" type="cond" truecount="0" falsecount="2"/>
        <line num="18" count="0" type="stmt"/>
        <line num="19" count="0" type="stmt"/>
        <line num="23" count="0" type="stmt"/>
        <line num="24" count="0" type="cond" truecount="0" falsecount="2"/>
        <line num="26" count="0" type="stmt"/>
        <line num="27" count="0" type="stmt"/>
        <line num="42" count="0" type="stmt"/>
        <line num="44" count="0" type="cond" truecount="0" falsecount="4"/>
        <line num="45" count="0" type="stmt"/>
        <line num="46" count="0" type="stmt"/>
        <line num="48" count="0" type="stmt"/>
        <line num="49" count="0" type="stmt"/>
        <line num="52" count="0" type="stmt"/>
        <line num="53" count="0" type="stmt"/>
        <line num="61" count="0" type="stmt"/>
        <line num="62" count="0" type="stmt"/>
        <line num="69" count="0" type="stmt"/>
        <line num="70" count="0" type="stmt"/>
        <line num="77" count="0" type="stmt"/>
        <line num="78" count="0" type="stmt"/>
        <line num="81" count="0" type="stmt"/>
      </file>
      <file name="upload.js" path="/Users/yankyaure/Downloads/kdih_website 2/utils/upload.js">
        <metrics statements="65" coveredstatements="18" conditionals="35" coveredconditionals="3" methods="11" coveredmethods="2"/>
        <line num="1" count="7" type="stmt"/>
        <line num="2" count="7" type="stmt"/>
        <line num="3" count="7" type="stmt"/>
        <line num="4" count="7" type="stmt"/>
        <line num="7" count="7" type="stmt"/>
        <line num="8" count="7" type="cond" truecount="1" falsecount="1"/>
        <line num="9" count="0" type="stmt"/>
        <line num="13" count="7" type="stmt"/>
        <line num="14" count="7" type="stmt"/>
        <line num="15" count="28" type="stmt"/>
        <line num="16" count="28" type="cond" truecount="1" falsecount="1"/>
        <line num="17" count="0" type="stmt"/>
        <line num="22" count="7" type="stmt"/>
        <line num="24" count="0" type="stmt"/>
        <line num="27" count="0" type="cond" truecount="0" falsecount="4"/>
        <line num="28" count="0" type="stmt"/>
        <line num="29" count="0" type="cond" truecount="0" falsecount="4"/>
        <line num="30" count="0" type="stmt"/>
        <line num="31" count="0" type="cond" truecount="0" falsecount="4"/>
        <line num="32" count="0" type="stmt"/>
        <line num="34" count="0" type="stmt"/>
        <line num="37" count="0" type="stmt"/>
        <line num="41" count="0" type="stmt"/>
        <line num="42" count="0" type="stmt"/>
        <line num="43" count="0" type="stmt"/>
        <line num="44" count="0" type="stmt"/>
        <line num="49" count="7" type="stmt"/>
        <line num="51" count="0" type="stmt"/>
        <line num="58" count="0" type="cond" truecount="0" falsecount="2"/>
        <line num="59" count="0" type="stmt"/>
        <line num="61" count="0" type="cond" truecount="0" falsecount="2"/>
        <line num="63" count="0" type="cond" truecount="0" falsecount="2"/>
        <line num="64" count="0" type="stmt"/>
        <line num="66" count="0" type="stmt"/>
        <line num="71" count="7" type="stmt"/>
        <line num="80" count="7" type="stmt"/>
        <line num="81" count="14" type="stmt"/>
        <line num="82" count="0" type="stmt"/>
        <line num="83" count="0" type="cond" truecount="0" falsecount="2"/>
        <line num="84" count="0" type="stmt"/>
        <line num="85" count="0" type="stmt"/>
        <line num="86" count="0" type="cond" truecount="0" falsecount="2"/>
        <line num="87" count="0" type="stmt"/>
        <line num="88" count="0" type="stmt"/>
        <line num="90" count="0" type="stmt"/>
        <line num="96" count="7" type="cond" truecount="0" falsecount="1"/>
        <line num="97" count="0" type="stmt"/>
        <line num="98" count="0" type="stmt"/>
        <line num="99" count="0" type="cond" truecount="0" falsecount="2"/>
        <line num="100" count="0" type="stmt"/>
        <line num="101" count="0" type="stmt"/>
        <line num="102" count="0" type="cond" truecount="0" falsecount="2"/>
        <line num="103" count="0" type="stmt"/>
        <line num="104" count="0" type="stmt"/>
        <line num="106" count="0" type="stmt"/>
        <line num="112" count="7" type="stmt"/>
        <line num="113" count="0" type="stmt"/>
        <line num="114" count="0" type="cond" truecount="0" falsecount="2"/>
        <line num="115" count="0" type="stmt"/>
        <line num="116" count="0" type="stmt"/>
        <line num="117" count="0" type="stmt"/>
        <line num="119" count="0" type="stmt"/>
        <line num="121" count="0" type="stmt"/>
        <line num="122" count="0" type="stmt"/>
        <line num="126" count="7" type="stmt"/>
      </file>
    </package>
  </project>
</coverage>
