<?xml version="1.0" encoding="UTF-8"?>
<coverage generated="1765114046396" clover="3.2.0">
  <project timestamp="1765114046396" name="All files">
    <metrics statements="1588" coveredstatements="393" conditionals="764" coveredconditionals="66" methods="321" coveredmethods="67" elements="2673" coveredelements="526" complexity="0" loc="1588" ncloc="1588" packages="3" files="8" classes="8"/>
    <package name="kdih_website 2">
      <metrics statements="73" coveredstatements="49" conditionals="24" coveredconditionals="8" methods="14" coveredmethods="5"/>
      <file name="server.js" path="/Users/yankyaure/Downloads/kdih_website 2/server.js">
        <metrics statements="73" coveredstatements="49" conditionals="24" coveredconditionals="8" methods="14" coveredmethods="5"/>
        <line num="1" count="7" type="stmt"/>
        <line num="2" count="7" type="stmt"/>
        <line num="3" count="7" type="stmt"/>
        <line num="4" count="7" type="stmt"/>
        <line num="5" count="7" type="stmt"/>
        <line num="6" count="7" type="stmt"/>
        <line num="7" count="7" type="stmt"/>
        <line num="8" count="7" type="stmt"/>
        <line num="9" count="7" type="stmt"/>
        <line num="10" count="7" type="stmt"/>
        <line num="11" count="7" type="stmt"/>
        <line num="13" count="7" type="stmt"/>
        <line num="14" count="7" type="cond" truecount="1" falsecount="1"/>
        <line num="17" count="7" type="stmt"/>
        <line num="20" count="7" type="stmt"/>
        <line num="37" count="7" type="stmt"/>
        <line num="40" count="7" type="stmt"/>
        <line num="45" count="7" type="stmt"/>
        <line num="48" count="7" type="stmt"/>
        <line num="57" count="7" type="stmt"/>
        <line num="60" count="7" type="stmt"/>
        <line num="67" count="7" type="stmt"/>
        <line num="71" count="7" type="stmt"/>
        <line num="74" count="20" type="stmt"/>
        <line num="77" count="7" type="stmt"/>
        <line num="80" count="7" type="stmt"/>
        <line num="92" count="7" type="stmt"/>
        <line num="93" count="38" type="stmt"/>
        <line num="94" count="38" type="stmt"/>
        <line num="95" count="38" type="stmt"/>
        <line num="96" count="38" type="stmt"/>
        <line num="97" count="38" type="stmt"/>
        <line num="101" count="7" type="stmt"/>
        <line num="102" count="38" type="stmt"/>
        <line num="103" count="38" type="stmt"/>
        <line num="107" count="7" type="stmt"/>
        <line num="112" count="7" type="stmt"/>
        <line num="118" count="7" type="stmt"/>
        <line num="119" count="1" type="stmt"/>
        <line num="128" count="7" type="stmt"/>
        <line num="131" count="7" type="stmt"/>
        <line num="132" count="1" type="stmt"/>
        <line num="133" count="1" type="stmt"/>
        <line num="137" count="7" type="stmt"/>
        <line num="138" count="0" type="stmt"/>
        <line num="139" count="0" type="stmt"/>
        <line num="141" count="0" type="cond" truecount="0" falsecount="2"/>
        <line num="142" count="0" type="stmt"/>
        <line num="144" count="0" type="stmt"/>
        <line num="149" count="7" type="stmt"/>
        <line num="150" count="0" type="stmt"/>
        <line num="153" count="0" type="cond" truecount="0" falsecount="2"/>
        <line num="157" count="0" type="cond" truecount="0" falsecount="2"/>
        <line num="162" count="7" type="cond" truecount="1" falsecount="1"/>
        <line num="163" count="0" type="stmt"/>
        <line num="164" count="0" type="cond" truecount="0" falsecount="2"/>
        <line num="165" count="0" type="stmt"/>
        <line num="169" count="0" type="stmt"/>
        <line num="170" count="0" type="stmt"/>
        <line num="171" count="0" type="stmt"/>
        <line num="172" count="0" type="stmt"/>
        <line num="173" count="0" type="stmt"/>
        <line num="177" count="0" type="stmt"/>
        <line num="178" count="0" type="stmt"/>
        <line num="179" count="0" type="stmt"/>
        <line num="180" count="0" type="stmt"/>
        <line num="181" count="0" type="stmt"/>
        <line num="187" count="7" type="stmt"/>
        <line num="188" count="0" type="stmt"/>
        <line num="189" count="0" type="stmt"/>
        <line num="192" count="7" type="stmt"/>
        <line num="193" count="0" type="stmt"/>
        <line num="196" count="7" type="stmt"/>
      </file>
    </package>
    <package name="kdih_website 2.routes">
      <metrics statements="1203" coveredstatements="250" conditionals="629" coveredconditionals="43" methods="257" coveredmethods="43"/>
      <file name="api.js" path="/Users/yankyaure/Downloads/kdih_website 2/routes/api.js">
        <metrics statements="1203" coveredstatements="250" conditionals="629" coveredconditionals="43" methods="257" coveredmethods="43"/>
        <line num="1" count="7" type="stmt"/>
        <line num="2" count="7" type="stmt"/>
        <line num="3" count="7" type="stmt"/>
        <line num="4" count="7" type="stmt"/>
        <line num="7" count="7" type="stmt"/>
        <line num="8" count="0" type="cond" truecount="0" falsecount="2"/>
        <line num="9" count="0" type="stmt"/>
        <line num="11" count="0" type="stmt"/>
        <line num="17" count="7" type="stmt"/>
        <line num="18" count="1" type="stmt"/>
        <line num="19" count="1" type="stmt"/>
        <line num="20" count="1" type="cond" truecount="1" falsecount="1"/>
        <line num="21" count="0" type="stmt"/>
        <line num="22" count="0" type="stmt"/>
        <line num="24" count="1" type="stmt"/>
        <line num="32" count="7" type="stmt"/>
        <line num="33" count="0" type="stmt"/>
        <line num="34" count="0" type="stmt"/>
        <line num="36" count="0" type="stmt"/>
        <line num="37" count="0" type="cond" truecount="0" falsecount="2"/>
        <line num="38" count="0" type="stmt"/>
        <line num="43" count="7" type="stmt"/>
        <line num="44" count="0" type="stmt"/>
        <line num="45" count="0" type="stmt"/>
        <line num="47" count="0" type="stmt"/>
        <line num="49" count="0" type="stmt"/>
        <line num="50" count="0" type="cond" truecount="0" falsecount="2"/>
        <line num="51" count="0" type="cond" truecount="0" falsecount="2"/>
        <line num="52" count="0" type="stmt"/>
        <line num="57" count="7" type="stmt"/>
        <line num="58" count="0" type="stmt"/>
        <line num="59" count="0" type="stmt"/>
        <line num="61" count="0" type="stmt"/>
        <line num="62" count="0" type="cond" truecount="0" falsecount="2"/>
        <line num="63" count="0" type="cond" truecount="0" falsecount="2"/>
        <line num="64" count="0" type="stmt"/>
        <line num="69" count="7" type="stmt"/>
        <line num="70" count="1" type="stmt"/>
        <line num="71" count="1" type="stmt"/>
        <line num="74" count="1" type="stmt"/>
        <line num="81" count="1" type="stmt"/>
        <line num="82" count="1" type="stmt"/>
        <line num="83" count="1" type="cond" truecount="1" falsecount="1"/>
        <line num="84" count="1" type="cond" truecount="2" falsecount="0"/>
        <line num="88" count="1" type="stmt"/>
        <line num="96" count="1" type="stmt"/>
        <line num="102" count="1" type="stmt"/>
        <line num="103" count="1" type="stmt"/>
        <line num="104" count="1" type="cond" truecount="1" falsecount="1"/>
        <line num="105" count="1" type="cond" truecount="2" falsecount="0"/>
        <line num="109" count="1" type="stmt"/>
        <line num="119" count="1" type="stmt"/>
        <line num="127" count="1" type="stmt"/>
        <line num="135" count="1" type="stmt"/>
        <line num="136" count="1" type="stmt"/>
        <line num="137" count="0" type="cond" truecount="0" falsecount="2"/>
        <line num="138" count="0" type="stmt"/>
        <line num="142" count="0" type="cond" truecount="0" falsecount="2"/>
        <line num="146" count="0" type="stmt"/>
        <line num="153" count="0" type="stmt"/>
        <line num="160" count="1" type="stmt"/>
        <line num="161" count="1" type="stmt"/>
        <line num="166" count="7" type="stmt"/>
        <line num="167" count="2" type="stmt"/>
        <line num="168" count="2" type="stmt"/>
        <line num="169" count="2" type="stmt"/>
        <line num="170" count="2" type="cond" truecount="1" falsecount="1"/>
        <line num="171" count="0" type="stmt"/>
        <line num="175" count="2" type="stmt"/>
        <line num="176" count="0" type="stmt"/>
        <line num="179" count="2" type="stmt"/>
        <line num="185" count="7" type="stmt"/>
        <line num="186" count="0" type="stmt"/>
        <line num="187" count="0" type="stmt"/>
        <line num="189" count="0" type="stmt"/>
        <line num="190" count="0" type="stmt"/>
        <line num="191" count="0" type="cond" truecount="0" falsecount="2"/>
        <line num="192" count="0" type="stmt"/>
        <line num="196" count="0" type="stmt"/>
        <line num="197" count="0" type="stmt"/>
        <line num="200" count="0" type="stmt"/>
        <line num="205" count="7" type="stmt"/>
        <line num="211" count="2" type="stmt"/>
        <line num="214" count="2" type="cond" truecount="1" falsecount="1"/>
        <line num="215" count="0" type="stmt"/>
        <line num="217" count="0" type="stmt"/>
        <line num="218" count="0" type="stmt"/>
        <line num="221" count="2" type="stmt"/>
        <line num="228" count="2" type="stmt"/>
        <line num="235" count="2" type="stmt"/>
        <line num="236" count="2" type="cond" truecount="1" falsecount="1"/>
        <line num="237" count="0" type="stmt"/>
        <line num="238" count="0" type="stmt"/>
        <line num="242" count="2" type="stmt"/>
        <line num="243" count="0" type="stmt"/>
        <line num="246" count="2" type="stmt"/>
        <line num="252" count="7" type="stmt"/>
        <line num="253" count="4" type="stmt"/>
        <line num="254" count="4" type="stmt"/>
        <line num="255" count="4" type="stmt"/>
        <line num="256" count="4" type="stmt"/>
        <line num="259" count="4" type="stmt"/>
        <line num="260" count="4" type="cond" truecount="2" falsecount="0"/>
        <line num="261" count="1" type="stmt"/>
        <line num="262" count="1" type="stmt"/>
        <line num="265" count="3" type="cond" truecount="1" falsecount="1"/>
        <line num="266" count="3" type="stmt"/>
        <line num="267" count="3" type="stmt"/>
        <line num="271" count="0" type="stmt"/>
        <line num="272" count="0" type="cond" truecount="0" falsecount="2"/>
        <line num="273" count="0" type="stmt"/>
        <line num="274" count="0" type="stmt"/>
        <line num="277" count="0" type="stmt"/>
        <line num="278" count="0" type="stmt"/>
        <line num="279" count="0" type="stmt"/>
        <line num="282" count="0" type="stmt"/>
        <line num="283" count="0" type="stmt"/>
        <line num="284" count="0" type="stmt"/>
        <line num="288" count="7" type="stmt"/>
        <line num="289" count="1" type="stmt"/>
        <line num="290" count="1" type="stmt"/>
        <line num="293" count="7" type="stmt"/>
        <line num="294" count="1" type="cond" truecount="1" falsecount="1"/>
        <line num="295" count="0" type="stmt"/>
        <line num="297" count="1" type="stmt"/>
        <line num="302" count="7" type="stmt"/>
        <line num="303" count="0" type="stmt"/>
        <line num="304" count="0" type="stmt"/>
        <line num="305" count="0" type="stmt"/>
        <line num="306" count="0" type="stmt"/>
        <line num="307" count="0" type="stmt"/>
        <line num="309" count="0" type="cond" truecount="0" falsecount="2"/>
        <line num="310" count="0" type="stmt"/>
        <line num="314" count="0" type="stmt"/>
        <line num="315" count="0" type="cond" truecount="0" falsecount="2"/>
        <line num="316" count="0" type="stmt"/>
        <line num="317" count="0" type="stmt"/>
        <line num="320" count="0" type="cond" truecount="0" falsecount="2"/>
        <line num="322" count="0" type="stmt"/>
        <line num="325" count="0" type="cond" truecount="0" falsecount="2"/>
        <line num="326" count="0" type="stmt"/>
        <line num="327" count="0" type="stmt"/>
        <line num="329" count="0" type="stmt"/>
        <line num="334" count="0" type="stmt"/>
        <line num="335" count="0" type="stmt"/>
        <line num="338" count="0" type="stmt"/>
        <line num="342" count="0" type="cond" truecount="0" falsecount="2"/>
        <line num="343" count="0" type="stmt"/>
        <line num="344" count="0" type="stmt"/>
        <line num="348" count="0" type="stmt"/>
        <line num="350" count="0" type="cond" truecount="0" falsecount="2"/>
        <line num="351" count="0" type="stmt"/>
        <line num="352" count="0" type="stmt"/>
        <line num="354" count="0" type="stmt"/>
        <line num="356" count="0" type="stmt"/>
        <line num="362" count="0" type="stmt"/>
        <line num="363" count="0" type="stmt"/>
        <line num="364" count="0" type="stmt"/>
        <line num="369" count="7" type="stmt"/>
        <line num="370" count="0" type="stmt"/>
        <line num="371" count="0" type="stmt"/>
        <line num="372" count="0" type="stmt"/>
        <line num="373" count="0" type="stmt"/>
        <line num="375" count="0" type="cond" truecount="0" falsecount="4"/>
        <line num="376" count="0" type="stmt"/>
        <line num="379" count="0" type="cond" truecount="0" falsecount="2"/>
        <line num="380" count="0" type="stmt"/>
        <line num="384" count="0" type="stmt"/>
        <line num="388" count="0" type="cond" truecount="0" falsecount="2"/>
        <line num="389" count="0" type="stmt"/>
        <line num="390" count="0" type="stmt"/>
        <line num="393" count="0" type="cond" truecount="0" falsecount="2"/>
        <line num="394" count="0" type="stmt"/>
        <line num="398" count="0" type="stmt"/>
        <line num="399" count="0" type="cond" truecount="0" falsecount="4"/>
        <line num="400" count="0" type="stmt"/>
        <line num="401" count="0" type="stmt"/>
        <line num="405" count="0" type="stmt"/>
        <line num="408" count="0" type="stmt"/>
        <line num="412" count="0" type="cond" truecount="0" falsecount="2"/>
        <line num="413" count="0" type="stmt"/>
        <line num="414" count="0" type="stmt"/>
        <line num="418" count="0" type="stmt"/>
        <line num="420" count="0" type="stmt"/>
        <line num="421" count="0" type="stmt"/>
        <line num="428" count="0" type="stmt"/>
        <line num="429" count="0" type="stmt"/>
        <line num="430" count="0" type="stmt"/>
        <line num="435" count="7" type="stmt"/>
        <line num="436" count="0" type="stmt"/>
        <line num="437" count="0" type="stmt"/>
        <line num="438" count="0" type="stmt"/>
        <line num="439" count="0" type="stmt"/>
        <line num="440" count="0" type="stmt"/>
        <line num="443" count="0" type="cond" truecount="0" falsecount="4"/>
        <line num="444" count="0" type="stmt"/>
        <line num="447" count="0" type="cond" truecount="0" falsecount="2"/>
        <line num="448" count="0" type="stmt"/>
        <line num="452" count="0" type="stmt"/>
        <line num="453" count="0" type="cond" truecount="0" falsecount="2"/>
        <line num="454" count="0" type="stmt"/>
        <line num="455" count="0" type="stmt"/>
        <line num="458" count="0" type="cond" truecount="0" falsecount="2"/>
        <line num="459" count="0" type="stmt"/>
        <line num="463" count="0" type="stmt"/>
        <line num="464" count="0" type="cond" truecount="0" falsecount="2"/>
        <line num="465" count="0" type="stmt"/>
        <line num="466" count="0" type="stmt"/>
        <line num="470" count="0" type="stmt"/>
        <line num="473" count="0" type="stmt"/>
        <line num="477" count="0" type="cond" truecount="0" falsecount="2"/>
        <line num="478" count="0" type="stmt"/>
        <line num="479" count="0" type="stmt"/>
        <line num="482" count="0" type="stmt"/>
        <line num="483" count="0" type="stmt"/>
        <line num="488" count="0" type="stmt"/>
        <line num="489" count="0" type="stmt"/>
        <line num="490" count="0" type="stmt"/>
        <line num="495" count="7" type="stmt"/>
        <line num="496" count="0" type="stmt"/>
        <line num="497" count="0" type="stmt"/>
        <line num="498" count="0" type="stmt"/>
        <line num="499" count="0" type="stmt"/>
        <line num="500" count="0" type="stmt"/>
        <line num="503" count="0" type="cond" truecount="0" falsecount="6"/>
        <line num="504" count="0" type="stmt"/>
        <line num="507" count="0" type="cond" truecount="0" falsecount="2"/>
        <line num="508" count="0" type="stmt"/>
        <line num="512" count="0" type="stmt"/>
        <line num="513" count="0" type="cond" truecount="0" falsecount="2"/>
        <line num="515" count="0" type="cond" truecount="0" falsecount="2"/>
        <line num="517" count="0" type="stmt"/>
        <line num="525" count="0" type="stmt"/>
        <line num="526" count="0" type="cond" truecount="0" falsecount="2"/>
        <line num="529" count="0" type="stmt"/>
        <line num="530" count="0" type="cond" truecount="0" falsecount="2"/>
        <line num="532" count="0" type="stmt"/>
        <line num="534" count="0" type="stmt"/>
        <line num="535" count="0" type="cond" truecount="0" falsecount="2"/>
        <line num="536" count="0" type="stmt"/>
        <line num="537" count="0" type="stmt"/>
        <line num="540" count="0" type="stmt"/>
        <line num="543" count="0" type="stmt"/>
        <line num="545" count="0" type="stmt"/>
        <line num="546" count="0" type="stmt"/>
        <line num="552" count="0" type="stmt"/>
        <line num="553" count="0" type="stmt"/>
        <line num="554" count="0" type="stmt"/>
        <line num="559" count="7" type="stmt"/>
        <line num="560" count="0" type="stmt"/>
        <line num="561" count="0" type="stmt"/>
        <line num="562" count="0" type="stmt"/>
        <line num="563" count="0" type="stmt"/>
        <line num="566" count="0" type="cond" truecount="0" falsecount="4"/>
        <line num="567" count="0" type="stmt"/>
        <line num="570" count="0" type="cond" truecount="0" falsecount="2"/>
        <line num="571" count="0" type="stmt"/>
        <line num="575" count="0" type="stmt"/>
        <line num="579" count="0" type="cond" truecount="0" falsecount="2"/>
        <line num="580" count="0" type="stmt"/>
        <line num="581" count="0" type="stmt"/>
        <line num="584" count="0" type="cond" truecount="0" falsecount="2"/>
        <line num="585" count="0" type="cond" truecount="0" falsecount="2"/>
        <line num="586" count="0" type="stmt"/>
        <line num="588" count="0" type="cond" truecount="0" falsecount="2"/>
        <line num="589" count="0" type="stmt"/>
        <line num="594" count="0" type="stmt"/>
        <line num="598" count="0" type="cond" truecount="0" falsecount="2"/>
        <line num="599" count="0" type="stmt"/>
        <line num="600" count="0" type="stmt"/>
        <line num="604" count="0" type="stmt"/>
        <line num="605" count="0" type="stmt"/>
        <line num="607" count="0" type="stmt"/>
        <line num="608" count="0" type="stmt"/>
        <line num="617" count="0" type="stmt"/>
        <line num="618" count="0" type="stmt"/>
        <line num="619" count="0" type="stmt"/>
        <line num="626" count="7" type="stmt"/>
        <line num="627" count="3" type="stmt"/>
        <line num="628" count="3" type="stmt"/>
        <line num="629" count="3" type="cond" truecount="1" falsecount="1"/>
        <line num="630" count="3" type="stmt"/>
        <line num="635" count="7" type="stmt"/>
        <line num="636" count="1" type="stmt"/>
        <line num="638" count="1" type="stmt"/>
        <line num="639" count="1" type="cond" truecount="1" falsecount="1"/>
        <line num="640" count="1" type="cond" truecount="1" falsecount="1"/>
        <line num="642" count="0" type="stmt"/>
        <line num="643" count="0" type="cond" truecount="0" falsecount="2"/>
        <line num="644" count="0" type="stmt"/>
        <line num="645" count="0" type="stmt"/>
        <line num="651" count="7" type="stmt"/>
        <line num="652" count="0" type="stmt"/>
        <line num="653" count="0" type="stmt"/>
        <line num="656" count="0" type="stmt"/>
        <line num="657" count="0" type="cond" truecount="0" falsecount="2"/>
        <line num="658" count="0" type="stmt"/>
        <line num="663" count="7" type="stmt"/>
        <line num="664" count="0" type="stmt"/>
        <line num="665" count="0" type="stmt"/>
        <line num="666" count="0" type="stmt"/>
        <line num="667" count="0" type="stmt"/>
        <line num="669" count="0" type="stmt"/>
        <line num="674" count="0" type="cond" truecount="0" falsecount="2"/>
        <line num="675" count="0" type="cond" truecount="0" falsecount="2"/>
        <line num="676" count="0" type="stmt"/>
        <line num="677" count="0" type="stmt"/>
        <line num="679" count="0" type="cond" truecount="0" falsecount="2"/>
        <line num="680" count="0" type="stmt"/>
        <line num="681" count="0" type="stmt"/>
        <line num="683" count="0" type="stmt"/>
        <line num="684" count="0" type="stmt"/>
        <line num="685" count="0" type="stmt"/>
        <line num="686" count="0" type="stmt"/>
        <line num="691" count="7" type="stmt"/>
        <line num="692" count="0" type="stmt"/>
        <line num="693" count="0" type="stmt"/>
        <line num="695" count="0" type="stmt"/>
        <line num="696" count="0" type="cond" truecount="0" falsecount="2"/>
        <line num="697" count="0" type="cond" truecount="0" falsecount="2"/>
        <line num="698" count="0" type="stmt"/>
        <line num="703" count="7" type="stmt"/>
        <line num="704" count="0" type="stmt"/>
        <line num="705" count="0" type="stmt"/>
        <line num="707" count="0" type="stmt"/>
        <line num="708" count="0" type="cond" truecount="0" falsecount="2"/>
        <line num="709" count="0" type="cond" truecount="0" falsecount="2"/>
        <line num="710" count="0" type="stmt"/>
        <line num="715" count="7" type="stmt"/>
        <line num="716" count="0" type="stmt"/>
        <line num="717" count="0" type="stmt"/>
        <line num="722" count="0" type="stmt"/>
        <line num="723" count="0" type="cond" truecount="0" falsecount="2"/>
        <line num="724" count="0" type="stmt"/>
        <line num="731" count="7" type="stmt"/>
        <line num="732" count="1" type="stmt"/>
        <line num="733" count="1" type="stmt"/>
        <line num="734" count="1" type="cond" truecount="1" falsecount="1"/>
        <line num="735" count="1" type="stmt"/>
        <line num="740" count="7" type="stmt"/>
        <line num="741" count="2" type="stmt"/>
        <line num="742" count="2" type="stmt"/>
        <line num="743" count="2" type="cond" truecount="1" falsecount="1"/>
        <line num="744" count="2" type="stmt"/>
        <line num="749" count="7" type="stmt"/>
        <line num="750" count="0" type="stmt"/>
        <line num="751" count="0" type="stmt"/>
        <line num="754" count="0" type="stmt"/>
        <line num="755" count="0" type="cond" truecount="0" falsecount="2"/>
        <line num="756" count="0" type="stmt"/>
        <line num="761" count="7" type="stmt"/>
        <line num="762" count="0" type="stmt"/>
        <line num="763" count="0" type="stmt"/>
        <line num="765" count="0" type="stmt"/>
        <line num="770" count="0" type="cond" truecount="0" falsecount="2"/>
        <line num="771" count="0" type="cond" truecount="0" falsecount="2"/>
        <line num="772" count="0" type="cond" truecount="0" falsecount="2"/>
        <line num="773" count="0" type="stmt"/>
        <line num="778" count="7" type="stmt"/>
        <line num="779" count="0" type="stmt"/>
        <line num="780" count="0" type="stmt"/>
        <line num="782" count="0" type="stmt"/>
        <line num="783" count="0" type="cond" truecount="0" falsecount="2"/>
        <line num="784" count="0" type="cond" truecount="0" falsecount="2"/>
        <line num="785" count="0" type="stmt"/>
        <line num="790" count="7" type="stmt"/>
        <line num="791" count="1" type="stmt"/>
        <line num="792" count="1" type="stmt"/>
        <line num="794" count="1" type="stmt"/>
        <line num="797" count="1" type="stmt"/>
        <line num="798" count="1" type="cond" truecount="1" falsecount="1"/>
        <line num="799" count="1" type="stmt"/>
        <line num="806" count="7" type="stmt"/>
        <line num="807" count="0" type="stmt"/>
        <line num="810" count="0" type="stmt"/>
        <line num="811" count="0" type="stmt"/>
        <line num="812" count="0" type="stmt"/>
        <line num="814" count="0" type="stmt"/>
        <line num="818" count="0" type="stmt"/>
        <line num="819" count="0" type="cond" truecount="0" falsecount="2"/>
        <line num="820" count="0" type="stmt"/>
        <line num="830" count="7" type="stmt"/>
        <line num="831" count="1" type="stmt"/>
        <line num="832" count="1" type="stmt"/>
        <line num="834" count="1" type="stmt"/>
        <line num="835" count="1" type="cond" truecount="1" falsecount="1"/>
        <line num="836" count="1" type="cond" truecount="1" falsecount="1"/>
        <line num="837" count="0" type="stmt"/>
        <line num="844" count="7" type="stmt"/>
        <line num="846" count="0" type="stmt"/>
        <line num="848" count="0" type="stmt"/>
        <line num="852" count="0" type="stmt"/>
        <line num="854" count="0" type="cond" truecount="0" falsecount="2"/>
        <line num="855" count="0" type="stmt"/>
        <line num="860" count="7" type="stmt"/>
        <line num="861" count="0" type="stmt"/>
        <line num="862" count="0" type="stmt"/>
        <line num="863" count="0" type="cond" truecount="0" falsecount="2"/>
        <line num="864" count="0" type="stmt"/>
        <line num="869" count="7" type="stmt"/>
        <line num="870" count="0" type="stmt"/>
        <line num="871" count="0" type="stmt"/>
        <line num="873" count="0" type="stmt"/>
        <line num="874" count="0" type="cond" truecount="0" falsecount="2"/>
        <line num="875" count="0" type="stmt"/>
        <line num="882" count="7" type="stmt"/>
        <line num="883" count="2" type="stmt"/>
        <line num="886" count="2" type="stmt"/>
        <line num="887" count="2" type="cond" truecount="1" falsecount="1"/>
        <line num="889" count="2" type="cond" truecount="1" falsecount="1"/>
        <line num="890" count="0" type="stmt"/>
        <line num="897" count="2" type="stmt"/>
        <line num="900" count="2" type="stmt"/>
        <line num="901" count="2" type="cond" truecount="1" falsecount="1"/>
        <line num="903" count="2" type="stmt"/>
        <line num="904" count="2" type="stmt"/>
        <line num="906" count="2" type="stmt"/>
        <line num="909" count="2" type="stmt"/>
        <line num="910" count="2" type="cond" truecount="2" falsecount="0"/>
        <line num="913" count="1" type="stmt"/>
        <line num="914" count="1" type="stmt"/>
        <line num="916" count="1" type="stmt"/>
        <line num="923" count="7" type="stmt"/>
        <line num="924" count="1" type="stmt"/>
        <line num="925" count="1" type="stmt"/>
        <line num="926" count="1" type="stmt"/>
        <line num="928" count="1" type="stmt"/>
        <line num="930" count="1" type="stmt"/>
        <line num="931" count="1" type="cond" truecount="3" falsecount="1"/>
        <line num="934" count="0" type="stmt"/>
        <line num="935" count="0" type="stmt"/>
        <line num="938" count="0" type="stmt"/>
        <line num="950" count="0" type="stmt"/>
        <line num="953" count="0" type="cond" truecount="0" falsecount="2"/>
        <line num="954" count="0" type="cond" truecount="0" falsecount="2"/>
        <line num="957" count="0" type="stmt"/>
        <line num="967" count="0" type="stmt"/>
        <line num="968" count="0" type="stmt"/>
        <line num="973" count="7" type="stmt"/>
        <line num="974" count="0" type="cond" truecount="0" falsecount="4"/>
        <line num="975" count="0" type="stmt"/>
        <line num="978" count="0" type="stmt"/>
        <line num="981" count="0" type="stmt"/>
        <line num="982" count="0" type="cond" truecount="0" falsecount="4"/>
        <line num="983" count="0" type="stmt"/>
        <line num="987" count="0" type="stmt"/>
        <line num="991" count="0" type="cond" truecount="0" falsecount="2"/>
        <line num="993" count="0" type="cond" truecount="0" falsecount="2"/>
        <line num="994" count="0" type="stmt"/>
        <line num="998" count="0" type="stmt"/>
        <line num="1002" count="0" type="cond" truecount="0" falsecount="2"/>
        <line num="1003" count="0" type="cond" truecount="0" falsecount="2"/>
        <line num="1005" count="0" type="stmt"/>
        <line num="1007" count="0" type="stmt"/>
        <line num="1021" count="7" type="stmt"/>
        <line num="1022" count="0" type="stmt"/>
        <line num="1024" count="0" type="stmt"/>
        <line num="1025" count="0" type="cond" truecount="0" falsecount="4"/>
        <line num="1026" count="0" type="stmt"/>
        <line num="1029" count="0" type="cond" truecount="0" falsecount="2"/>
        <line num="1030" count="0" type="stmt"/>
        <line num="1033" count="0" type="stmt"/>
        <line num="1037" count="0" type="stmt"/>
        <line num="1038" count="0" type="cond" truecount="0" falsecount="2"/>
        <line num="1040" count="0" type="stmt"/>
        <line num="1041" count="0" type="stmt"/>
        <line num="1051" count="7" type="stmt"/>
        <line num="1052" count="0" type="stmt"/>
        <line num="1054" count="0" type="stmt"/>
        <line num="1055" count="0" type="cond" truecount="0" falsecount="4"/>
        <line num="1056" count="0" type="stmt"/>
        <line num="1059" count="0" type="cond" truecount="0" falsecount="2"/>
        <line num="1060" count="0" type="stmt"/>
        <line num="1063" count="0" type="cond" truecount="0" falsecount="2"/>
        <line num="1064" count="0" type="stmt"/>
        <line num="1067" count="0" type="stmt"/>
        <line num="1071" count="0" type="stmt"/>
        <line num="1072" count="0" type="cond" truecount="0" falsecount="2"/>
        <line num="1074" count="0" type="stmt"/>
        <line num="1075" count="0" type="stmt"/>
        <line num="1085" count="7" type="stmt"/>
        <line num="1086" count="0" type="cond" truecount="0" falsecount="4"/>
        <line num="1087" count="0" type="stmt"/>
        <line num="1090" count="0" type="stmt"/>
        <line num="1098" count="0" type="stmt"/>
        <line num="1105" count="0" type="stmt"/>
        <line num="1106" count="0" type="cond" truecount="0" falsecount="2"/>
        <line num="1108" count="0" type="stmt"/>
        <line num="1109" count="0" type="cond" truecount="0" falsecount="2"/>
        <line num="1111" count="0" type="stmt"/>
        <line num="1123" count="7" type="stmt"/>
        <line num="1124" count="0" type="cond" truecount="0" falsecount="4"/>
        <line num="1125" count="0" type="stmt"/>
        <line num="1128" count="0" type="stmt"/>
        <line num="1130" count="0" type="cond" truecount="0" falsecount="5"/>
        <line num="1131" count="0" type="stmt"/>
        <line num="1134" count="0" type="cond" truecount="0" falsecount="2"/>
        <line num="1135" count="0" type="stmt"/>
        <line num="1136" count="0" type="stmt"/>
        <line num="1138" count="0" type="stmt"/>
        <line num="1139" count="0" type="cond" truecount="0" falsecount="2"/>
        <line num="1141" count="0" type="stmt"/>
        <line num="1142" count="0" type="stmt"/>
        <line num="1152" count="7" type="stmt"/>
        <line num="1153" count="0" type="cond" truecount="0" falsecount="4"/>
        <line num="1154" count="0" type="stmt"/>
        <line num="1157" count="0" type="stmt"/>
        <line num="1160" count="0" type="stmt"/>
        <line num="1166" count="0" type="cond" truecount="0" falsecount="2"/>
        <line num="1168" count="0" type="cond" truecount="0" falsecount="2"/>
        <line num="1169" count="0" type="stmt"/>
        <line num="1173" count="0" type="stmt"/>
        <line num="1177" count="0" type="stmt"/>
        <line num="1178" count="0" type="cond" truecount="0" falsecount="2"/>
        <line num="1180" count="0" type="stmt"/>
        <line num="1182" count="0" type="stmt"/>
        <line num="1195" count="7" type="stmt"/>
        <line num="1196" count="0" type="stmt"/>
        <line num="1198" count="0" type="stmt"/>
        <line num="1199" count="0" type="cond" truecount="0" falsecount="4"/>
        <line num="1200" count="0" type="stmt"/>
        <line num="1203" count="0" type="cond" truecount="0" falsecount="2"/>
        <line num="1204" count="0" type="stmt"/>
        <line num="1207" count="0" type="stmt"/>
        <line num="1211" count="0" type="stmt"/>
        <line num="1212" count="0" type="cond" truecount="0" falsecount="2"/>
        <line num="1214" count="0" type="stmt"/>
        <line num="1215" count="0" type="stmt"/>
        <line num="1225" count="7" type="stmt"/>
        <line num="1226" count="0" type="stmt"/>
        <line num="1228" count="0" type="stmt"/>
        <line num="1229" count="0" type="cond" truecount="0" falsecount="4"/>
        <line num="1230" count="0" type="stmt"/>
        <line num="1233" count="0" type="cond" truecount="0" falsecount="2"/>
        <line num="1234" count="0" type="stmt"/>
        <line num="1237" count="0" type="cond" truecount="0" falsecount="2"/>
        <line num="1238" count="0" type="stmt"/>
        <line num="1241" count="0" type="stmt"/>
        <line num="1245" count="0" type="stmt"/>
        <line num="1246" count="0" type="cond" truecount="0" falsecount="2"/>
        <line num="1248" count="0" type="stmt"/>
        <line num="1249" count="0" type="stmt"/>
        <line num="1259" count="7" type="stmt"/>
        <line num="1260" count="0" type="cond" truecount="0" falsecount="4"/>
        <line num="1261" count="0" type="stmt"/>
        <line num="1264" count="0" type="stmt"/>
        <line num="1285" count="0" type="stmt"/>
        <line num="1286" count="0" type="cond" truecount="0" falsecount="2"/>
        <line num="1287" count="0" type="stmt"/>
        <line num="1292" count="7" type="stmt"/>
        <line num="1293" count="0" type="stmt"/>
        <line num="1296" count="0" type="stmt"/>
        <line num="1304" count="0" type="stmt"/>
        <line num="1305" count="0" type="stmt"/>
        <line num="1306" count="0" type="stmt"/>
        <line num="1309" count="0" type="cond" truecount="0" falsecount="2"/>
        <line num="1310" count="0" type="stmt"/>
        <line num="1311" count="0" type="stmt"/>
        <line num="1313" count="0" type="stmt"/>
        <line num="1317" count="0" type="stmt"/>
        <line num="1318" count="0" type="cond" truecount="0" falsecount="2"/>
        <line num="1321" count="0" type="stmt"/>
        <line num="1322" count="0" type="stmt"/>
        <line num="1325" count="0" type="stmt"/>
        <line num="1330" count="7" type="stmt"/>
        <line num="1331" count="0" type="stmt"/>
        <line num="1333" count="0" type="cond" truecount="0" falsecount="6"/>
        <line num="1334" count="0" type="stmt"/>
        <line num="1339" count="0" type="stmt"/>
        <line num="1351" count="0" type="stmt"/>
        <line num="1358" count="0" type="cond" truecount="0" falsecount="2"/>
        <line num="1360" count="0" type="cond" truecount="0" falsecount="2"/>
        <line num="1361" count="0" type="stmt"/>
        <line num="1363" count="0" type="stmt"/>
        <line num="1370" count="0" type="stmt"/>
        <line num="1376" count="7" type="stmt"/>
        <line num="1377" count="0" type="stmt"/>
        <line num="1379" count="0" type="cond" truecount="0" falsecount="5"/>
        <line num="1380" count="0" type="stmt"/>
        <line num="1383" count="0" type="stmt"/>
        <line num="1390" count="0" type="stmt"/>
        <line num="1401" count="0" type="stmt"/>
        <line num="1407" count="0" type="cond" truecount="0" falsecount="2"/>
        <line num="1410" count="0" type="stmt"/>
        <line num="1411" count="0" type="stmt"/>
        <line num="1415" count="0" type="stmt"/>
        <line num="1416" count="0" type="stmt"/>
        <line num="1419" count="0" type="stmt"/>
        <line num="1424" count="7" type="stmt"/>
        <line num="1425" count="2" type="stmt"/>
        <line num="1428" count="2" type="stmt"/>
        <line num="1430" count="2" type="stmt"/>
        <line num="1431" count="2" type="cond" truecount="1" falsecount="1"/>
        <line num="1433" count="2" type="stmt"/>
        <line num="1434" count="2" type="stmt"/>
        <line num="1436" count="2" type="stmt"/>
        <line num="1437" count="40" type="stmt"/>
        <line num="1438" count="40" type="stmt"/>
        <line num="1444" count="2" type="stmt"/>
        <line num="1451" count="7" type="stmt"/>
        <line num="1452" count="0" type="stmt"/>
        <line num="1455" count="0" type="stmt"/>
        <line num="1456" count="0" type="cond" truecount="0" falsecount="2"/>
        <line num="1459" count="0" type="stmt"/>
        <line num="1460" count="0" type="cond" truecount="0" falsecount="4"/>
        <line num="1463" count="0" type="stmt"/>
        <line num="1464" count="0" type="cond" truecount="0" falsecount="2"/>
        <line num="1467" count="0" type="stmt"/>
        <line num="1468" count="0" type="cond" truecount="0" falsecount="2"/>
        <line num="1471" count="0" type="stmt"/>
        <line num="1472" count="0" type="cond" truecount="0" falsecount="2"/>
        <line num="1475" count="0" type="stmt"/>
        <line num="1476" count="0" type="cond" truecount="0" falsecount="2"/>
        <line num="1478" count="0" type="stmt"/>
        <line num="1488" count="7" type="stmt"/>
        <line num="1489" count="0" type="stmt"/>
        <line num="1498" count="0" type="stmt"/>
        <line num="1499" count="0" type="cond" truecount="0" falsecount="2"/>
        <line num="1500" count="0" type="stmt"/>
        <line num="1507" count="7" type="stmt"/>
        <line num="1508" count="0" type="stmt"/>
        <line num="1509" count="0" type="cond" truecount="0" falsecount="2"/>
        <line num="1510" count="0" type="stmt"/>
        <line num="1515" count="7" type="stmt"/>
        <line num="1516" count="0" type="stmt"/>
        <line num="1517" count="0" type="cond" truecount="0" falsecount="2"/>
        <line num="1518" count="0" type="stmt"/>
        <line num="1523" count="7" type="stmt"/>
        <line num="1524" count="0" type="cond" truecount="0" falsecount="4"/>
        <line num="1525" count="0" type="stmt"/>
        <line num="1528" count="0" type="stmt"/>
        <line num="1547" count="0" type="stmt"/>
        <line num="1548" count="0" type="cond" truecount="0" falsecount="2"/>
        <line num="1549" count="0" type="stmt"/>
        <line num="1554" count="7" type="stmt"/>
        <line num="1555" count="0" type="stmt"/>
        <line num="1556" count="0" type="cond" truecount="0" falsecount="2"/>
        <line num="1557" count="0" type="stmt"/>
        <line num="1562" count="7" type="stmt"/>
        <line num="1563" count="0" type="stmt"/>
        <line num="1564" count="0" type="cond" truecount="0" falsecount="2"/>
        <line num="1565" count="0" type="stmt"/>
        <line num="1570" count="7" type="stmt"/>
        <line num="1571" count="0" type="stmt"/>
        <line num="1572" count="0" type="cond" truecount="0" falsecount="2"/>
        <line num="1573" count="0" type="stmt"/>
        <line num="1578" count="7" type="stmt"/>
        <line num="1579" count="0" type="stmt"/>
        <line num="1598" count="0" type="stmt"/>
        <line num="1599" count="0" type="cond" truecount="0" falsecount="2"/>
        <line num="1600" count="0" type="stmt"/>
        <line num="1601" count="0" type="stmt"/>
        <line num="1603" count="0" type="stmt"/>
        <line num="1608" count="7" type="stmt"/>
        <line num="1609" count="0" type="stmt"/>
        <line num="1610" count="0" type="stmt"/>
        <line num="1613" count="0" type="stmt"/>
        <line num="1615" count="0" type="cond" truecount="0" falsecount="4"/>
        <line num="1616" count="0" type="stmt"/>
        <line num="1619" count="0" type="stmt"/>
        <line num="1629" count="0" type="stmt"/>
        <line num="1652" count="0" type="stmt"/>
        <line num="1653" count="0" type="cond" truecount="0" falsecount="4"/>
        <line num="1655" count="0" type="stmt"/>
        <line num="1656" count="0" type="stmt"/>
        <line num="1657" count="0" type="cond" truecount="0" falsecount="4"/>
        <line num="1658" count="0" type="stmt"/>
        <line num="1659" count="0" type="stmt"/>
        <line num="1660" count="0" type="stmt"/>
        <line num="1662" count="0" type="stmt"/>
        <line num="1671" count="0" type="stmt"/>
        <line num="1690" count="0" type="stmt"/>
        <line num="1691" count="0" type="cond" truecount="0" falsecount="4"/>
        <line num="1692" count="0" type="stmt"/>
        <line num="1693" count="0" type="stmt"/>
        <line num="1694" count="0" type="cond" truecount="0" falsecount="5"/>
        <line num="1695" count="0" type="stmt"/>
        <line num="1696" count="0" type="stmt"/>
        <line num="1697" count="0" type="stmt"/>
        <line num="1699" count="0" type="stmt"/>
        <line num="1707" count="0" type="stmt"/>
        <line num="1723" count="0" type="stmt"/>
        <line num="1724" count="0" type="cond" truecount="0" falsecount="4"/>
        <line num="1725" count="0" type="stmt"/>
        <line num="1726" count="0" type="stmt"/>
        <line num="1727" count="0" type="stmt"/>
        <line num="1728" count="0" type="stmt"/>
        <line num="1729" count="0" type="stmt"/>
        <line num="1739" count="0" type="stmt"/>
        <line num="1754" count="0" type="stmt"/>
        <line num="1755" count="0" type="cond" truecount="0" falsecount="4"/>
        <line num="1756" count="0" type="stmt"/>
        <line num="1760" count="0" type="stmt"/>
        <line num="1776" count="0" type="stmt"/>
        <line num="1777" count="0" type="cond" truecount="0" falsecount="4"/>
        <line num="1778" count="0" type="stmt"/>
        <line num="1781" count="0" type="stmt"/>
        <line num="1782" count="0" type="stmt"/>
        <line num="1792" count="7" type="stmt"/>
        <line num="1793" count="0" type="stmt"/>
        <line num="1794" count="0" type="cond" truecount="0" falsecount="2"/>
        <line num="1795" count="0" type="stmt"/>
        <line num="1800" count="7" type="stmt"/>
        <line num="1801" count="0" type="stmt"/>
        <line num="1802" count="0" type="cond" truecount="0" falsecount="2"/>
        <line num="1803" count="0" type="stmt"/>
        <line num="1809" count="7" type="stmt"/>
        <line num="1810" count="7" type="stmt"/>
        <line num="1811" count="7" type="stmt"/>
        <line num="1814" count="7" type="stmt"/>
        <line num="1815" count="2" type="stmt"/>
        <line num="1816" count="2" type="stmt"/>
        <line num="1819" count="2" type="stmt"/>
        <line num="1821" count="2" type="stmt"/>
        <line num="1830" count="0" type="stmt"/>
        <line num="1833" count="0" type="stmt"/>
        <line num="1841" count="0" type="cond" truecount="0" falsecount="2"/>
        <line num="1842" count="0" type="stmt"/>
        <line num="1846" count="0" type="stmt"/>
        <line num="1847" count="0" type="stmt"/>
        <line num="1855" count="2" type="stmt"/>
        <line num="1856" count="2" type="stmt"/>
        <line num="1863" count="0" type="stmt"/>
        <line num="1865" count="0" type="stmt"/>
        <line num="1866" count="0" type="cond" truecount="0" falsecount="2"/>
        <line num="1867" count="0" type="stmt"/>
        <line num="1868" count="0" type="stmt"/>
        <line num="1872" count="0" type="stmt"/>
        <line num="1873" count="0" type="cond" truecount="0" falsecount="4"/>
        <line num="1874" count="0" type="stmt"/>
        <line num="1875" count="0" type="stmt"/>
        <line num="1879" count="0" type="stmt"/>
        <line num="1885" count="0" type="cond" truecount="0" falsecount="2"/>
        <line num="1886" count="0" type="stmt"/>
        <line num="1889" count="0" type="stmt"/>
        <line num="1895" count="0" type="cond" truecount="0" falsecount="4"/>
        <line num="1896" count="0" type="stmt"/>
        <line num="1897" count="0" type="stmt"/>
        <line num="1898" count="0" type="stmt"/>
        <line num="1901" count="0" type="stmt"/>
        <line num="1922" count="0" type="cond" truecount="0" falsecount="2"/>
        <line num="1924" count="0" type="stmt"/>
        <line num="1926" count="0" type="stmt"/>
        <line num="1934" count="0" type="stmt"/>
        <line num="1936" count="0" type="stmt"/>
        <line num="1939" count="0" type="stmt"/>
        <line num="1948" count="0" type="stmt"/>
        <line num="1954" count="0" type="cond" truecount="0" falsecount="2"/>
        <line num="1955" count="0" type="stmt"/>
        <line num="1961" count="0" type="cond" truecount="0" falsecount="2"/>
        <line num="1962" count="0" type="stmt"/>
        <line num="1963" count="0" type="cond" truecount="0" falsecount="2"/>
        <line num="1964" count="0" type="stmt"/>
        <line num="1966" count="0" type="cond" truecount="0" falsecount="2"/>
        <line num="1968" count="0" type="stmt"/>
        <line num="1970" count="0" type="cond" truecount="0" falsecount="2"/>
        <line num="1973" count="0" type="stmt"/>
        <line num="1979" count="0" type="cond" truecount="0" falsecount="5"/>
        <line num="1981" count="0" type="stmt"/>
        <line num="1983" count="0" type="cond" truecount="0" falsecount="2"/>
        <line num="1985" count="0" type="stmt"/>
        <line num="1991" count="0" type="cond" truecount="0" falsecount="2"/>
        <line num="1992" count="0" type="stmt"/>
        <line num="2001" count="0" type="stmt"/>
        <line num="2005" count="0" type="stmt"/>
        <line num="2012" count="7" type="stmt"/>
        <line num="2013" count="0" type="stmt"/>
        <line num="2015" count="0" type="stmt"/>
        <line num="2016" count="0" type="stmt"/>
        <line num="2017" count="0" type="stmt"/>
        <line num="2019" count="0" type="cond" truecount="0" falsecount="2"/>
        <line num="2021" count="0" type="stmt"/>
        <line num="2022" count="0" type="cond" truecount="0" falsecount="4"/>
        <line num="2023" count="0" type="stmt"/>
        <line num="2026" count="0" type="cond" truecount="0" falsecount="2"/>
        <line num="2028" count="0" type="stmt"/>
        <line num="2029" count="0" type="cond" truecount="0" falsecount="2"/>
        <line num="2030" count="0" type="stmt"/>
        <line num="2031" count="0" type="stmt"/>
        <line num="2041" count="0" type="stmt"/>
        <line num="2043" count="0" type="stmt"/>
        <line num="2046" count="0" type="stmt"/>
        <line num="2047" count="0" type="stmt"/>
        <line num="2051" count="7" type="stmt"/>
        <line num="2052" count="1" type="stmt"/>
        <line num="2053" count="1" type="stmt"/>
        <line num="2054" count="1" type="stmt"/>
        <line num="2056" count="0" type="cond" truecount="0" falsecount="2"/>
        <line num="2057" count="0" type="stmt"/>
        <line num="2060" count="0" type="stmt"/>
        <line num="2061" count="0" type="stmt"/>
        <line num="2066" count="1" type="stmt"/>
        <line num="2067" count="1" type="stmt"/>
        <line num="2072" count="7" type="stmt"/>
        <line num="2073" count="0" type="cond" truecount="0" falsecount="2"/>
        <line num="2074" count="0" type="stmt"/>
        <line num="2084" count="0" type="stmt"/>
        <line num="2089" count="7" type="stmt"/>
        <line num="2090" count="1" type="stmt"/>
        <line num="2091" count="1" type="stmt"/>
        <line num="2093" count="1" type="cond" truecount="1" falsecount="1"/>
        <line num="2094" count="1" type="stmt"/>
        <line num="2095" count="1" type="stmt"/>
        <line num="2098" count="0" type="stmt"/>
        <line num="2100" count="0" type="cond" truecount="0" falsecount="2"/>
        <line num="2101" count="0" type="stmt"/>
        <line num="2102" count="0" type="stmt"/>
        <line num="2103" count="0" type="stmt"/>
        <line num="2106" count="0" type="stmt"/>
        <line num="2108" count="0" type="stmt"/>
        <line num="2109" count="0" type="stmt"/>
        <line num="2116" count="7" type="stmt"/>
        <line num="2117" count="0" type="stmt"/>
        <line num="2118" count="0" type="stmt"/>
        <line num="2120" count="0" type="cond" truecount="0" falsecount="2"/>
        <line num="2122" count="0" type="cond" truecount="0" falsecount="2"/>
        <line num="2123" count="0" type="stmt"/>
        <line num="2125" count="0" type="stmt"/>
        <line num="2128" count="0" type="stmt"/>
        <line num="2129" count="0" type="stmt"/>
        <line num="2135" count="7" type="stmt"/>
        <line num="2138" count="7" type="stmt"/>
        <line num="2139" count="0" type="stmt"/>
        <line num="2140" count="0" type="cond" truecount="0" falsecount="2"/>
        <line num="2141" count="0" type="stmt"/>
        <line num="2144" count="0" type="stmt"/>
        <line num="2145" count="0" type="stmt"/>
        <line num="2154" count="0" type="stmt"/>
        <line num="2155" count="0" type="stmt"/>
        <line num="2160" count="7" type="stmt"/>
        <line num="2161" count="0" type="stmt"/>
        <line num="2162" count="0" type="cond" truecount="0" falsecount="2"/>
        <line num="2163" count="0" type="stmt"/>
        <line num="2166" count="0" type="stmt"/>
        <line num="2167" count="0" type="stmt"/>
        <line num="2176" count="0" type="stmt"/>
        <line num="2177" count="0" type="stmt"/>
        <line num="2184" count="7" type="stmt"/>
        <line num="2190" count="0" type="stmt"/>
        <line num="2192" count="0" type="stmt"/>
        <line num="2199" count="0" type="stmt"/>
        <line num="2206" count="0" type="stmt"/>
        <line num="2207" count="0" type="cond" truecount="0" falsecount="2"/>
        <line num="2208" count="0" type="stmt"/>
        <line num="2209" count="0" type="stmt"/>
        <line num="2213" count="0" type="stmt"/>
        <line num="2214" count="0" type="stmt"/>
        <line num="2216" count="0" type="stmt"/>
        <line num="2217" count="0" type="stmt"/>
        <line num="2222" count="7" type="stmt"/>
        <line num="2223" count="0" type="stmt"/>
        <line num="2224" count="0" type="stmt"/>
        <line num="2227" count="0" type="stmt"/>
        <line num="2228" count="0" type="cond" truecount="0" falsecount="4"/>
        <line num="2229" count="0" type="stmt"/>
        <line num="2232" count="0" type="stmt"/>
        <line num="2235" count="0" type="stmt"/>
        <line num="2236" count="0" type="cond" truecount="0" falsecount="2"/>
        <line num="2237" count="0" type="stmt"/>
        <line num="2238" count="0" type="stmt"/>
        <line num="2242" count="0" type="stmt"/>
        <line num="2248" count="0" type="stmt"/>
        <line num="2249" count="0" type="stmt"/>
        <line num="2255" count="7" type="stmt"/>
        <line num="2257" count="0" type="stmt"/>
        <line num="2259" count="0" type="stmt"/>
        <line num="2263" count="0" type="stmt"/>
        <line num="2265" count="0" type="cond" truecount="0" falsecount="2"/>
        <line num="2266" count="0" type="stmt"/>
        <line num="2267" count="0" type="stmt"/>
        <line num="2271" count="0" type="stmt"/>
        <line num="2276" count="0" type="stmt"/>
        <line num="2277" count="0" type="stmt"/>
        <line num="2282" count="7" type="stmt"/>
        <line num="2283" count="0" type="stmt"/>
        <line num="2285" count="0" type="stmt"/>
        <line num="2286" count="0" type="stmt"/>
        <line num="2287" count="0" type="stmt"/>
        <line num="2289" count="0" type="stmt"/>
        <line num="2293" count="0" type="stmt"/>
        <line num="2294" count="0" type="cond" truecount="0" falsecount="2"/>
        <line num="2295" count="0" type="stmt"/>
        <line num="2296" count="0" type="stmt"/>
        <line num="2300" count="0" type="cond" truecount="0" falsecount="2"/>
        <line num="2301" count="0" type="stmt"/>
        <line num="2309" count="0" type="stmt"/>
        <line num="2310" count="0" type="stmt"/>
        <line num="2321" count="7" type="stmt"/>
        <line num="2322" count="0" type="cond" truecount="0" falsecount="4"/>
        <line num="2323" count="0" type="stmt"/>
        <line num="2325" count="0" type="stmt"/>
        <line num="2331" count="7" type="stmt"/>
        <line num="2332" count="0" type="stmt"/>
        <line num="2334" count="0" type="stmt"/>
        <line num="2335" count="0" type="cond" truecount="0" falsecount="2"/>
        <line num="2336" count="0" type="stmt"/>
        <line num="2337" count="0" type="stmt"/>
        <line num="2339" count="0" type="stmt"/>
        <line num="2344" count="7" type="stmt"/>
        <line num="2345" count="0" type="stmt"/>
        <line num="2346" count="0" type="stmt"/>
        <line num="2347" count="0" type="stmt"/>
        <line num="2350" count="0" type="cond" truecount="0" falsecount="2"/>
        <line num="2351" count="0" type="stmt"/>
        <line num="2355" count="0" type="stmt"/>
        <line num="2357" count="0" type="stmt"/>
        <line num="2359" count="0" type="stmt"/>
        <line num="2360" count="0" type="cond" truecount="0" falsecount="2"/>
        <line num="2361" count="0" type="stmt"/>
        <line num="2362" count="0" type="cond" truecount="0" falsecount="2"/>
        <line num="2363" count="0" type="stmt"/>
        <line num="2365" count="0" type="stmt"/>
        <line num="2368" count="0" type="stmt"/>
        <line num="2369" count="0" type="stmt"/>
        <line num="2372" count="0" type="stmt"/>
        <line num="2373" count="0" type="stmt"/>
        <line num="2378" count="7" type="stmt"/>
        <line num="2379" count="0" type="stmt"/>
        <line num="2380" count="0" type="stmt"/>
        <line num="2381" count="0" type="stmt"/>
        <line num="2384" count="0" type="cond" truecount="0" falsecount="4"/>
        <line num="2385" count="0" type="stmt"/>
        <line num="2388" count="0" type="stmt"/>
        <line num="2389" count="0" type="stmt"/>
        <line num="2390" count="0" type="stmt"/>
        <line num="2392" count="0" type="cond" truecount="0" falsecount="2"/>
        <line num="2393" count="0" type="stmt"/>
        <line num="2394" count="0" type="stmt"/>
        <line num="2396" count="0" type="cond" truecount="0" falsecount="2"/>
        <line num="2397" count="0" type="cond" truecount="0" falsecount="2"/>
        <line num="2398" count="0" type="stmt"/>
        <line num="2400" count="0" type="stmt"/>
        <line num="2401" count="0" type="stmt"/>
        <line num="2403" count="0" type="cond" truecount="0" falsecount="2"/>
        <line num="2404" count="0" type="stmt"/>
        <line num="2405" count="0" type="stmt"/>
        <line num="2408" count="0" type="cond" truecount="0" falsecount="2"/>
        <line num="2409" count="0" type="stmt"/>
        <line num="2412" count="0" type="stmt"/>
        <line num="2413" count="0" type="stmt"/>
        <line num="2415" count="0" type="stmt"/>
        <line num="2416" count="0" type="cond" truecount="0" falsecount="2"/>
        <line num="2417" count="0" type="stmt"/>
        <line num="2418" count="0" type="stmt"/>
        <line num="2421" count="0" type="stmt"/>
        <line num="2422" count="0" type="stmt"/>
        <line num="2425" count="0" type="stmt"/>
        <line num="2426" count="0" type="stmt"/>
        <line num="2431" count="7" type="stmt"/>
        <line num="2432" count="0" type="stmt"/>
        <line num="2435" count="0" type="cond" truecount="0" falsecount="2"/>
        <line num="2436" count="0" type="stmt"/>
        <line num="2439" count="0" type="stmt"/>
        <line num="2441" count="0" type="stmt"/>
        <line num="2442" count="0" type="cond" truecount="0" falsecount="2"/>
        <line num="2443" count="0" type="stmt"/>
        <line num="2444" count="0" type="stmt"/>
        <line num="2447" count="0" type="stmt"/>
        <line num="2448" count="0" type="stmt"/>
        <line num="2453" count="7" type="stmt"/>
        <line num="2454" count="0" type="stmt"/>
        <line num="2455" count="0" type="stmt"/>
        <line num="2456" count="0" type="stmt"/>
        <line num="2457" count="0" type="stmt"/>
        <line num="2459" count="0" type="cond" truecount="0" falsecount="4"/>
        <line num="2460" count="0" type="stmt"/>
        <line num="2463" count="0" type="stmt"/>
        <line num="2465" count="0" type="stmt"/>
        <line num="2467" count="0" type="stmt"/>
        <line num="2468" count="0" type="cond" truecount="0" falsecount="2"/>
        <line num="2469" count="0" type="stmt"/>
        <line num="2470" count="0" type="stmt"/>
        <line num="2473" count="0" type="stmt"/>
        <line num="2474" count="0" type="stmt"/>
        <line num="2477" count="0" type="stmt"/>
        <line num="2478" count="0" type="stmt"/>
        <line num="2486" count="7" type="stmt"/>
        <line num="2487" count="4" type="stmt"/>
        <line num="2489" count="4" type="cond" truecount="6" falsecount="0"/>
        <line num="2490" count="3" type="stmt"/>
        <line num="2493" count="1" type="stmt"/>
        <line num="2494" count="1" type="stmt"/>
        <line num="2495" count="1" type="stmt"/>
        <line num="2497" count="1" type="stmt"/>
        <line num="2500" count="1" type="stmt"/>
        <line num="2501" count="1" type="cond" truecount="1" falsecount="1"/>
        <line num="2502" count="0" type="cond" truecount="0" falsecount="2"/>
        <line num="2503" count="0" type="stmt"/>
        <line num="2505" count="0" type="stmt"/>
        <line num="2508" count="1" type="stmt"/>
        <line num="2514" count="0" type="stmt"/>
        <line num="2519" count="7" type="stmt"/>
        <line num="2520" count="1" type="stmt"/>
        <line num="2522" count="1" type="cond" truecount="2" falsecount="2"/>
        <line num="2523" count="1" type="stmt"/>
        <line num="2526" count="0" type="stmt"/>
        <line num="2528" count="0" type="stmt"/>
        <line num="2529" count="0" type="cond" truecount="0" falsecount="2"/>
        <line num="2530" count="0" type="stmt"/>
        <line num="2533" count="0" type="cond" truecount="0" falsecount="2"/>
        <line num="2534" count="0" type="stmt"/>
        <line num="2537" count="0" type="stmt"/>
        <line num="2538" count="0" type="stmt"/>
        <line num="2539" count="0" type="stmt"/>
        <line num="2541" count="0" type="cond" truecount="0" falsecount="2"/>
        <line num="2542" count="0" type="stmt"/>
        <line num="2546" count="0" type="stmt"/>
        <line num="2549" count="0" type="stmt"/>
        <line num="2556" count="0" type="stmt"/>
        <line num="2566" count="0" type="stmt"/>
        <line num="2572" count="7" type="stmt"/>
        <line num="2573" count="0" type="stmt"/>
        <line num="2574" count="0" type="cond" truecount="0" falsecount="2"/>
        <line num="2575" count="0" type="stmt"/>
        <line num="2577" count="0" type="stmt"/>
        <line num="2582" count="7" type="stmt"/>
        <line num="2583" count="1" type="cond" truecount="1" falsecount="1"/>
        <line num="2584" count="0" type="stmt"/>
        <line num="2589" count="1" type="stmt"/>
        <line num="2594" count="7" type="stmt"/>
        <line num="2595" count="0" type="cond" truecount="0" falsecount="2"/>
        <line num="2596" count="0" type="stmt"/>
        <line num="2598" count="0" type="stmt"/>
        <line num="2602" count="7" type="stmt"/>
        <line num="2603" count="0" type="stmt"/>
        <line num="2604" count="0" type="stmt"/>
        <line num="2606" count="0" type="stmt"/>
        <line num="2615" count="0" type="cond" truecount="0" falsecount="4"/>
        <line num="2616" count="0" type="stmt"/>
        <line num="2624" count="0" type="stmt"/>
        <line num="2625" count="0" type="cond" truecount="0" falsecount="4"/>
        <line num="2628" count="0" type="cond" truecount="0" falsecount="4"/>
        <line num="2629" count="0" type="stmt"/>
        <line num="2636" count="0" type="stmt"/>
        <line num="2637" count="0" type="cond" truecount="0" falsecount="2"/>
        <line num="2640" count="0" type="stmt"/>
        <line num="2647" count="0" type="stmt"/>
        <line num="2648" count="0" type="cond" truecount="0" falsecount="4"/>
        <line num="2649" count="0" type="stmt"/>
        <line num="2653" count="0" type="stmt"/>
        <line num="2656" count="0" type="cond" truecount="0" falsecount="2"/>
        <line num="2658" count="0" type="stmt"/>
        <line num="2665" count="0" type="stmt"/>
        <line num="2666" count="0" type="cond" truecount="0" falsecount="2"/>
        <line num="2668" count="0" type="stmt"/>
        <line num="2675" count="0" type="stmt"/>
        <line num="2676" count="0" type="cond" truecount="0" falsecount="4"/>
        <line num="2677" count="0" type="stmt"/>
        <line num="2684" count="7" type="stmt"/>
        <line num="2685" count="0" type="stmt"/>
        <line num="2687" count="0" type="stmt"/>
        <line num="2694" count="0" type="stmt"/>
        <line num="2695" count="0" type="cond" truecount="0" falsecount="2"/>
        <line num="2696" count="0" type="stmt"/>
        <line num="2699" count="0" type="cond" truecount="0" falsecount="2"/>
        <line num="2700" count="0" type="stmt"/>
        <line num="2704" count="0" type="stmt"/>
        <line num="2705" count="0" type="stmt"/>
        <line num="2706" count="0" type="stmt"/>
        <line num="2708" count="0" type="stmt"/>
        <line num="2718" count="7" type="stmt"/>
        <line num="2719" count="0" type="stmt"/>
        <line num="2720" count="0" type="stmt"/>
        <line num="2722" count="0" type="cond" truecount="0" falsecount="4"/>
        <line num="2723" count="0" type="stmt"/>
        <line num="2726" count="0" type="stmt"/>
        <line num="2731" count="0" type="stmt"/>
        <line num="2732" count="0" type="cond" truecount="0" falsecount="2"/>
        <line num="2733" count="0" type="stmt"/>
        <line num="2736" count="0" type="stmt"/>
        <line num="2744" count="7" type="stmt"/>
        <line num="2745" count="0" type="stmt"/>
        <line num="2747" count="0" type="stmt"/>
        <line num="2749" count="0" type="stmt"/>
        <line num="2750" count="0" type="cond" truecount="0" falsecount="2"/>
        <line num="2751" count="0" type="stmt"/>
        <line num="2753" count="0" type="stmt"/>
        <line num="2758" count="7" type="stmt"/>
        <line num="2759" count="0" type="stmt"/>
        <line num="2760" count="0" type="stmt"/>
        <line num="2762" count="0" type="stmt"/>
        <line num="2764" count="0" type="stmt"/>
        <line num="2765" count="0" type="cond" truecount="0" falsecount="2"/>
        <line num="2766" count="0" type="stmt"/>
        <line num="2768" count="0" type="stmt"/>
        <line num="2770" count="0" type="stmt"/>
        <line num="2777" count="7" type="stmt"/>
        <line num="2778" count="0" type="stmt"/>
        <line num="2779" count="0" type="stmt"/>
        <line num="2780" count="0" type="stmt"/>
        <line num="2781" count="0" type="stmt"/>
        <line num="2784" count="0" type="stmt"/>
        <line num="2785" count="0" type="stmt"/>
        <line num="2787" count="0" type="stmt"/>
        <line num="2790" count="0" type="stmt"/>
        <line num="2791" count="0" type="cond" truecount="0" falsecount="2"/>
        <line num="2792" count="0" type="stmt"/>
        <line num="2793" count="0" type="stmt"/>
        <line num="2797" count="0" type="stmt"/>
        <line num="2798" count="0" type="stmt"/>
        <line num="2801" count="0" type="stmt"/>
        <line num="2802" count="0" type="stmt"/>
        <line num="2810" count="0" type="stmt"/>
        <line num="2815" count="7" type="stmt"/>
        <line num="2816" count="0" type="stmt"/>
        <line num="2817" count="0" type="stmt"/>
        <line num="2818" count="0" type="stmt"/>
        <line num="2821" count="0" type="stmt"/>
        <line num="2822" count="0" type="cond" truecount="0" falsecount="4"/>
        <line num="2823" count="0" type="stmt"/>
        <line num="2827" count="0" type="stmt"/>
        <line num="2829" count="0" type="stmt"/>
        <line num="2834" count="0" type="stmt"/>
        <line num="2835" count="0" type="cond" truecount="0" falsecount="2"/>
        <line num="2836" count="0" type="stmt"/>
        <line num="2837" count="0" type="stmt"/>
        <line num="2840" count="0" type="stmt"/>
        <line num="2841" count="0" type="stmt"/>
        <line num="2851" count="0" type="stmt"/>
        <line num="2856" count="7" type="stmt"/>
        <line num="2857" count="0" type="stmt"/>
        <line num="2859" count="0" type="cond" truecount="0" falsecount="4"/>
        <line num="2860" count="0" type="stmt"/>
        <line num="2863" count="0" type="stmt"/>
        <line num="2864" count="0" type="stmt"/>
        <line num="2867" count="0" type="cond" truecount="0" falsecount="2"/>
        <line num="2869" count="0" type="stmt"/>
        <line num="2870" count="0" type="cond" truecount="0" falsecount="2"/>
        <line num="2871" count="0" type="stmt"/>
        <line num="2873" count="0" type="stmt"/>
        <line num="2874" count="0" type="stmt"/>
        <line num="2875" count="0" type="cond" truecount="0" falsecount="4"/>
        <line num="2877" count="0" type="stmt"/>
        <line num="2878" count="0" type="stmt"/>
        <line num="2880" count="0" type="stmt"/>
        <line num="2883" count="0" type="stmt"/>
        <line num="2888" count="0" type="stmt"/>
        <line num="2889" count="0" type="stmt"/>
        <line num="2896" count="7" type="stmt"/>
        <line num="2897" count="0" type="stmt"/>
        <line num="2898" count="0" type="stmt"/>
        <line num="2901" count="0" type="stmt"/>
        <line num="2918" count="0" type="stmt"/>
        <line num="2919" count="0" type="cond" truecount="0" falsecount="2"/>
        <line num="2920" count="0" type="stmt"/>
        <line num="2924" count="0" type="stmt"/>
        <line num="2925" count="0" type="cond" truecount="0" falsecount="4"/>
        <line num="2926" count="0" type="stmt"/>
        <line num="2930" count="0" type="stmt"/>
        <line num="2938" count="7" type="stmt"/>
        <line num="2939" count="0" type="stmt"/>
        <line num="2940" count="0" type="stmt"/>
        <line num="2941" count="0" type="stmt"/>
        <line num="2942" count="0" type="stmt"/>
        <line num="2943" count="0" type="stmt"/>
        <line num="2946" count="0" type="stmt"/>
        <line num="2953" count="0" type="cond" truecount="0" falsecount="4"/>
        <line num="2954" count="0" type="stmt"/>
        <line num="2957" count="0" type="cond" truecount="0" falsecount="2"/>
        <line num="2958" count="0" type="stmt"/>
        <line num="2961" count="0" type="cond" truecount="0" falsecount="3"/>
        <line num="2963" count="0" type="cond" truecount="0" falsecount="2"/>
        <line num="2964" count="0" type="stmt"/>
        <line num="2968" count="0" type="stmt"/>
        <line num="2969" count="0" type="stmt"/>
        <line num="2982" count="0" type="stmt"/>
        <line num="2988" count="0" type="stmt"/>
        <line num="2996" count="0" type="stmt"/>
        <line num="2997" count="0" type="stmt"/>
        <line num="3004" count="0" type="stmt"/>
        <line num="3005" count="0" type="stmt"/>
        <line num="3010" count="0" type="stmt"/>
        <line num="3015" count="7" type="stmt"/>
        <line num="3016" count="0" type="stmt"/>
        <line num="3018" count="0" type="stmt"/>
        <line num="3032" count="0" type="stmt"/>
        <line num="3033" count="0" type="cond" truecount="0" falsecount="2"/>
        <line num="3034" count="0" type="stmt"/>
        <line num="3037" count="0" type="stmt"/>
        <line num="3045" count="7" type="stmt"/>
        <line num="3046" count="0" type="stmt"/>
        <line num="3048" count="0" type="stmt"/>
        <line num="3050" count="0" type="cond" truecount="0" falsecount="4"/>
        <line num="3052" count="0" type="cond" truecount="0" falsecount="2"/>
        <line num="3054" count="0" type="stmt"/>
        <line num="3055" count="0" type="cond" truecount="0" falsecount="2"/>
        <line num="3056" count="0" type="stmt"/>
        <line num="3062" count="7" type="stmt"/>
        <line num="3063" count="0" type="stmt"/>
        <line num="3065" count="0" type="stmt"/>
        <line num="3067" count="0" type="cond" truecount="0" falsecount="4"/>
        <line num="3069" count="0" type="cond" truecount="0" falsecount="2"/>
        <line num="3070" count="0" type="cond" truecount="0" falsecount="2"/>
        <line num="3072" count="0" type="stmt"/>
        <line num="3073" count="0" type="cond" truecount="0" falsecount="2"/>
        <line num="3074" count="0" type="stmt"/>
        <line num="3080" count="7" type="stmt"/>
        <line num="3081" count="0" type="stmt"/>
        <line num="3083" count="0" type="stmt"/>
        <line num="3088" count="0" type="stmt"/>
        <line num="3089" count="0" type="cond" truecount="0" falsecount="2"/>
        <line num="3090" count="0" type="stmt"/>
        <line num="3094" count="7" type="stmt"/>
      </file>
    </package>
    <package name="kdih_website 2.utils">
      <metrics statements="312" coveredstatements="94" conditionals="111" coveredconditionals="15" methods="50" coveredmethods="19"/>
      <file name="email.js" path="/Users/yankyaure/Downloads/kdih_website 2/utils/email.js">
        <metrics statements="83" coveredstatements="20" conditionals="38" coveredconditionals="6" methods="15" coveredmethods="4"/>
        <line num="1" count="7" type="stmt"/>
        <line num="4" count="7" type="stmt"/>
        <line num="5" count="7" type="stmt"/>
        <line num="7" count="7" type="stmt"/>
        <line num="8" count="7" type="stmt"/>
        <line num="10" count="7" type="cond" truecount="1" falsecount="1"/>
        <line num="11" count="7" type="stmt"/>
        <line num="18" count="7" type="stmt"/>
        <line num="19" count="0" type="cond" truecount="0" falsecount="2"/>
        <line num="20" count="0" type="stmt"/>
        <line num="28" count="0" type="stmt"/>
        <line num="29" count="0" type="cond" truecount="0" falsecount="2"/>
        <line num="31" count="0" type="stmt"/>
        <line num="40" count="0" type="stmt"/>
        <line num="42" count="0" type="stmt"/>
        <line num="45" count="0" type="stmt"/>
        <line num="46" count="0" type="stmt"/>
        <line num="50" count="7" type="stmt"/>
        <line num="52" count="0" type="stmt"/>
        <line num="53" count="0" type="stmt"/>
        <line num="55" count="0" type="cond" truecount="0" falsecount="2"/>
        <line num="56" count="0" type="stmt"/>
        <line num="57" count="0" type="stmt"/>
        <line num="58" count="0" type="cond" truecount="0" falsecount="2"/>
        <line num="59" count="0" type="stmt"/>
        <line num="60" count="0" type="stmt"/>
        <line num="62" count="0" type="stmt"/>
        <line num="63" count="0" type="stmt"/>
        <line num="66" count="0" type="stmt"/>
        <line num="91" count="2" type="stmt"/>
        <line num="106" count="0" type="stmt"/>
        <line num="158" count="0" type="stmt"/>
        <line num="179" count="0" type="stmt"/>
        <line num="198" count="0" type="stmt"/>
        <line num="212" count="0" type="stmt"/>
        <line num="233" count="0" type="stmt"/>
        <line num="253" count="1" type="stmt"/>
        <line num="275" count="0" type="stmt"/>
        <line num="289" count="2" type="stmt"/>
        <line num="306" count="5" type="cond" truecount="3" falsecount="1"/>
        <line num="307" count="0" type="stmt"/>
        <line num="308" count="0" type="stmt"/>
        <line num="311" count="5" type="stmt"/>
        <line num="312" count="5" type="stmt"/>
        <line num="313" count="5" type="cond" truecount="1" falsecount="1"/>
        <line num="314" count="0" type="stmt"/>
        <line num="317" count="5" type="cond" truecount="1" falsecount="1"/>
        <line num="319" count="5" type="stmt"/>
        <line num="326" count="5" type="stmt"/>
        <line num="327" count="0" type="stmt"/>
        <line num="328" count="0" type="stmt"/>
        <line num="330" count="0" type="stmt"/>
        <line num="331" count="0" type="stmt"/>
        <line num="337" count="0" type="cond" truecount="0" falsecount="4"/>
        <line num="338" count="0" type="stmt"/>
        <line num="339" count="0" type="stmt"/>
        <line num="342" count="0" type="stmt"/>
        <line num="343" count="0" type="stmt"/>
        <line num="344" count="0" type="stmt"/>
        <line num="345" count="0" type="stmt"/>
        <line num="347" count="0" type="stmt"/>
        <line num="348" count="0" type="stmt"/>
        <line num="356" count="0" type="cond" truecount="0" falsecount="4"/>
        <line num="357" count="0" type="stmt"/>
        <line num="358" count="0" type="stmt"/>
        <line num="361" count="0" type="stmt"/>
        <line num="362" count="0" type="stmt"/>
        <line num="383" count="0" type="stmt"/>
        <line num="384" count="0" type="stmt"/>
        <line num="385" count="0" type="stmt"/>
        <line num="387" count="0" type="stmt"/>
        <line num="388" count="0" type="stmt"/>
        <line num="396" count="0" type="cond" truecount="0" falsecount="4"/>
        <line num="397" count="0" type="stmt"/>
        <line num="398" count="0" type="stmt"/>
        <line num="401" count="0" type="stmt"/>
        <line num="402" count="0" type="stmt"/>
        <line num="428" count="0" type="stmt"/>
        <line num="429" count="0" type="stmt"/>
        <line num="430" count="0" type="stmt"/>
        <line num="432" count="0" type="stmt"/>
        <line num="433" count="0" type="stmt"/>
        <line num="437" count="7" type="stmt"/>
      </file>
      <file name="logger.js" path="/Users/yankyaure/Downloads/kdih_website 2/utils/logger.js">
        <metrics statements="13" coveredstatements="11" conditionals="6" coveredconditionals="3" methods="1" coveredmethods="0"/>
        <line num="1" count="7" type="stmt"/>
        <line num="2" count="7" type="stmt"/>
        <line num="5" count="7" type="stmt"/>
        <line num="6" count="7" type="stmt"/>
        <line num="7" count="7" type="cond" truecount="1" falsecount="1"/>
        <line num="8" count="0" type="stmt"/>
        <line num="12" count="7" type="stmt"/>
        <line num="20" count="7" type="stmt"/>
        <line num="42" count="7" type="cond" truecount="1" falsecount="1"/>
        <line num="43" count="7" type="stmt"/>
        <line num="52" count="7" type="stmt"/>
        <line num="54" count="0" type="stmt"/>
        <line num="58" count="7" type="stmt"/>
      </file>
      <file name="paystack.js" path="/Users/yankyaure/Downloads/kdih_website 2/utils/paystack.js">
        <metrics statements="57" coveredstatements="45" conditionals="7" coveredconditionals="3" methods="15" coveredmethods="13"/>
        <line num="1" count="7" type="stmt"/>
        <line num="2" count="7" type="stmt"/>
        <line num="4" count="7" type="stmt"/>
        <line num="5" count="7" type="stmt"/>
        <line num="9" count="2" type="stmt"/>
        <line num="10" count="2" type="stmt"/>
        <line num="17" count="2" type="stmt"/>
        <line num="29" count="2" type="stmt"/>
        <line num="30" count="2" type="stmt"/>
        <line num="32" count="2" type="stmt"/>
        <line num="33" count="2" type="stmt"/>
        <line num="36" count="2" type="stmt"/>
        <line num="37" count="2" type="stmt"/>
        <line num="38" count="2" type="stmt"/>
        <line num="39" count="2" type="cond" truecount="1" falsecount="1"/>
        <line num="40" count="0" type="stmt"/>
        <line num="41" count="0" type="stmt"/>
        <line num="43" count="2" type="stmt"/>
        <line num="44" count="2" type="stmt"/>
        <line num="47" count="0" type="stmt"/>
        <line num="48" count="0" type="stmt"/>
        <line num="53" count="2" type="stmt"/>
        <line num="54" count="0" type="stmt"/>
        <line num="55" count="0" type="stmt"/>
        <line num="58" count="2" type="stmt"/>
        <line num="59" count="2" type="stmt"/>
        <line num="65" count="1" type="stmt"/>
        <line num="66" count="1" type="stmt"/>
        <line num="76" count="1" type="stmt"/>
        <line num="77" count="1" type="stmt"/>
        <line num="79" count="1" type="stmt"/>
        <line num="80" count="1" type="stmt"/>
        <line num="83" count="1" type="stmt"/>
        <line num="84" count="1" type="stmt"/>
        <line num="85" count="1" type="stmt"/>
        <line num="86" count="1" type="cond" truecount="2" falsecount="2"/>
        <line num="87" count="0" type="stmt"/>
        <line num="88" count="0" type="stmt"/>
        <line num="90" count="1" type="stmt"/>
        <line num="91" count="1" type="stmt"/>
        <line num="94" count="0" type="stmt"/>
        <line num="95" count="0" type="stmt"/>
        <line num="100" count="1" type="stmt"/>
        <line num="101" count="0" type="stmt"/>
        <line num="102" count="0" type="stmt"/>
        <line num="105" count="1" type="stmt"/>
        <line num="111" count="1" type="stmt"/>
        <line num="112" count="1" type="stmt"/>
        <line num="116" count="1" type="stmt"/>
        <line num="122" count="2" type="stmt"/>
        <line num="123" count="2" type="stmt"/>
        <line num="124" count="2" type="stmt"/>
        <line num="127" count="2" type="stmt"/>
        <line num="132" count="2" type="stmt"/>
        <line num="133" count="2" type="stmt"/>
        <line num="135" count="2" type="stmt"/>
        <line num="142" count="7" type="stmt"/>
      </file>
      <file name="pdf-receipt.js" path="/Users/yankyaure/Downloads/kdih_website 2/utils/pdf-receipt.js">
        <metrics statements="67" coveredstatements="0" conditionals="12" coveredconditionals="0" methods="4" coveredmethods="0"/>
        <line num="2" count="0" type="stmt"/>
        <line num="4" count="0" type="stmt"/>
        <line num="5" count="0" type="stmt"/>
        <line num="6" count="0" type="stmt"/>
        <line num="8" count="0" type="stmt"/>
        <line num="9" count="0" type="stmt"/>
        <line num="12" count="0" type="stmt"/>
        <line num="13" count="0" type="stmt"/>
        <line num="14" count="0" type="stmt"/>
        <line num="27" count="0" type="cond" truecount="0" falsecount="2"/>
        <line num="28" count="0" type="stmt"/>
        <line num="29" count="0" type="stmt"/>
        <line num="32" count="0" type="stmt"/>
        <line num="33" count="0" type="stmt"/>
        <line num="34" count="0" type="stmt"/>
        <line num="35" count="0" type="stmt"/>
        <line num="38" count="0" type="stmt"/>
        <line num="39" count="0" type="stmt"/>
        <line num="40" count="0" type="stmt"/>
        <line num="41" count="0" type="stmt"/>
        <line num="43" count="0" type="stmt"/>
        <line num="46" count="0" type="stmt"/>
        <line num="47" count="0" type="stmt"/>
        <line num="54" count="0" type="stmt"/>
        <line num="58" count="0" type="stmt"/>
        <line num="62" count="0" type="stmt"/>
        <line num="63" count="0" type="stmt"/>
        <line num="68" count="0" type="stmt"/>
        <line num="73" count="0" type="stmt"/>
        <line num="76" count="0" type="stmt"/>
        <line num="82" count="0" type="stmt"/>
        <line num="83" count="0" type="stmt"/>
        <line num="88" count="0" type="stmt"/>
        <line num="91" count="0" type="stmt"/>
        <line num="95" count="0" type="stmt"/>
        <line num="96" count="0" type="stmt"/>
        <line num="100" count="0" type="stmt"/>
        <line num="103" count="0" type="cond" truecount="0" falsecount="2"/>
        <line num="104" count="0" type="stmt"/>
        <line num="107" count="0" type="stmt"/>
        <line num="110" count="0" type="stmt"/>
        <line num="114" count="0" type="stmt"/>
        <line num="117" count="0" type="stmt"/>
        <line num="123" count="0" type="cond" truecount="0" falsecount="2"/>
        <line num="124" count="0" type="stmt"/>
        <line num="127" count="0" type="cond" truecount="0" falsecount="2"/>
        <line num="128" count="0" type="stmt"/>
        <line num="131" count="0" type="stmt"/>
        <line num="132" count="0" type="stmt"/>
        <line num="136" count="0" type="stmt"/>
        <line num="139" count="0" type="stmt"/>
        <line num="142" count="0" type="stmt"/>
        <line num="145" count="0" type="stmt"/>
        <line num="146" count="0" type="stmt"/>
        <line num="149" count="0" type="stmt"/>
        <line num="154" count="0" type="stmt"/>
        <line num="157" count="0" type="stmt"/>
        <line num="163" count="0" type="stmt"/>
        <line num="166" count="0" type="stmt"/>
        <line num="170" count="0" type="stmt"/>
        <line num="173" count="0" type="stmt"/>
        <line num="177" count="0" type="stmt"/>
        <line num="178" count="0" type="stmt"/>
        <line num="182" count="0" type="stmt"/>
        <line num="185" count="0" type="stmt"/>
        <line num="188" count="0" type="stmt"/>
        <line num="193" count="0" type="stmt"/>
      </file>
      <file name="sms.js" path="/Users/yankyaure/Downloads/kdih_website 2/utils/sms.js">
        <metrics statements="27" coveredstatements="0" conditionals="13" coveredconditionals="0" methods="4" coveredmethods="0"/>
        <line num="1" count="0" type="stmt"/>
        <line num="2" count="0" type="stmt"/>
        <line num="5" count="0" type="cond" truecount="0" falsecount="2"/>
        <line num="6" count="0" type="cond" truecount="0" falsecount="2"/>
        <line num="7" count="0" type="stmt"/>
        <line num="17" count="0" type="cond" truecount="0" falsecount="2"/>
        <line num="18" count="0" type="stmt"/>
        <line num="19" count="0" type="stmt"/>
        <line num="23" count="0" type="stmt"/>
        <line num="24" count="0" type="cond" truecount="0" falsecount="2"/>
        <line num="26" count="0" type="stmt"/>
        <line num="27" count="0" type="stmt"/>
        <line num="42" count="0" type="stmt"/>
        <line num="44" count="0" type="cond" truecount="0" falsecount="4"/>
        <line num="45" count="0" type="stmt"/>
        <line num="46" count="0" type="stmt"/>
        <line num="48" count="0" type="stmt"/>
        <line num="49" count="0" type="stmt"/>
        <line num="52" count="0" type="stmt"/>
        <line num="53" count="0" type="stmt"/>
        <line num="61" count="0" type="stmt"/>
        <line num="62" count="0" type="stmt"/>
        <line num="69" count="0" type="stmt"/>
        <line num="70" count="0" type="stmt"/>
        <line num="77" count="0" type="stmt"/>
        <line num="78" count="0" type="stmt"/>
        <line num="81" count="0" type="stmt"/>
      </file>
      <file name="upload.js" path="/Users/yankyaure/Downloads/kdih_website 2/utils/upload.js">
        <metrics statements="65" coveredstatements="18" conditionals="35" coveredconditionals="3" methods="11" coveredmethods="2"/>
        <line num="1" count="7" type="stmt"/>
        <line num="2" count="7" type="stmt"/>
        <line num="3" count="7" type="stmt"/>
        <line num="4" count="7" type="stmt"/>
        <line num="7" count="7" type="stmt"/>
        <line num="8" count="7" type="cond" truecount="1" falsecount="1"/>
        <line num="9" count="0" type="stmt"/>
        <line num="13" count="7" type="stmt"/>
        <line num="14" count="7" type="stmt"/>
        <line num="15" count="28" type="stmt"/>
        <line num="16" count="28" type="cond" truecount="1" falsecount="1"/>
        <line num="17" count="0" type="stmt"/>
        <line num="22" count="7" type="stmt"/>
        <line num="24" count="0" type="stmt"/>
        <line num="27" count="0" type="cond" truecount="0" falsecount="4"/>
        <line num="28" count="0" type="stmt"/>
        <line num="29" count="0" type="cond" truecount="0" falsecount="4"/>
        <line num="30" count="0" type="stmt"/>
        <line num="31" count="0" type="cond" truecount="0" falsecount="4"/>
        <line num="32" count="0" type="stmt"/>
        <line num="34" count="0" type="stmt"/>
        <line num="37" count="0" type="stmt"/>
        <line num="41" count="0" type="stmt"/>
        <line num="42" count="0" type="stmt"/>
        <line num="43" count="0" type="stmt"/>
        <line num="44" count="0" type="stmt"/>
        <line num="49" count="7" type="stmt"/>
        <line num="51" count="0" type="stmt"/>
        <line num="58" count="0" type="cond" truecount="0" falsecount="2"/>
        <line num="59" count="0" type="stmt"/>
        <line num="61" count="0" type="cond" truecount="0" falsecount="2"/>
        <line num="63" count="0" type="cond" truecount="0" falsecount="2"/>
        <line num="64" count="0" type="stmt"/>
        <line num="66" count="0" type="stmt"/>
        <line num="71" count="7" type="stmt"/>
        <line num="80" count="7" type="stmt"/>
        <line num="81" count="14" type="stmt"/>
        <line num="82" count="0" type="stmt"/>
        <line num="83" count="0" type="cond" truecount="0" falsecount="2"/>
        <line num="84" count="0" type="stmt"/>
        <line num="85" count="0" type="stmt"/>
        <line num="86" count="0" type="cond" truecount="0" falsecount="2"/>
        <line num="87" count="0" type="stmt"/>
        <line num="88" count="0" type="stmt"/>
        <line num="90" count="0" type="stmt"/>
        <line num="96" count="7" type="cond" truecount="0" falsecount="1"/>
        <line num="97" count="0" type="stmt"/>
        <line num="98" count="0" type="stmt"/>
        <line num="99" count="0" type="cond" truecount="0" falsecount="2"/>
        <line num="100" count="0" type="stmt"/>
        <line num="101" count="0" type="stmt"/>
        <line num="102" count="0" type="cond" truecount="0" falsecount="2"/>
        <line num="103" count="0" type="stmt"/>
        <line num="104" count="0" type="stmt"/>
        <line num="106" count="0" type="stmt"/>
        <line num="112" count="7" type="stmt"/>
        <line num="113" count="0" type="stmt"/>
        <line num="114" count="0" type="cond" truecount="0" falsecount="2"/>
        <line num="115" count="0" type="stmt"/>
        <line num="116" count="0" type="stmt"/>
        <line num="117" count="0" type="stmt"/>
        <line num="119" count="0" type="stmt"/>
        <line num="121" count="0" type="stmt"/>
        <line num="122" count="0" type="stmt"/>
        <line num="126" count="7" type="stmt"/>
      </file>
    </package>
  </project>
</coverage>
