{"/Users/yankyaure/Downloads/kdih_website 2/server.js": {"path":"/Users/yankyaure/Downloads/kdih_website 2/server.js","statementMap":{"0":{"start":{"line":1,"column":0},"end":{"line":1,"column":27}},"1":{"start":{"line":2,"column":16},"end":{"line":2,"column":34}},"2":{"start":{"line":3,"column":19},"end":{"line":3,"column":41}},"3":{"start":{"line":4,"column":13},"end":{"line":4,"column":28}},"4":{"start":{"line":5,"column":16},"end":{"line":5,"column":42}},"5":{"start":{"line":6,"column":15},"end":{"line":6,"column":32}},"6":{"start":{"line":7,"column":18},"end":{"line":7,"column":47}},"7":{"start":{"line":8,"column":20},"end":{"line":8,"column":42}},"8":{"start":{"line":9,"column":13},"end":{"line":9,"column":28}},"9":{"start":{"line":10,"column":18},"end":{"line":10,"column":41}},"10":{"start":{"line":11,"column":15},"end":{"line":11,"column":40}},"11":{"start":{"line":12,"column":15},"end":{"line":12,"column":40}},"12":{"start":{"line":14,"column":12},"end":{"line":14,"column":21}},"13":{"start":{"line":15,"column":13},"end":{"line":15,"column":37}},"14":{"start":{"line":18,"column":0},"end":{"line":18,"column":26}},"15":{"start":{"line":21,"column":0},"end":{"line":35,"column":4}},"16":{"start":{"line":38,"column":0},"end":{"line":38,"column":23}},"17":{"start":{"line":41,"column":20},"end":{"line":45,"column":1}},"18":{"start":{"line":46,"column":0},"end":{"line":46,"column":27}},"19":{"start":{"line":49,"column":16},"end":{"line":55,"column":2}},"20":{"start":{"line":58,"column":0},"end":{"line":58,"column":26}},"21":{"start":{"line":61,"column":20},"end":{"line":66,"column":2}},"22":{"start":{"line":68,"column":0},"end":{"line":68,"column":35}},"23":{"start":{"line":72,"column":0},"end":{"line":77,"column":4}},"24":{"start":{"line":75,"column":8},"end":{"line":75,"column":26}},"25":{"start":{"line":78,"column":0},"end":{"line":78,"column":66}},"26":{"start":{"line":81,"column":0},"end":{"line":90,"column":4}},"27":{"start":{"line":93,"column":0},"end":{"line":99,"column":3}},"28":{"start":{"line":94,"column":4},"end":{"line":94,"column":45}},"29":{"start":{"line":95,"column":4},"end":{"line":95,"column":55}},"30":{"start":{"line":96,"column":4},"end":{"line":96,"column":55}},"31":{"start":{"line":97,"column":4},"end":{"line":97,"column":72}},"32":{"start":{"line":98,"column":4},"end":{"line":98,"column":11}},"33":{"start":{"line":102,"column":0},"end":{"line":105,"column":3}},"34":{"start":{"line":103,"column":4},"end":{"line":103,"column":93}},"35":{"start":{"line":104,"column":4},"end":{"line":104,"column":11}},"36":{"start":{"line":108,"column":0},"end":{"line":112,"column":4}},"37":{"start":{"line":113,"column":0},"end":{"line":116,"column":4}},"38":{"start":{"line":119,"column":0},"end":{"line":126,"column":3}},"39":{"start":{"line":120,"column":4},"end":{"line":125,"column":7}},"40":{"start":{"line":129,"column":0},"end":{"line":129,"column":27}},"41":{"start":{"line":132,"column":0},"end":{"line":135,"column":3}},"42":{"start":{"line":133,"column":4},"end":{"line":133,"column":61}},"43":{"start":{"line":134,"column":4},"end":{"line":134,"column":62}},"44":{"start":{"line":138,"column":0},"end":{"line":147,"column":3}},"45":{"start":{"line":139,"column":25},"end":{"line":139,"column":67}},"46":{"start":{"line":140,"column":15},"end":{"line":140,"column":28}},"47":{"start":{"line":142,"column":4},"end":{"line":146,"column":5}},"48":{"start":{"line":143,"column":8},"end":{"line":143,"column":47}},"49":{"start":{"line":145,"column":8},"end":{"line":145,"column":47}},"50":{"start":{"line":150,"column":0},"end":{"line":159,"column":3}},"51":{"start":{"line":151,"column":4},"end":{"line":151,"column":64}},"52":{"start":{"line":154,"column":26},"end":{"line":156,"column":50}},"53":{"start":{"line":158,"column":4},"end":{"line":158,"column":54}},"54":{"start":{"line":163,"column":0},"end":{"line":183,"column":1}},"55":{"start":{"line":164,"column":4},"end":{"line":170,"column":7}},"56":{"start":{"line":165,"column":8},"end":{"line":165,"column":106}},"57":{"start":{"line":166,"column":8},"end":{"line":166,"column":57}},"58":{"start":{"line":169,"column":8},"end":{"line":169,"column":33}},"59":{"start":{"line":173,"column":29},"end":{"line":179,"column":5}},"60":{"start":{"line":174,"column":8},"end":{"line":174,"column":51}},"61":{"start":{"line":175,"column":8},"end":{"line":178,"column":11}},"62":{"start":{"line":176,"column":12},"end":{"line":176,"column":41}},"63":{"start":{"line":177,"column":12},"end":{"line":177,"column":28}},"64":{"start":{"line":181,"column":4},"end":{"line":181,"column":44}},"65":{"start":{"line":182,"column":4},"end":{"line":182,"column":43}},"66":{"start":{"line":186,"column":0},"end":{"line":189,"column":3}},"67":{"start":{"line":187,"column":4},"end":{"line":187,"column":45}},"68":{"start":{"line":188,"column":4},"end":{"line":188,"column":20}},"69":{"start":{"line":191,"column":0},"end":{"line":193,"column":3}},"70":{"start":{"line":192,"column":4},"end":{"line":192,"column":72}},"71":{"start":{"line":195,"column":0},"end":{"line":195,"column":21}}},"fnMap":{"0":{"name":"(anonymous_0)","decl":{"start":{"line":74,"column":12},"end":{"line":74,"column":13}},"loc":{"start":{"line":74,"column":31},"end":{"line":76,"column":5}},"line":74},"1":{"name":"(anonymous_1)","decl":{"start":{"line":93,"column":8},"end":{"line":93,"column":9}},"loc":{"start":{"line":93,"column":28},"end":{"line":99,"column":1}},"line":93},"2":{"name":"(anonymous_2)","decl":{"start":{"line":102,"column":8},"end":{"line":102,"column":9}},"loc":{"start":{"line":102,"column":28},"end":{"line":105,"column":1}},"line":102},"3":{"name":"(anonymous_3)","decl":{"start":{"line":119,"column":19},"end":{"line":119,"column":20}},"loc":{"start":{"line":119,"column":33},"end":{"line":126,"column":1}},"line":119},"4":{"name":"(anonymous_4)","decl":{"start":{"line":132,"column":18},"end":{"line":132,"column":19}},"loc":{"start":{"line":132,"column":32},"end":{"line":135,"column":1}},"line":132},"5":{"name":"(anonymous_5)","decl":{"start":{"line":138,"column":8},"end":{"line":138,"column":9}},"loc":{"start":{"line":138,"column":28},"end":{"line":147,"column":1}},"line":138},"6":{"name":"(anonymous_6)","decl":{"start":{"line":150,"column":8},"end":{"line":150,"column":9}},"loc":{"start":{"line":150,"column":33},"end":{"line":159,"column":1}},"line":150},"7":{"name":"(anonymous_7)","decl":{"start":{"line":164,"column":30},"end":{"line":164,"column":31}},"loc":{"start":{"line":164,"column":36},"end":{"line":170,"column":5}},"line":164},"8":{"name":"(anonymous_8)","decl":{"start":{"line":173,"column":29},"end":{"line":173,"column":30}},"loc":{"start":{"line":173,"column":35},"end":{"line":179,"column":5}},"line":173},"9":{"name":"(anonymous_9)","decl":{"start":{"line":175,"column":21},"end":{"line":175,"column":22}},"loc":{"start":{"line":175,"column":27},"end":{"line":178,"column":9}},"line":175},"10":{"name":"(anonymous_10)","decl":{"start":{"line":186,"column":32},"end":{"line":186,"column":33}},"loc":{"start":{"line":186,"column":41},"end":{"line":189,"column":1}},"line":186},"11":{"name":"(anonymous_11)","decl":{"start":{"line":191,"column":33},"end":{"line":191,"column":34}},"loc":{"start":{"line":191,"column":54},"end":{"line":193,"column":1}},"line":191}},"branchMap":{"0":{"loc":{"start":{"line":15,"column":13},"end":{"line":15,"column":37}},"type":"binary-expr","locations":[{"start":{"line":15,"column":13},"end":{"line":15,"column":29}},{"start":{"line":15,"column":33},"end":{"line":15,"column":37}}],"line":15},"1":{"loc":{"start":{"line":42,"column":12},"end":{"line":42,"column":86}},"type":"cond-expr","locations":[{"start":{"line":42,"column":42},"end":{"line":42,"column":80}},{"start":{"line":42,"column":83},"end":{"line":42,"column":86}}],"line":42},"2":{"loc":{"start":{"line":50,"column":14},"end":{"line":50,"column":74}},"type":"binary-expr","locations":[{"start":{"line":50,"column":14},"end":{"line":50,"column":56}},{"start":{"line":50,"column":60},"end":{"line":50,"column":74}}],"line":50},"3":{"loc":{"start":{"line":51,"column":9},"end":{"line":51,"column":61}},"type":"binary-expr","locations":[{"start":{"line":51,"column":9},"end":{"line":51,"column":54}},{"start":{"line":51,"column":58},"end":{"line":51,"column":61}}],"line":51},"4":{"loc":{"start":{"line":109,"column":12},"end":{"line":109,"column":60}},"type":"cond-expr","locations":[{"start":{"line":109,"column":52},"end":{"line":109,"column":56}},{"start":{"line":109,"column":59},"end":{"line":109,"column":60}}],"line":109},"5":{"loc":{"start":{"line":114,"column":12},"end":{"line":114,"column":60}},"type":"cond-expr","locations":[{"start":{"line":114,"column":52},"end":{"line":114,"column":56}},{"start":{"line":114,"column":59},"end":{"line":114,"column":60}}],"line":114},"6":{"loc":{"start":{"line":124,"column":21},"end":{"line":124,"column":58}},"type":"binary-expr","locations":[{"start":{"line":124,"column":21},"end":{"line":124,"column":41}},{"start":{"line":124,"column":45},"end":{"line":124,"column":58}}],"line":124},"7":{"loc":{"start":{"line":142,"column":4},"end":{"line":146,"column":5}},"type":"if","locations":[{"start":{"line":142,"column":4},"end":{"line":146,"column":5}},{"start":{"line":144,"column":11},"end":{"line":146,"column":5}}],"line":142},"8":{"loc":{"start":{"line":154,"column":26},"end":{"line":156,"column":50}},"type":"cond-expr","locations":[{"start":{"line":155,"column":10},"end":{"line":155,"column":44}},{"start":{"line":156,"column":10},"end":{"line":156,"column":50}}],"line":154},"9":{"loc":{"start":{"line":158,"column":15},"end":{"line":158,"column":32}},"type":"binary-expr","locations":[{"start":{"line":158,"column":15},"end":{"line":158,"column":25}},{"start":{"line":158,"column":29},"end":{"line":158,"column":32}}],"line":158},"10":{"loc":{"start":{"line":163,"column":0},"end":{"line":183,"column":1}},"type":"if","locations":[{"start":{"line":163,"column":0},"end":{"line":183,"column":1}},{"start":{},"end":{}}],"line":163},"11":{"loc":{"start":{"line":165,"column":60},"end":{"line":165,"column":97}},"type":"binary-expr","locations":[{"start":{"line":165,"column":60},"end":{"line":165,"column":80}},{"start":{"line":165,"column":84},"end":{"line":165,"column":97}}],"line":165}},"s":{"0":7,"1":7,"2":7,"3":7,"4":7,"5":7,"6":7,"7":7,"8":7,"9":7,"10":7,"11":7,"12":7,"13":7,"14":7,"15":7,"16":7,"17":7,"18":7,"19":7,"20":7,"21":7,"22":7,"23":7,"24":20,"25":7,"26":7,"27":7,"28":38,"29":38,"30":38,"31":38,"32":38,"33":7,"34":38,"35":38,"36":7,"37":7,"38":7,"39":1,"40":7,"41":7,"42":1,"43":1,"44":7,"45":0,"46":0,"47":0,"48":0,"49":0,"50":7,"51":0,"52":0,"53":0,"54":7,"55":0,"56":0,"57":0,"58":0,"59":0,"60":0,"61":0,"62":0,"63":0,"64":0,"65":0,"66":7,"67":0,"68":0,"69":7,"70":0,"71":7},"f":{"0":20,"1":38,"2":38,"3":1,"4":1,"5":0,"6":0,"7":0,"8":0,"9":0,"10":0,"11":0},"b":{"0":[7,0],"1":[7,0],"2":[7,0],"3":[7,0],"4":[0,7],"5":[0,7],"6":[1,0],"7":[0,0],"8":[0,0],"9":[0,0],"10":[0,7],"11":[0,0]},"_coverageSchema":"1a1c01bbd47fc00a2c39e90264f33305004495a9","hash":"00a776d49781d8d3ecd06393a7a1cabb5d087482"}
,"/Users/yankyaure/Downloads/kdih_website 2/routes/api.js": {"path":"/Users/yankyaure/Downloads/kdih_website 2/routes/api.js","statementMap":{"0":{"start":{"line":1,"column":16},"end":{"line":1,"column":34}},"1":{"start":{"line":2,"column":15},"end":{"line":2,"column":31}},"2":{"start":{"line":3,"column":11},"end":{"line":3,"column":33}},"3":{"start":{"line":4,"column":22},"end":{"line":4,"column":47}},"4":{"start":{"line":7,"column":20},"end":{"line":12,"column":1}},"5":{"start":{"line":8,"column":4},"end":{"line":10,"column":5}},"6":{"start":{"line":9,"column":8},"end":{"line":9,"column":63}},"7":{"start":{"line":11,"column":4},"end":{"line":11,"column":11}},"8":{"start":{"line":17,"column":0},"end":{"line":29,"column":3}},"9":{"start":{"line":18,"column":16},"end":{"line":18,"column":40}},"10":{"start":{"line":19,"column":4},"end":{"line":28,"column":7}},"11":{"start":{"line":20,"column":8},"end":{"line":23,"column":9}},"12":{"start":{"line":21,"column":12},"end":{"line":21,"column":59}},"13":{"start":{"line":22,"column":12},"end":{"line":22,"column":19}},"14":{"start":{"line":24,"column":8},"end":{"line":27,"column":11}},"15":{"start":{"line":32,"column":0},"end":{"line":40,"column":3}},"16":{"start":{"line":33,"column":41},"end":{"line":33,"column":49}},"17":{"start":{"line":34,"column":16},"end":{"line":34,"column":82}},"18":{"start":{"line":36,"column":4},"end":{"line":39,"column":7}},"19":{"start":{"line":37,"column":8},"end":{"line":37,"column":69}},"20":{"start":{"line":37,"column":17},"end":{"line":37,"column":69}},"21":{"start":{"line":38,"column":8},"end":{"line":38,"column":58}},"22":{"start":{"line":43,"column":0},"end":{"line":54,"column":3}},"23":{"start":{"line":44,"column":22},"end":{"line":44,"column":35}},"24":{"start":{"line":45,"column":41},"end":{"line":45,"column":49}},"25":{"start":{"line":47,"column":16},"end":{"line":47,"column":87}},"26":{"start":{"line":49,"column":4},"end":{"line":53,"column":7}},"27":{"start":{"line":50,"column":8},"end":{"line":50,"column":69}},"28":{"start":{"line":50,"column":17},"end":{"line":50,"column":69}},"29":{"start":{"line":51,"column":8},"end":{"line":51,"column":92}},"30":{"start":{"line":51,"column":32},"end":{"line":51,"column":92}},"31":{"start":{"line":52,"column":8},"end":{"line":52,"column":64}},"32":{"start":{"line":57,"column":0},"end":{"line":66,"column":3}},"33":{"start":{"line":58,"column":22},"end":{"line":58,"column":35}},"34":{"start":{"line":59,"column":16},"end":{"line":59,"column":51}},"35":{"start":{"line":61,"column":4},"end":{"line":65,"column":7}},"36":{"start":{"line":62,"column":8},"end":{"line":62,"column":69}},"37":{"start":{"line":62,"column":17},"end":{"line":62,"column":69}},"38":{"start":{"line":63,"column":8},"end":{"line":63,"column":92}},"39":{"start":{"line":63,"column":32},"end":{"line":63,"column":92}},"40":{"start":{"line":64,"column":8},"end":{"line":64,"column":64}},"41":{"start":{"line":69,"column":0},"end":{"line":163,"column":3}},"42":{"start":{"line":70,"column":4},"end":{"line":162,"column":5}},"43":{"start":{"line":71,"column":22},"end":{"line":71,"column":24}},"44":{"start":{"line":74,"column":34},"end":{"line":79,"column":9}},"45":{"start":{"line":81,"column":29},"end":{"line":86,"column":10}},"46":{"start":{"line":82,"column":12},"end":{"line":85,"column":15}},"47":{"start":{"line":83,"column":16},"end":{"line":84,"column":45}},"48":{"start":{"line":83,"column":25},"end":{"line":83,"column":37}},"49":{"start":{"line":84,"column":21},"end":{"line":84,"column":45}},"50":{"start":{"line":88,"column":8},"end":{"line":93,"column":11}},"51":{"start":{"line":96,"column":30},"end":{"line":100,"column":9}},"52":{"start":{"line":102,"column":34},"end":{"line":107,"column":10}},"53":{"start":{"line":103,"column":12},"end":{"line":106,"column":15}},"54":{"start":{"line":104,"column":16},"end":{"line":105,"column":45}},"55":{"start":{"line":104,"column":25},"end":{"line":104,"column":37}},"56":{"start":{"line":105,"column":21},"end":{"line":105,"column":45}},"57":{"start":{"line":109,"column":8},"end":{"line":114,"column":11}},"58":{"start":{"line":119,"column":8},"end":{"line":124,"column":11}},"59":{"start":{"line":127,"column":28},"end":{"line":133,"column":9}},"60":{"start":{"line":135,"column":30},"end":{"line":140,"column":10}},"61":{"start":{"line":136,"column":12},"end":{"line":139,"column":15}},"62":{"start":{"line":137,"column":16},"end":{"line":138,"column":34}},"63":{"start":{"line":137,"column":25},"end":{"line":137,"column":37}},"64":{"start":{"line":138,"column":21},"end":{"line":138,"column":34}},"65":{"start":{"line":142,"column":32},"end":{"line":144,"column":16}},"66":{"start":{"line":146,"column":8},"end":{"line":151,"column":11}},"67":{"start":{"line":153,"column":8},"end":{"line":157,"column":11}},"68":{"start":{"line":160,"column":8},"end":{"line":160,"column":57}},"69":{"start":{"line":161,"column":8},"end":{"line":161,"column":57}},"70":{"start":{"line":166,"column":0},"end":{"line":181,"column":3}},"71":{"start":{"line":167,"column":37},"end":{"line":167,"column":45}},"72":{"start":{"line":168,"column":16},"end":{"line":168,"column":78}},"73":{"start":{"line":169,"column":4},"end":{"line":180,"column":7}},"74":{"start":{"line":170,"column":8},"end":{"line":172,"column":9}},"75":{"start":{"line":171,"column":12},"end":{"line":171,"column":64}},"76":{"start":{"line":175,"column":8},"end":{"line":177,"column":11}},"77":{"start":{"line":176,"column":12},"end":{"line":176,"column":79}},"78":{"start":{"line":179,"column":8},"end":{"line":179,"column":58}},"79":{"start":{"line":185,"column":0},"end":{"line":202,"column":3}},"80":{"start":{"line":186,"column":50},"end":{"line":186,"column":58}},"81":{"start":{"line":187,"column":27},"end":{"line":187,"column":84}},"82":{"start":{"line":189,"column":16},"end":{"line":189,"column":78}},"83":{"start":{"line":190,"column":4},"end":{"line":201,"column":7}},"84":{"start":{"line":191,"column":8},"end":{"line":193,"column":9}},"85":{"start":{"line":192,"column":12},"end":{"line":192,"column":64}},"86":{"start":{"line":196,"column":8},"end":{"line":198,"column":11}},"87":{"start":{"line":197,"column":12},"end":{"line":197,"column":64}},"88":{"start":{"line":200,"column":8},"end":{"line":200,"column":58}},"89":{"start":{"line":205,"column":0},"end":{"line":248,"column":3}},"90":{"start":{"line":211,"column":8},"end":{"line":211,"column":16}},"91":{"start":{"line":214,"column":4},"end":{"line":219,"column":5}},"92":{"start":{"line":215,"column":20},"end":{"line":215,"column":30}},"93":{"start":{"line":217,"column":26},"end":{"line":217,"column":76}},"94":{"start":{"line":218,"column":8},"end":{"line":218,"column":109}},"95":{"start":{"line":221,"column":16},"end":{"line":226,"column":80}},"96":{"start":{"line":228,"column":19},"end":{"line":233,"column":5}},"97":{"start":{"line":235,"column":4},"end":{"line":247,"column":7}},"98":{"start":{"line":236,"column":8},"end":{"line":239,"column":9}},"99":{"start":{"line":237,"column":12},"end":{"line":237,"column":58}},"100":{"start":{"line":238,"column":12},"end":{"line":238,"column":64}},"101":{"start":{"line":242,"column":8},"end":{"line":244,"column":11}},"102":{"start":{"line":243,"column":12},"end":{"line":243,"column":67}},"103":{"start":{"line":246,"column":8},"end":{"line":246,"column":58}},"104":{"start":{"line":252,"column":0},"end":{"line":286,"column":3}},"105":{"start":{"line":253,"column":4},"end":{"line":285,"column":5}},"106":{"start":{"line":254,"column":39},"end":{"line":254,"column":47}},"107":{"start":{"line":255,"column":23},"end":{"line":255,"column":40}},"108":{"start":{"line":256,"column":23},"end":{"line":256,"column":49}},"109":{"start":{"line":259,"column":8},"end":{"line":280,"column":11}},"110":{"start":{"line":260,"column":12},"end":{"line":263,"column":13}},"111":{"start":{"line":261,"column":16},"end":{"line":261,"column":60}},"112":{"start":{"line":262,"column":16},"end":{"line":262,"column":80}},"113":{"start":{"line":265,"column":12},"end":{"line":268,"column":13}},"114":{"start":{"line":266,"column":16},"end":{"line":266,"column":78}},"115":{"start":{"line":267,"column":16},"end":{"line":267,"column":78}},"116":{"start":{"line":271,"column":34},"end":{"line":271,"column":78}},"117":{"start":{"line":272,"column":12},"end":{"line":275,"column":13}},"118":{"start":{"line":273,"column":16},"end":{"line":273,"column":74}},"119":{"start":{"line":274,"column":16},"end":{"line":274,"column":78}},"120":{"start":{"line":277,"column":12},"end":{"line":277,"column":104}},"121":{"start":{"line":278,"column":12},"end":{"line":278,"column":55}},"122":{"start":{"line":279,"column":12},"end":{"line":279,"column":95}},"123":{"start":{"line":282,"column":23},"end":{"line":282,"column":49}},"124":{"start":{"line":283,"column":8},"end":{"line":283,"column":58}},"125":{"start":{"line":284,"column":8},"end":{"line":284,"column":65}},"126":{"start":{"line":288,"column":0},"end":{"line":291,"column":3}},"127":{"start":{"line":289,"column":4},"end":{"line":289,"column":26}},"128":{"start":{"line":290,"column":4},"end":{"line":290,"column":37}},"129":{"start":{"line":293,"column":0},"end":{"line":299,"column":3}},"130":{"start":{"line":294,"column":4},"end":{"line":298,"column":5}},"131":{"start":{"line":295,"column":8},"end":{"line":295,"column":66}},"132":{"start":{"line":297,"column":8},"end":{"line":297,"column":43}},"133":{"start":{"line":302,"column":0},"end":{"line":366,"column":3}},"134":{"start":{"line":303,"column":4},"end":{"line":365,"column":5}},"135":{"start":{"line":304,"column":26},"end":{"line":304,"column":34}},"136":{"start":{"line":305,"column":23},"end":{"line":305,"column":40}},"137":{"start":{"line":306,"column":23},"end":{"line":306,"column":49}},"138":{"start":{"line":307,"column":30},"end":{"line":307,"column":55}},"139":{"start":{"line":309,"column":8},"end":{"line":311,"column":9}},"140":{"start":{"line":310,"column":12},"end":{"line":310,"column":72}},"141":{"start":{"line":314,"column":8},"end":{"line":360,"column":11}},"142":{"start":{"line":315,"column":12},"end":{"line":318,"column":13}},"143":{"start":{"line":316,"column":16},"end":{"line":316,"column":79}},"144":{"start":{"line":317,"column":16},"end":{"line":317,"column":80}},"145":{"start":{"line":320,"column":12},"end":{"line":331,"column":13}},"146":{"start":{"line":322,"column":31},"end":{"line":322,"column":68}},"147":{"start":{"line":325,"column":16},"end":{"line":330,"column":17}},"148":{"start":{"line":326,"column":20},"end":{"line":326,"column":92}},"149":{"start":{"line":327,"column":20},"end":{"line":327,"column":112}},"150":{"start":{"line":329,"column":20},"end":{"line":329,"column":78}},"151":{"start":{"line":334,"column":26},"end":{"line":334,"column":64}},"152":{"start":{"line":335,"column":30},"end":{"line":335,"column":60}},"153":{"start":{"line":338,"column":12},"end":{"line":359,"column":14}},"154":{"start":{"line":342,"column":20},"end":{"line":345,"column":21}},"155":{"start":{"line":343,"column":24},"end":{"line":343,"column":81}},"156":{"start":{"line":344,"column":24},"end":{"line":344,"column":92}},"157":{"start":{"line":348,"column":40},"end":{"line":348,"column":95}},"158":{"start":{"line":350,"column":20},"end":{"line":357,"column":21}},"159":{"start":{"line":351,"column":24},"end":{"line":351,"column":78}},"160":{"start":{"line":352,"column":24},"end":{"line":352,"column":109}},"161":{"start":{"line":354,"column":24},"end":{"line":354,"column":89}},"162":{"start":{"line":356,"column":24},"end":{"line":356,"column":109}},"163":{"start":{"line":362,"column":23},"end":{"line":362,"column":49}},"164":{"start":{"line":363,"column":8},"end":{"line":363,"column":68}},"165":{"start":{"line":364,"column":8},"end":{"line":364,"column":65}},"166":{"start":{"line":369,"column":0},"end":{"line":432,"column":3}},"167":{"start":{"line":370,"column":4},"end":{"line":431,"column":5}},"168":{"start":{"line":371,"column":39},"end":{"line":371,"column":47}},"169":{"start":{"line":372,"column":23},"end":{"line":372,"column":40}},"170":{"start":{"line":373,"column":23},"end":{"line":373,"column":49}},"171":{"start":{"line":375,"column":8},"end":{"line":377,"column":9}},"172":{"start":{"line":376,"column":12},"end":{"line":376,"column":90}},"173":{"start":{"line":379,"column":8},"end":{"line":381,"column":9}},"174":{"start":{"line":380,"column":12},"end":{"line":380,"column":98}},"175":{"start":{"line":384,"column":8},"end":{"line":426,"column":10}},"176":{"start":{"line":388,"column":16},"end":{"line":391,"column":17}},"177":{"start":{"line":389,"column":20},"end":{"line":389,"column":82}},"178":{"start":{"line":390,"column":20},"end":{"line":390,"column":84}},"179":{"start":{"line":393,"column":16},"end":{"line":395,"column":17}},"180":{"start":{"line":394,"column":20},"end":{"line":394,"column":93}},"181":{"start":{"line":398,"column":16},"end":{"line":424,"column":19}},"182":{"start":{"line":399,"column":20},"end":{"line":402,"column":21}},"183":{"start":{"line":400,"column":24},"end":{"line":400,"column":94}},"184":{"start":{"line":401,"column":24},"end":{"line":401,"column":89}},"185":{"start":{"line":405,"column":43},"end":{"line":405,"column":77}},"186":{"start":{"line":408,"column":20},"end":{"line":423,"column":22}},"187":{"start":{"line":412,"column":28},"end":{"line":415,"column":29}},"188":{"start":{"line":413,"column":32},"end":{"line":413,"column":88}},"189":{"start":{"line":414,"column":32},"end":{"line":414,"column":99}},"190":{"start":{"line":418,"column":28},"end":{"line":418,"column":104}},"191":{"start":{"line":420,"column":28},"end":{"line":420,"column":98}},"192":{"start":{"line":421,"column":28},"end":{"line":421,"column":110}},"193":{"start":{"line":428,"column":23},"end":{"line":428,"column":49}},"194":{"start":{"line":429,"column":8},"end":{"line":429,"column":67}},"195":{"start":{"line":430,"column":8},"end":{"line":430,"column":65}},"196":{"start":{"line":435,"column":0},"end":{"line":492,"column":3}},"197":{"start":{"line":436,"column":4},"end":{"line":491,"column":5}},"198":{"start":{"line":437,"column":49},"end":{"line":437,"column":57}},"199":{"start":{"line":438,"column":23},"end":{"line":438,"column":42}},"200":{"start":{"line":439,"column":23},"end":{"line":439,"column":40}},"201":{"start":{"line":440,"column":23},"end":{"line":440,"column":49}},"202":{"start":{"line":443,"column":8},"end":{"line":445,"column":9}},"203":{"start":{"line":444,"column":12},"end":{"line":444,"column":101}},"204":{"start":{"line":447,"column":8},"end":{"line":449,"column":9}},"205":{"start":{"line":448,"column":12},"end":{"line":448,"column":102}},"206":{"start":{"line":452,"column":8},"end":{"line":486,"column":11}},"207":{"start":{"line":453,"column":12},"end":{"line":456,"column":13}},"208":{"start":{"line":454,"column":16},"end":{"line":454,"column":70}},"209":{"start":{"line":455,"column":16},"end":{"line":455,"column":80}},"210":{"start":{"line":458,"column":12},"end":{"line":460,"column":13}},"211":{"start":{"line":459,"column":16},"end":{"line":459,"column":73}},"212":{"start":{"line":463,"column":34},"end":{"line":463,"column":86}},"213":{"start":{"line":464,"column":12},"end":{"line":467,"column":13}},"214":{"start":{"line":465,"column":16},"end":{"line":465,"column":83}},"215":{"start":{"line":466,"column":16},"end":{"line":466,"column":88}},"216":{"start":{"line":470,"column":35},"end":{"line":470,"column":69}},"217":{"start":{"line":473,"column":12},"end":{"line":485,"column":14}},"218":{"start":{"line":477,"column":20},"end":{"line":480,"column":21}},"219":{"start":{"line":478,"column":24},"end":{"line":478,"column":80}},"220":{"start":{"line":479,"column":24},"end":{"line":479,"column":92}},"221":{"start":{"line":482,"column":20},"end":{"line":482,"column":92}},"222":{"start":{"line":483,"column":20},"end":{"line":483,"column":75}},"223":{"start":{"line":488,"column":23},"end":{"line":488,"column":49}},"224":{"start":{"line":489,"column":8},"end":{"line":489,"column":68}},"225":{"start":{"line":490,"column":8},"end":{"line":490,"column":65}},"226":{"start":{"line":495,"column":0},"end":{"line":556,"column":3}},"227":{"start":{"line":496,"column":4},"end":{"line":555,"column":5}},"228":{"start":{"line":497,"column":71},"end":{"line":497,"column":79}},"229":{"start":{"line":498,"column":23},"end":{"line":498,"column":40}},"230":{"start":{"line":499,"column":23},"end":{"line":499,"column":49}},"231":{"start":{"line":500,"column":30},"end":{"line":500,"column":55}},"232":{"start":{"line":503,"column":8},"end":{"line":505,"column":9}},"233":{"start":{"line":504,"column":12},"end":{"line":504,"column":78}},"234":{"start":{"line":507,"column":8},"end":{"line":509,"column":9}},"235":{"start":{"line":508,"column":12},"end":{"line":508,"column":98}},"236":{"start":{"line":512,"column":8},"end":{"line":549,"column":11}},"237":{"start":{"line":513,"column":12},"end":{"line":513,"column":78}},"238":{"start":{"line":513,"column":21},"end":{"line":513,"column":78}},"239":{"start":{"line":515,"column":12},"end":{"line":522,"column":13}},"240":{"start":{"line":517,"column":16},"end":{"line":521,"column":19}},"241":{"start":{"line":525,"column":12},"end":{"line":548,"column":15}},"242":{"start":{"line":526,"column":16},"end":{"line":526,"column":98}},"243":{"start":{"line":526,"column":38},"end":{"line":526,"column":98}},"244":{"start":{"line":529,"column":39},"end":{"line":529,"column":70}},"245":{"start":{"line":530,"column":33},"end":{"line":530,"column":49}},"246":{"start":{"line":532,"column":28},"end":{"line":532,"column":155}},"247":{"start":{"line":534,"column":16},"end":{"line":547,"column":19}},"248":{"start":{"line":535,"column":20},"end":{"line":538,"column":21}},"249":{"start":{"line":536,"column":24},"end":{"line":536,"column":75}},"250":{"start":{"line":537,"column":24},"end":{"line":537,"column":86}},"251":{"start":{"line":540,"column":35},"end":{"line":540,"column":46}},"252":{"start":{"line":543,"column":20},"end":{"line":543,"column":138}},"253":{"start":{"line":543,"column":94},"end":{"line":543,"column":136}},"254":{"start":{"line":545,"column":20},"end":{"line":545,"column":79}},"255":{"start":{"line":546,"column":20},"end":{"line":546,"column":89}},"256":{"start":{"line":552,"column":23},"end":{"line":552,"column":49}},"257":{"start":{"line":553,"column":8},"end":{"line":553,"column":65}},"258":{"start":{"line":554,"column":8},"end":{"line":554,"column":65}},"259":{"start":{"line":559,"column":0},"end":{"line":621,"column":3}},"260":{"start":{"line":560,"column":4},"end":{"line":620,"column":5}},"261":{"start":{"line":561,"column":36},"end":{"line":561,"column":44}},"262":{"start":{"line":562,"column":23},"end":{"line":562,"column":42}},"263":{"start":{"line":563,"column":23},"end":{"line":563,"column":49}},"264":{"start":{"line":566,"column":8},"end":{"line":568,"column":9}},"265":{"start":{"line":567,"column":12},"end":{"line":567,"column":86}},"266":{"start":{"line":570,"column":8},"end":{"line":572,"column":9}},"267":{"start":{"line":571,"column":12},"end":{"line":571,"column":98}},"268":{"start":{"line":575,"column":8},"end":{"line":615,"column":10}},"269":{"start":{"line":579,"column":16},"end":{"line":582,"column":17}},"270":{"start":{"line":580,"column":20},"end":{"line":580,"column":84}},"271":{"start":{"line":581,"column":20},"end":{"line":581,"column":84}},"272":{"start":{"line":584,"column":16},"end":{"line":591,"column":17}},"273":{"start":{"line":585,"column":20},"end":{"line":587,"column":21}},"274":{"start":{"line":586,"column":24},"end":{"line":586,"column":92}},"275":{"start":{"line":588,"column":20},"end":{"line":590,"column":21}},"276":{"start":{"line":589,"column":24},"end":{"line":589,"column":94}},"277":{"start":{"line":594,"column":16},"end":{"line":613,"column":18}},"278":{"start":{"line":598,"column":24},"end":{"line":601,"column":25}},"279":{"start":{"line":599,"column":28},"end":{"line":599,"column":83}},"280":{"start":{"line":600,"column":28},"end":{"line":600,"column":95}},"281":{"start":{"line":604,"column":24},"end":{"line":604,"column":61}},"282":{"start":{"line":605,"column":24},"end":{"line":605,"column":55}},"283":{"start":{"line":607,"column":24},"end":{"line":607,"column":78}},"284":{"start":{"line":608,"column":24},"end":{"line":611,"column":27}},"285":{"start":{"line":617,"column":23},"end":{"line":617,"column":49}},"286":{"start":{"line":618,"column":8},"end":{"line":618,"column":67}},"287":{"start":{"line":619,"column":8},"end":{"line":619,"column":65}},"288":{"start":{"line":626,"column":0},"end":{"line":632,"column":3}},"289":{"start":{"line":627,"column":16},"end":{"line":627,"column":88}},"290":{"start":{"line":628,"column":4},"end":{"line":631,"column":7}},"291":{"start":{"line":629,"column":8},"end":{"line":629,"column":69}},"292":{"start":{"line":629,"column":17},"end":{"line":629,"column":69}},"293":{"start":{"line":630,"column":8},"end":{"line":630,"column":53}},"294":{"start":{"line":635,"column":0},"end":{"line":648,"column":3}},"295":{"start":{"line":636,"column":21},"end":{"line":636,"column":34}},"296":{"start":{"line":638,"column":4},"end":{"line":647,"column":7}},"297":{"start":{"line":639,"column":8},"end":{"line":639,"column":69}},"298":{"start":{"line":639,"column":17},"end":{"line":639,"column":69}},"299":{"start":{"line":640,"column":8},"end":{"line":640,"column":80}},"300":{"start":{"line":640,"column":21},"end":{"line":640,"column":80}},"301":{"start":{"line":642,"column":8},"end":{"line":646,"column":11}},"302":{"start":{"line":643,"column":12},"end":{"line":643,"column":73}},"303":{"start":{"line":643,"column":21},"end":{"line":643,"column":73}},"304":{"start":{"line":644,"column":12},"end":{"line":644,"column":37}},"305":{"start":{"line":645,"column":12},"end":{"line":645,"column":59}},"306":{"start":{"line":651,"column":0},"end":{"line":660,"column":3}},"307":{"start":{"line":652,"column":80},"end":{"line":652,"column":88}},"308":{"start":{"line":653,"column":16},"end":{"line":654,"column":46}},"309":{"start":{"line":656,"column":4},"end":{"line":659,"column":7}},"310":{"start":{"line":657,"column":8},"end":{"line":657,"column":69}},"311":{"start":{"line":657,"column":17},"end":{"line":657,"column":69}},"312":{"start":{"line":658,"column":8},"end":{"line":658,"column":58}},"313":{"start":{"line":663,"column":0},"end":{"line":688,"column":3}},"314":{"start":{"line":664,"column":4},"end":{"line":664,"column":75}},"315":{"start":{"line":665,"column":4},"end":{"line":665,"column":43}},"316":{"start":{"line":666,"column":21},"end":{"line":666,"column":34}},"317":{"start":{"line":667,"column":88},"end":{"line":667,"column":96}},"318":{"start":{"line":669,"column":16},"end":{"line":672,"column":30}},"319":{"start":{"line":674,"column":4},"end":{"line":687,"column":7}},"320":{"start":{"line":675,"column":8},"end":{"line":678,"column":9}},"321":{"start":{"line":676,"column":12},"end":{"line":676,"column":63}},"322":{"start":{"line":677,"column":12},"end":{"line":677,"column":64}},"323":{"start":{"line":679,"column":8},"end":{"line":682,"column":9}},"324":{"start":{"line":680,"column":12},"end":{"line":680,"column":62}},"325":{"start":{"line":681,"column":12},"end":{"line":681,"column":71}},"326":{"start":{"line":683,"column":8},"end":{"line":683,"column":75}},"327":{"start":{"line":684,"column":25},"end":{"line":684,"column":70}},"328":{"start":{"line":685,"column":8},"end":{"line":685,"column":51}},"329":{"start":{"line":686,"column":8},"end":{"line":686,"column":27}},"330":{"start":{"line":691,"column":0},"end":{"line":700,"column":3}},"331":{"start":{"line":692,"column":21},"end":{"line":692,"column":34}},"332":{"start":{"line":693,"column":16},"end":{"line":693,"column":50}},"333":{"start":{"line":695,"column":4},"end":{"line":699,"column":7}},"334":{"start":{"line":696,"column":8},"end":{"line":696,"column":69}},"335":{"start":{"line":696,"column":17},"end":{"line":696,"column":69}},"336":{"start":{"line":697,"column":8},"end":{"line":697,"column":91}},"337":{"start":{"line":697,"column":32},"end":{"line":697,"column":91}},"338":{"start":{"line":698,"column":8},"end":{"line":698,"column":64}},"339":{"start":{"line":703,"column":0},"end":{"line":712,"column":3}},"340":{"start":{"line":704,"column":21},"end":{"line":704,"column":34}},"341":{"start":{"line":705,"column":43},"end":{"line":705,"column":51}},"342":{"start":{"line":707,"column":16},"end":{"line":707,"column":106}},"343":{"start":{"line":708,"column":4},"end":{"line":711,"column":7}},"344":{"start":{"line":709,"column":8},"end":{"line":709,"column":69}},"345":{"start":{"line":709,"column":17},"end":{"line":709,"column":69}},"346":{"start":{"line":710,"column":8},"end":{"line":710,"column":69}},"347":{"start":{"line":715,"column":0},"end":{"line":726,"column":3}},"348":{"start":{"line":716,"column":22},"end":{"line":716,"column":35}},"349":{"start":{"line":717,"column":16},"end":{"line":720,"column":40}},"350":{"start":{"line":722,"column":4},"end":{"line":725,"column":7}},"351":{"start":{"line":723,"column":8},"end":{"line":723,"column":69}},"352":{"start":{"line":723,"column":17},"end":{"line":723,"column":69}},"353":{"start":{"line":724,"column":8},"end":{"line":724,"column":53}},"354":{"start":{"line":731,"column":0},"end":{"line":737,"column":3}},"355":{"start":{"line":732,"column":16},"end":{"line":732,"column":91}},"356":{"start":{"line":733,"column":4},"end":{"line":736,"column":7}},"357":{"start":{"line":734,"column":8},"end":{"line":734,"column":69}},"358":{"start":{"line":734,"column":17},"end":{"line":734,"column":69}},"359":{"start":{"line":735,"column":8},"end":{"line":735,"column":53}},"360":{"start":{"line":740,"column":0},"end":{"line":746,"column":3}},"361":{"start":{"line":741,"column":16},"end":{"line":741,"column":122}},"362":{"start":{"line":742,"column":4},"end":{"line":745,"column":7}},"363":{"start":{"line":743,"column":8},"end":{"line":743,"column":69}},"364":{"start":{"line":743,"column":17},"end":{"line":743,"column":69}},"365":{"start":{"line":744,"column":8},"end":{"line":744,"column":53}},"366":{"start":{"line":749,"column":0},"end":{"line":758,"column":3}},"367":{"start":{"line":750,"column":116},"end":{"line":750,"column":124}},"368":{"start":{"line":751,"column":16},"end":{"line":752,"column":52}},"369":{"start":{"line":754,"column":4},"end":{"line":757,"column":7}},"370":{"start":{"line":755,"column":8},"end":{"line":755,"column":69}},"371":{"start":{"line":755,"column":17},"end":{"line":755,"column":69}},"372":{"start":{"line":756,"column":8},"end":{"line":756,"column":58}},"373":{"start":{"line":761,"column":0},"end":{"line":775,"column":3}},"374":{"start":{"line":762,"column":20},"end":{"line":762,"column":33}},"375":{"start":{"line":763,"column":124},"end":{"line":763,"column":132}},"376":{"start":{"line":765,"column":16},"end":{"line":768,"column":30}},"377":{"start":{"line":770,"column":4},"end":{"line":774,"column":7}},"378":{"start":{"line":771,"column":8},"end":{"line":771,"column":69}},"379":{"start":{"line":771,"column":17},"end":{"line":771,"column":69}},"380":{"start":{"line":772,"column":8},"end":{"line":772,"column":90}},"381":{"start":{"line":772,"column":32},"end":{"line":772,"column":90}},"382":{"start":{"line":773,"column":8},"end":{"line":773,"column":64}},"383":{"start":{"line":778,"column":0},"end":{"line":787,"column":3}},"384":{"start":{"line":779,"column":20},"end":{"line":779,"column":33}},"385":{"start":{"line":780,"column":16},"end":{"line":780,"column":49}},"386":{"start":{"line":782,"column":4},"end":{"line":786,"column":7}},"387":{"start":{"line":783,"column":8},"end":{"line":783,"column":69}},"388":{"start":{"line":783,"column":17},"end":{"line":783,"column":69}},"389":{"start":{"line":784,"column":8},"end":{"line":784,"column":90}},"390":{"start":{"line":784,"column":32},"end":{"line":784,"column":90}},"391":{"start":{"line":785,"column":8},"end":{"line":785,"column":64}},"392":{"start":{"line":790,"column":0},"end":{"line":801,"column":3}},"393":{"start":{"line":791,"column":20},"end":{"line":791,"column":33}},"394":{"start":{"line":792,"column":62},"end":{"line":792,"column":70}},"395":{"start":{"line":794,"column":16},"end":{"line":795,"column":37}},"396":{"start":{"line":797,"column":4},"end":{"line":800,"column":7}},"397":{"start":{"line":798,"column":8},"end":{"line":798,"column":69}},"398":{"start":{"line":798,"column":17},"end":{"line":798,"column":69}},"399":{"start":{"line":799,"column":8},"end":{"line":799,"column":71}},"400":{"start":{"line":806,"column":0},"end":{"line":827,"column":3}},"401":{"start":{"line":807,"column":84},"end":{"line":807,"column":92}},"402":{"start":{"line":810,"column":31},"end":{"line":810,"column":65}},"403":{"start":{"line":811,"column":30},"end":{"line":811,"column":119}},"404":{"start":{"line":812,"column":23},"end":{"line":812,"column":61}},"405":{"start":{"line":814,"column":16},"end":{"line":816,"column":49}},"406":{"start":{"line":818,"column":4},"end":{"line":826,"column":7}},"407":{"start":{"line":819,"column":8},"end":{"line":819,"column":69}},"408":{"start":{"line":819,"column":17},"end":{"line":819,"column":69}},"409":{"start":{"line":820,"column":8},"end":{"line":825,"column":11}},"410":{"start":{"line":830,"column":0},"end":{"line":839,"column":3}},"411":{"start":{"line":831,"column":17},"end":{"line":831,"column":32}},"412":{"start":{"line":832,"column":16},"end":{"line":832,"column":98}},"413":{"start":{"line":834,"column":4},"end":{"line":838,"column":7}},"414":{"start":{"line":835,"column":8},"end":{"line":835,"column":69}},"415":{"start":{"line":835,"column":17},"end":{"line":835,"column":69}},"416":{"start":{"line":836,"column":8},"end":{"line":836,"column":82}},"417":{"start":{"line":836,"column":18},"end":{"line":836,"column":82}},"418":{"start":{"line":837,"column":8},"end":{"line":837,"column":65}},"419":{"start":{"line":844,"column":0},"end":{"line":857,"column":3}},"420":{"start":{"line":846,"column":71},"end":{"line":846,"column":79}},"421":{"start":{"line":848,"column":16},"end":{"line":850,"column":55}},"422":{"start":{"line":852,"column":4},"end":{"line":856,"column":11}},"423":{"start":{"line":854,"column":12},"end":{"line":854,"column":73}},"424":{"start":{"line":854,"column":21},"end":{"line":854,"column":73}},"425":{"start":{"line":855,"column":12},"end":{"line":855,"column":74}},"426":{"start":{"line":860,"column":0},"end":{"line":866,"column":3}},"427":{"start":{"line":861,"column":16},"end":{"line":861,"column":77}},"428":{"start":{"line":862,"column":4},"end":{"line":865,"column":7}},"429":{"start":{"line":863,"column":8},"end":{"line":863,"column":69}},"430":{"start":{"line":863,"column":17},"end":{"line":863,"column":69}},"431":{"start":{"line":864,"column":8},"end":{"line":864,"column":53}},"432":{"start":{"line":869,"column":0},"end":{"line":877,"column":3}},"433":{"start":{"line":870,"column":35},"end":{"line":870,"column":43}},"434":{"start":{"line":871,"column":16},"end":{"line":871,"column":85}},"435":{"start":{"line":873,"column":4},"end":{"line":876,"column":7}},"436":{"start":{"line":874,"column":8},"end":{"line":874,"column":69}},"437":{"start":{"line":874,"column":17},"end":{"line":874,"column":69}},"438":{"start":{"line":875,"column":8},"end":{"line":875,"column":41}},"439":{"start":{"line":882,"column":0},"end":{"line":920,"column":3}},"440":{"start":{"line":883,"column":87},"end":{"line":883,"column":95}},"441":{"start":{"line":886,"column":4},"end":{"line":919,"column":7}},"442":{"start":{"line":887,"column":8},"end":{"line":887,"column":81}},"443":{"start":{"line":887,"column":17},"end":{"line":887,"column":81}},"444":{"start":{"line":889,"column":8},"end":{"line":894,"column":9}},"445":{"start":{"line":890,"column":12},"end":{"line":893,"column":15}},"446":{"start":{"line":897,"column":21},"end":{"line":897,"column":45}},"447":{"start":{"line":900,"column":8},"end":{"line":918,"column":11}},"448":{"start":{"line":901,"column":12},"end":{"line":901,"column":92}},"449":{"start":{"line":901,"column":21},"end":{"line":901,"column":92}},"450":{"start":{"line":903,"column":28},"end":{"line":903,"column":76}},"451":{"start":{"line":904,"column":32},"end":{"line":904,"column":57}},"452":{"start":{"line":906,"column":24},"end":{"line":907,"column":57}},"453":{"start":{"line":909,"column":12},"end":{"line":917,"column":15}},"454":{"start":{"line":910,"column":16},"end":{"line":910,"column":77}},"455":{"start":{"line":910,"column":25},"end":{"line":910,"column":77}},"456":{"start":{"line":913,"column":34},"end":{"line":913,"column":59}},"457":{"start":{"line":914,"column":16},"end":{"line":914,"column":133}},"458":{"start":{"line":916,"column":16},"end":{"line":916,"column":99}},"459":{"start":{"line":923,"column":0},"end":{"line":970,"column":3}},"460":{"start":{"line":924,"column":67},"end":{"line":924,"column":75}},"461":{"start":{"line":925,"column":22},"end":{"line":925,"column":32}},"462":{"start":{"line":926,"column":23},"end":{"line":926,"column":27}},"463":{"start":{"line":928,"column":4},"end":{"line":969,"column":5}},"464":{"start":{"line":930,"column":8},"end":{"line":965,"column":11}},"465":{"start":{"line":931,"column":12},"end":{"line":931,"column":92}},"466":{"start":{"line":931,"column":32},"end":{"line":931,"column":92}},"467":{"start":{"line":934,"column":58},"end":{"line":934,"column":86}},"468":{"start":{"line":935,"column":37},"end":{"line":935,"column":63}},"469":{"start":{"line":938,"column":25},"end":{"line":947,"column":14}},"470":{"start":{"line":950,"column":24},"end":{"line":951,"column":102}},"471":{"start":{"line":953,"column":12},"end":{"line":964,"column":15}},"472":{"start":{"line":954,"column":16},"end":{"line":954,"column":77}},"473":{"start":{"line":954,"column":25},"end":{"line":954,"column":77}},"474":{"start":{"line":957,"column":16},"end":{"line":963,"column":19}},"475":{"start":{"line":967,"column":8},"end":{"line":967,"column":52}},"476":{"start":{"line":968,"column":8},"end":{"line":968,"column":73}},"477":{"start":{"line":973,"column":0},"end":{"line":1018,"column":3}},"478":{"start":{"line":974,"column":4},"end":{"line":976,"column":5}},"479":{"start":{"line":975,"column":8},"end":{"line":975,"column":72}},"480":{"start":{"line":978,"column":76},"end":{"line":978,"column":84}},"481":{"start":{"line":981,"column":4},"end":{"line":1017,"column":7}},"482":{"start":{"line":982,"column":8},"end":{"line":984,"column":9}},"483":{"start":{"line":983,"column":12},"end":{"line":983,"column":74}},"484":{"start":{"line":987,"column":8},"end":{"line":1016,"column":10}},"485":{"start":{"line":991,"column":16},"end":{"line":991,"column":77}},"486":{"start":{"line":991,"column":25},"end":{"line":991,"column":77}},"487":{"start":{"line":993,"column":16},"end":{"line":995,"column":17}},"488":{"start":{"line":994,"column":20},"end":{"line":994,"column":99}},"489":{"start":{"line":998,"column":28},"end":{"line":1000,"column":68}},"490":{"start":{"line":1002,"column":16},"end":{"line":1014,"column":19}},"491":{"start":{"line":1003,"column":20},"end":{"line":1003,"column":81}},"492":{"start":{"line":1003,"column":29},"end":{"line":1003,"column":81}},"493":{"start":{"line":1005,"column":20},"end":{"line":1005,"column":95}},"494":{"start":{"line":1007,"column":20},"end":{"line":1013,"column":23}},"495":{"start":{"line":1021,"column":0},"end":{"line":1048,"column":3}},"496":{"start":{"line":1022,"column":27},"end":{"line":1022,"column":37}},"497":{"start":{"line":1024,"column":4},"end":{"line":1047,"column":7}},"498":{"start":{"line":1025,"column":8},"end":{"line":1027,"column":9}},"499":{"start":{"line":1026,"column":12},"end":{"line":1026,"column":72}},"500":{"start":{"line":1029,"column":8},"end":{"line":1031,"column":9}},"501":{"start":{"line":1030,"column":12},"end":{"line":1030,"column":73}},"502":{"start":{"line":1033,"column":20},"end":{"line":1035,"column":34}},"503":{"start":{"line":1037,"column":8},"end":{"line":1046,"column":11}},"504":{"start":{"line":1038,"column":12},"end":{"line":1038,"column":73}},"505":{"start":{"line":1038,"column":21},"end":{"line":1038,"column":73}},"506":{"start":{"line":1040,"column":12},"end":{"line":1040,"column":73}},"507":{"start":{"line":1041,"column":12},"end":{"line":1045,"column":15}},"508":{"start":{"line":1051,"column":0},"end":{"line":1082,"column":3}},"509":{"start":{"line":1052,"column":27},"end":{"line":1052,"column":37}},"510":{"start":{"line":1054,"column":4},"end":{"line":1081,"column":7}},"511":{"start":{"line":1055,"column":8},"end":{"line":1057,"column":9}},"512":{"start":{"line":1056,"column":12},"end":{"line":1056,"column":72}},"513":{"start":{"line":1059,"column":8},"end":{"line":1061,"column":9}},"514":{"start":{"line":1060,"column":12},"end":{"line":1060,"column":74}},"515":{"start":{"line":1063,"column":8},"end":{"line":1065,"column":9}},"516":{"start":{"line":1064,"column":12},"end":{"line":1064,"column":74}},"517":{"start":{"line":1067,"column":20},"end":{"line":1069,"column":34}},"518":{"start":{"line":1071,"column":8},"end":{"line":1080,"column":11}},"519":{"start":{"line":1072,"column":12},"end":{"line":1072,"column":73}},"520":{"start":{"line":1072,"column":21},"end":{"line":1072,"column":73}},"521":{"start":{"line":1074,"column":12},"end":{"line":1074,"column":74}},"522":{"start":{"line":1075,"column":12},"end":{"line":1079,"column":15}},"523":{"start":{"line":1085,"column":0},"end":{"line":1120,"column":3}},"524":{"start":{"line":1086,"column":4},"end":{"line":1088,"column":5}},"525":{"start":{"line":1087,"column":8},"end":{"line":1087,"column":72}},"526":{"start":{"line":1090,"column":22},"end":{"line":1096,"column":5}},"527":{"start":{"line":1098,"column":22},"end":{"line":1103,"column":5}},"528":{"start":{"line":1105,"column":4},"end":{"line":1119,"column":7}},"529":{"start":{"line":1106,"column":8},"end":{"line":1106,"column":69}},"530":{"start":{"line":1106,"column":17},"end":{"line":1106,"column":69}},"531":{"start":{"line":1108,"column":8},"end":{"line":1118,"column":11}},"532":{"start":{"line":1109,"column":12},"end":{"line":1109,"column":73}},"533":{"start":{"line":1109,"column":21},"end":{"line":1109,"column":73}},"534":{"start":{"line":1111,"column":12},"end":{"line":1117,"column":15}},"535":{"start":{"line":1123,"column":0},"end":{"line":1147,"column":3}},"536":{"start":{"line":1124,"column":4},"end":{"line":1126,"column":5}},"537":{"start":{"line":1125,"column":8},"end":{"line":1125,"column":72}},"538":{"start":{"line":1128,"column":42},"end":{"line":1128,"column":50}},"539":{"start":{"line":1130,"column":4},"end":{"line":1132,"column":5}},"540":{"start":{"line":1131,"column":8},"end":{"line":1131,"column":77}},"541":{"start":{"line":1134,"column":18},"end":{"line":1134,"column":85}},"542":{"start":{"line":1135,"column":25},"end":{"line":1135,"column":61}},"543":{"start":{"line":1135,"column":47},"end":{"line":1135,"column":50}},"544":{"start":{"line":1136,"column":16},"end":{"line":1136,"column":95}},"545":{"start":{"line":1138,"column":4},"end":{"line":1146,"column":7}},"546":{"start":{"line":1139,"column":8},"end":{"line":1139,"column":69}},"547":{"start":{"line":1139,"column":17},"end":{"line":1139,"column":69}},"548":{"start":{"line":1141,"column":8},"end":{"line":1141,"column":80}},"549":{"start":{"line":1142,"column":8},"end":{"line":1145,"column":11}},"550":{"start":{"line":1152,"column":0},"end":{"line":1192,"column":3}},"551":{"start":{"line":1153,"column":4},"end":{"line":1155,"column":5}},"552":{"start":{"line":1154,"column":8},"end":{"line":1154,"column":72}},"553":{"start":{"line":1157,"column":129},"end":{"line":1157,"column":137}},"554":{"start":{"line":1160,"column":4},"end":{"line":1191,"column":6}},"555":{"start":{"line":1166,"column":12},"end":{"line":1166,"column":73}},"556":{"start":{"line":1166,"column":21},"end":{"line":1166,"column":73}},"557":{"start":{"line":1168,"column":12},"end":{"line":1170,"column":13}},"558":{"start":{"line":1169,"column":16},"end":{"line":1169,"column":100}},"559":{"start":{"line":1173,"column":24},"end":{"line":1175,"column":64}},"560":{"start":{"line":1177,"column":12},"end":{"line":1189,"column":15}},"561":{"start":{"line":1178,"column":16},"end":{"line":1178,"column":77}},"562":{"start":{"line":1178,"column":25},"end":{"line":1178,"column":77}},"563":{"start":{"line":1180,"column":16},"end":{"line":1180,"column":76}},"564":{"start":{"line":1182,"column":16},"end":{"line":1188,"column":19}},"565":{"start":{"line":1195,"column":0},"end":{"line":1222,"column":3}},"566":{"start":{"line":1196,"column":27},"end":{"line":1196,"column":37}},"567":{"start":{"line":1198,"column":4},"end":{"line":1221,"column":7}},"568":{"start":{"line":1199,"column":8},"end":{"line":1201,"column":9}},"569":{"start":{"line":1200,"column":12},"end":{"line":1200,"column":72}},"570":{"start":{"line":1203,"column":8},"end":{"line":1205,"column":9}},"571":{"start":{"line":1204,"column":12},"end":{"line":1204,"column":73}},"572":{"start":{"line":1207,"column":20},"end":{"line":1209,"column":34}},"573":{"start":{"line":1211,"column":8},"end":{"line":1220,"column":11}},"574":{"start":{"line":1212,"column":12},"end":{"line":1212,"column":73}},"575":{"start":{"line":1212,"column":21},"end":{"line":1212,"column":73}},"576":{"start":{"line":1214,"column":12},"end":{"line":1214,"column":78}},"577":{"start":{"line":1215,"column":12},"end":{"line":1219,"column":15}},"578":{"start":{"line":1225,"column":0},"end":{"line":1256,"column":3}},"579":{"start":{"line":1226,"column":27},"end":{"line":1226,"column":37}},"580":{"start":{"line":1228,"column":4},"end":{"line":1255,"column":7}},"581":{"start":{"line":1229,"column":8},"end":{"line":1231,"column":9}},"582":{"start":{"line":1230,"column":12},"end":{"line":1230,"column":72}},"583":{"start":{"line":1233,"column":8},"end":{"line":1235,"column":9}},"584":{"start":{"line":1234,"column":12},"end":{"line":1234,"column":74}},"585":{"start":{"line":1237,"column":8},"end":{"line":1239,"column":9}},"586":{"start":{"line":1238,"column":12},"end":{"line":1238,"column":74}},"587":{"start":{"line":1241,"column":20},"end":{"line":1243,"column":34}},"588":{"start":{"line":1245,"column":8},"end":{"line":1254,"column":11}},"589":{"start":{"line":1246,"column":12},"end":{"line":1246,"column":73}},"590":{"start":{"line":1246,"column":21},"end":{"line":1246,"column":73}},"591":{"start":{"line":1248,"column":12},"end":{"line":1248,"column":79}},"592":{"start":{"line":1249,"column":12},"end":{"line":1253,"column":15}},"593":{"start":{"line":1259,"column":0},"end":{"line":1289,"column":3}},"594":{"start":{"line":1260,"column":4},"end":{"line":1262,"column":5}},"595":{"start":{"line":1261,"column":8},"end":{"line":1261,"column":72}},"596":{"start":{"line":1264,"column":16},"end":{"line":1283,"column":5}},"597":{"start":{"line":1285,"column":4},"end":{"line":1288,"column":7}},"598":{"start":{"line":1286,"column":8},"end":{"line":1286,"column":69}},"599":{"start":{"line":1286,"column":17},"end":{"line":1286,"column":69}},"600":{"start":{"line":1287,"column":8},"end":{"line":1287,"column":57}},"601":{"start":{"line":1292,"column":0},"end":{"line":1327,"column":3}},"602":{"start":{"line":1293,"column":129},"end":{"line":1293,"column":137}},"603":{"start":{"line":1296,"column":25},"end":{"line":1301,"column":5}},"604":{"start":{"line":1304,"column":34},"end":{"line":1304,"column":67}},"605":{"start":{"line":1305,"column":30},"end":{"line":1305,"column":61}},"606":{"start":{"line":1306,"column":26},"end":{"line":1306,"column":79}},"607":{"start":{"line":1309,"column":21},"end":{"line":1309,"column":49}},"608":{"start":{"line":1310,"column":23},"end":{"line":1310,"column":38}},"609":{"start":{"line":1311,"column":24},"end":{"line":1311,"column":50}},"610":{"start":{"line":1313,"column":16},"end":{"line":1315,"column":41}},"611":{"start":{"line":1317,"column":4},"end":{"line":1326,"column":7}},"612":{"start":{"line":1318,"column":8},"end":{"line":1318,"column":69}},"613":{"start":{"line":1318,"column":17},"end":{"line":1318,"column":69}},"614":{"start":{"line":1321,"column":8},"end":{"line":1323,"column":11}},"615":{"start":{"line":1322,"column":12},"end":{"line":1322,"column":82}},"616":{"start":{"line":1325,"column":8},"end":{"line":1325,"column":66}},"617":{"start":{"line":1330,"column":0},"end":{"line":1373,"column":3}},"618":{"start":{"line":1331,"column":62},"end":{"line":1331,"column":70}},"619":{"start":{"line":1333,"column":4},"end":{"line":1335,"column":5}},"620":{"start":{"line":1334,"column":8},"end":{"line":1334,"column":74}},"621":{"start":{"line":1339,"column":16},"end":{"line":1349,"column":5}},"622":{"start":{"line":1351,"column":4},"end":{"line":1372,"column":7}},"623":{"start":{"line":1358,"column":8},"end":{"line":1358,"column":69}},"624":{"start":{"line":1358,"column":17},"end":{"line":1358,"column":69}},"625":{"start":{"line":1360,"column":8},"end":{"line":1371,"column":9}},"626":{"start":{"line":1361,"column":12},"end":{"line":1368,"column":15}},"627":{"start":{"line":1363,"column":47},"end":{"line":1367,"column":17}},"628":{"start":{"line":1370,"column":12},"end":{"line":1370,"column":57}},"629":{"start":{"line":1376,"column":0},"end":{"line":1421,"column":3}},"630":{"start":{"line":1377,"column":51},"end":{"line":1377,"column":59}},"631":{"start":{"line":1379,"column":4},"end":{"line":1381,"column":5}},"632":{"start":{"line":1380,"column":8},"end":{"line":1380,"column":74}},"633":{"start":{"line":1383,"column":18},"end":{"line":1388,"column":5}},"634":{"start":{"line":1390,"column":16},"end":{"line":1399,"column":5}},"635":{"start":{"line":1401,"column":4},"end":{"line":1420,"column":7}},"636":{"start":{"line":1407,"column":8},"end":{"line":1407,"column":69}},"637":{"start":{"line":1407,"column":17},"end":{"line":1407,"column":69}},"638":{"start":{"line":1410,"column":28},"end":{"line":1410,"column":58}},"639":{"start":{"line":1410,"column":46},"end":{"line":1410,"column":57}},"640":{"start":{"line":1411,"column":29},"end":{"line":1417,"column":11}},"641":{"start":{"line":1411,"column":48},"end":{"line":1417,"column":9}},"642":{"start":{"line":1415,"column":29},"end":{"line":1415,"column":49}},"643":{"start":{"line":1416,"column":27},"end":{"line":1416,"column":77}},"644":{"start":{"line":1419,"column":8},"end":{"line":1419,"column":42}},"645":{"start":{"line":1424,"column":0},"end":{"line":1446,"column":3}},"646":{"start":{"line":1425,"column":17},"end":{"line":1425,"column":32}},"647":{"start":{"line":1428,"column":16},"end":{"line":1428,"column":116}},"648":{"start":{"line":1430,"column":4},"end":{"line":1445,"column":7}},"649":{"start":{"line":1431,"column":8},"end":{"line":1431,"column":69}},"650":{"start":{"line":1431,"column":17},"end":{"line":1431,"column":69}},"651":{"start":{"line":1433,"column":28},"end":{"line":1433,"column":58}},"652":{"start":{"line":1433,"column":44},"end":{"line":1433,"column":57}},"653":{"start":{"line":1434,"column":25},"end":{"line":1434,"column":27}},"654":{"start":{"line":1436,"column":8},"end":{"line":1442,"column":9}},"655":{"start":{"line":1436,"column":21},"end":{"line":1436,"column":22}},"656":{"start":{"line":1437,"column":28},"end":{"line":1437,"column":39}},"657":{"start":{"line":1438,"column":12},"end":{"line":1441,"column":15}},"658":{"start":{"line":1444,"column":8},"end":{"line":1444,"column":58}},"659":{"start":{"line":1451,"column":0},"end":{"line":1485,"column":3}},"660":{"start":{"line":1452,"column":22},"end":{"line":1452,"column":24}},"661":{"start":{"line":1455,"column":4},"end":{"line":1484,"column":7}},"662":{"start":{"line":1456,"column":8},"end":{"line":1456,"column":55}},"663":{"start":{"line":1459,"column":8},"end":{"line":1483,"column":11}},"664":{"start":{"line":1460,"column":12},"end":{"line":1460,"column":71}},"665":{"start":{"line":1463,"column":12},"end":{"line":1482,"column":15}},"666":{"start":{"line":1464,"column":16},"end":{"line":1464,"column":63}},"667":{"start":{"line":1467,"column":16},"end":{"line":1481,"column":19}},"668":{"start":{"line":1468,"column":20},"end":{"line":1468,"column":68}},"669":{"start":{"line":1471,"column":20},"end":{"line":1480,"column":23}},"670":{"start":{"line":1472,"column":24},"end":{"line":1472,"column":77}},"671":{"start":{"line":1475,"column":24},"end":{"line":1479,"column":27}},"672":{"start":{"line":1476,"column":28},"end":{"line":1476,"column":75}},"673":{"start":{"line":1478,"column":28},"end":{"line":1478,"column":78}},"674":{"start":{"line":1488,"column":0},"end":{"line":1502,"column":3}},"675":{"start":{"line":1489,"column":16},"end":{"line":1496,"column":40}},"676":{"start":{"line":1498,"column":4},"end":{"line":1501,"column":7}},"677":{"start":{"line":1499,"column":8},"end":{"line":1499,"column":69}},"678":{"start":{"line":1499,"column":17},"end":{"line":1499,"column":69}},"679":{"start":{"line":1500,"column":8},"end":{"line":1500,"column":53}},"680":{"start":{"line":1507,"column":0},"end":{"line":1512,"column":3}},"681":{"start":{"line":1508,"column":4},"end":{"line":1511,"column":7}},"682":{"start":{"line":1509,"column":8},"end":{"line":1509,"column":69}},"683":{"start":{"line":1509,"column":17},"end":{"line":1509,"column":69}},"684":{"start":{"line":1510,"column":8},"end":{"line":1510,"column":33}},"685":{"start":{"line":1515,"column":0},"end":{"line":1520,"column":3}},"686":{"start":{"line":1516,"column":4},"end":{"line":1519,"column":7}},"687":{"start":{"line":1517,"column":8},"end":{"line":1517,"column":69}},"688":{"start":{"line":1517,"column":17},"end":{"line":1517,"column":69}},"689":{"start":{"line":1518,"column":8},"end":{"line":1518,"column":41}},"690":{"start":{"line":1523,"column":0},"end":{"line":1551,"column":3}},"691":{"start":{"line":1524,"column":4},"end":{"line":1526,"column":5}},"692":{"start":{"line":1525,"column":8},"end":{"line":1525,"column":72}},"693":{"start":{"line":1528,"column":16},"end":{"line":1545,"column":5}},"694":{"start":{"line":1547,"column":4},"end":{"line":1550,"column":7}},"695":{"start":{"line":1548,"column":8},"end":{"line":1548,"column":69}},"696":{"start":{"line":1548,"column":17},"end":{"line":1548,"column":69}},"697":{"start":{"line":1549,"column":8},"end":{"line":1549,"column":57}},"698":{"start":{"line":1554,"column":0},"end":{"line":1559,"column":3}},"699":{"start":{"line":1555,"column":4},"end":{"line":1558,"column":7}},"700":{"start":{"line":1556,"column":8},"end":{"line":1556,"column":69}},"701":{"start":{"line":1556,"column":17},"end":{"line":1556,"column":69}},"702":{"start":{"line":1557,"column":8},"end":{"line":1557,"column":33}},"703":{"start":{"line":1562,"column":0},"end":{"line":1567,"column":3}},"704":{"start":{"line":1563,"column":4},"end":{"line":1566,"column":7}},"705":{"start":{"line":1564,"column":8},"end":{"line":1564,"column":69}},"706":{"start":{"line":1564,"column":17},"end":{"line":1564,"column":69}},"707":{"start":{"line":1565,"column":8},"end":{"line":1565,"column":41}},"708":{"start":{"line":1570,"column":0},"end":{"line":1575,"column":3}},"709":{"start":{"line":1571,"column":4},"end":{"line":1574,"column":7}},"710":{"start":{"line":1572,"column":8},"end":{"line":1572,"column":69}},"711":{"start":{"line":1572,"column":17},"end":{"line":1572,"column":69}},"712":{"start":{"line":1573,"column":8},"end":{"line":1573,"column":33}},"713":{"start":{"line":1578,"column":0},"end":{"line":1605,"column":3}},"714":{"start":{"line":1579,"column":16},"end":{"line":1596,"column":5}},"715":{"start":{"line":1598,"column":4},"end":{"line":1604,"column":7}},"716":{"start":{"line":1599,"column":8},"end":{"line":1602,"column":9}},"717":{"start":{"line":1600,"column":12},"end":{"line":1600,"column":76}},"718":{"start":{"line":1601,"column":12},"end":{"line":1601,"column":64}},"719":{"start":{"line":1603,"column":8},"end":{"line":1603,"column":53}},"720":{"start":{"line":1608,"column":0},"end":{"line":1804,"column":3}},"721":{"start":{"line":1609,"column":21},"end":{"line":1609,"column":34}},"722":{"start":{"line":1610,"column":19},"end":{"line":1610,"column":45}},"723":{"start":{"line":1613,"column":4},"end":{"line":1803,"column":11}},"724":{"start":{"line":1615,"column":12},"end":{"line":1617,"column":13}},"725":{"start":{"line":1616,"column":16},"end":{"line":1616,"column":75}},"726":{"start":{"line":1619,"column":34},"end":{"line":1626,"column":13}},"727":{"start":{"line":1629,"column":27},"end":{"line":1650,"column":9}},"728":{"start":{"line":1652,"column":12},"end":{"line":1802,"column":15}},"729":{"start":{"line":1653,"column":16},"end":{"line":1668,"column":17}},"730":{"start":{"line":1655,"column":20},"end":{"line":1667,"column":23}},"731":{"start":{"line":1656,"column":46},"end":{"line":1656,"column":50}},"732":{"start":{"line":1657,"column":24},"end":{"line":1661,"column":25}},"733":{"start":{"line":1658,"column":47},"end":{"line":1658,"column":71}},"734":{"start":{"line":1659,"column":28},"end":{"line":1659,"column":67}},"735":{"start":{"line":1660,"column":28},"end":{"line":1660,"column":106}},"736":{"start":{"line":1662,"column":24},"end":{"line":1666,"column":26}},"737":{"start":{"line":1671,"column":31},"end":{"line":1688,"column":13}},"738":{"start":{"line":1690,"column":16},"end":{"line":1801,"column":19}},"739":{"start":{"line":1691,"column":20},"end":{"line":1719,"column":21}},"740":{"start":{"line":1692,"column":24},"end":{"line":1718,"column":27}},"741":{"start":{"line":1693,"column":54},"end":{"line":1693,"column":58}},"742":{"start":{"line":1694,"column":48},"end":{"line":1694,"column":49}},"743":{"start":{"line":1696,"column":28},"end":{"line":1711,"column":29}},"744":{"start":{"line":1697,"column":51},"end":{"line":1697,"column":80}},"745":{"start":{"line":1698,"column":32},"end":{"line":1698,"column":75}},"746":{"start":{"line":1699,"column":32},"end":{"line":1699,"column":118}},"747":{"start":{"line":1702,"column":46},"end":{"line":1702,"column":56}},"748":{"start":{"line":1703,"column":50},"end":{"line":1703,"column":72}},"749":{"start":{"line":1704,"column":52},"end":{"line":1704,"column":108}},"750":{"start":{"line":1707,"column":32},"end":{"line":1707,"column":120}},"751":{"start":{"line":1708,"column":35},"end":{"line":1711,"column":29}},"752":{"start":{"line":1710,"column":32},"end":{"line":1710,"column":52}},"753":{"start":{"line":1713,"column":28},"end":{"line":1717,"column":30}},"754":{"start":{"line":1722,"column":42},"end":{"line":1736,"column":17}},"755":{"start":{"line":1738,"column":20},"end":{"line":1800,"column":23}},"756":{"start":{"line":1739,"column":24},"end":{"line":1751,"column":25}},"757":{"start":{"line":1740,"column":28},"end":{"line":1750,"column":31}},"758":{"start":{"line":1741,"column":44},"end":{"line":1741,"column":54}},"759":{"start":{"line":1742,"column":48},"end":{"line":1742,"column":70}},"760":{"start":{"line":1743,"column":54},"end":{"line":1743,"column":104}},"761":{"start":{"line":1744,"column":32},"end":{"line":1749,"column":34}},"762":{"start":{"line":1754,"column":44},"end":{"line":1767,"column":21}},"763":{"start":{"line":1769,"column":24},"end":{"line":1799,"column":27}},"764":{"start":{"line":1770,"column":28},"end":{"line":1772,"column":29}},"765":{"start":{"line":1771,"column":32},"end":{"line":1771,"column":71}},"766":{"start":{"line":1775,"column":48},"end":{"line":1789,"column":25}},"767":{"start":{"line":1791,"column":28},"end":{"line":1798,"column":31}},"768":{"start":{"line":1792,"column":32},"end":{"line":1794,"column":33}},"769":{"start":{"line":1793,"column":36},"end":{"line":1793,"column":70}},"770":{"start":{"line":1796,"column":32},"end":{"line":1796,"column":97}},"771":{"start":{"line":1797,"column":32},"end":{"line":1797,"column":86}},"772":{"start":{"line":1807,"column":0},"end":{"line":1812,"column":3}},"773":{"start":{"line":1808,"column":4},"end":{"line":1811,"column":7}},"774":{"start":{"line":1809,"column":8},"end":{"line":1809,"column":69}},"775":{"start":{"line":1809,"column":17},"end":{"line":1809,"column":69}},"776":{"start":{"line":1810,"column":8},"end":{"line":1810,"column":33}},"777":{"start":{"line":1815,"column":0},"end":{"line":1820,"column":3}},"778":{"start":{"line":1816,"column":4},"end":{"line":1819,"column":7}},"779":{"start":{"line":1817,"column":8},"end":{"line":1817,"column":69}},"780":{"start":{"line":1817,"column":17},"end":{"line":1817,"column":69}},"781":{"start":{"line":1818,"column":8},"end":{"line":1818,"column":33}},"782":{"start":{"line":1824,"column":17},"end":{"line":1824,"column":45}},"783":{"start":{"line":1825,"column":15},"end":{"line":1825,"column":41}},"784":{"start":{"line":1826,"column":14},"end":{"line":1826,"column":39}},"785":{"start":{"line":1829,"column":0},"end":{"line":1873,"column":3}},"786":{"start":{"line":1830,"column":4},"end":{"line":1872,"column":5}},"787":{"start":{"line":1831,"column":69},"end":{"line":1831,"column":77}},"788":{"start":{"line":1834,"column":33},"end":{"line":1834,"column":64}},"789":{"start":{"line":1836,"column":28},"end":{"line":1842,"column":10}},"790":{"start":{"line":1845,"column":20},"end":{"line":1846,"column":47}},"791":{"start":{"line":1848,"column":8},"end":{"line":1859,"column":11}},"792":{"start":{"line":1856,"column":12},"end":{"line":1858,"column":13}},"793":{"start":{"line":1857,"column":16},"end":{"line":1857,"column":79}},"794":{"start":{"line":1861,"column":8},"end":{"line":1861,"column":69}},"795":{"start":{"line":1862,"column":8},"end":{"line":1868,"column":11}},"796":{"start":{"line":1870,"column":8},"end":{"line":1870,"column":71}},"797":{"start":{"line":1871,"column":8},"end":{"line":1871,"column":73}},"798":{"start":{"line":1878,"column":4},"end":{"line":2023,"column":7}},"799":{"start":{"line":1880,"column":8},"end":{"line":2022,"column":11}},"800":{"start":{"line":1881,"column":12},"end":{"line":1884,"column":13}},"801":{"start":{"line":1882,"column":16},"end":{"line":1882,"column":61}},"802":{"start":{"line":1883,"column":16},"end":{"line":1883,"column":35}},"803":{"start":{"line":1887,"column":12},"end":{"line":2021,"column":15}},"804":{"start":{"line":1888,"column":16},"end":{"line":1891,"column":17}},"805":{"start":{"line":1889,"column":20},"end":{"line":1889,"column":66}},"806":{"start":{"line":1890,"column":20},"end":{"line":1890,"column":39}},"807":{"start":{"line":1894,"column":16},"end":{"line":1960,"column":18}},"808":{"start":{"line":1900,"column":24},"end":{"line":1958,"column":25}},"809":{"start":{"line":1901,"column":28},"end":{"line":1901,"column":91}},"810":{"start":{"line":1904,"column":28},"end":{"line":1957,"column":31}},"811":{"start":{"line":1910,"column":32},"end":{"line":1956,"column":33}},"812":{"start":{"line":1911,"column":36},"end":{"line":1955,"column":37}},"813":{"start":{"line":1912,"column":59},"end":{"line":1912,"column":90}},"814":{"start":{"line":1913,"column":54},"end":{"line":1913,"column":79}},"815":{"start":{"line":1916,"column":62},"end":{"line":1934,"column":42}},"816":{"start":{"line":1937,"column":40},"end":{"line":1952,"column":41}},"817":{"start":{"line":1939,"column":60},"end":{"line":1939,"column":432}},"818":{"start":{"line":1941,"column":44},"end":{"line":1947,"column":46}},"819":{"start":{"line":1949,"column":44},"end":{"line":1949,"column":95}},"820":{"start":{"line":1951,"column":44},"end":{"line":1951,"column":102}},"821":{"start":{"line":1954,"column":40},"end":{"line":1954,"column":95}},"822":{"start":{"line":1963,"column":16},"end":{"line":1973,"column":18}},"823":{"start":{"line":1969,"column":24},"end":{"line":1971,"column":25}},"824":{"start":{"line":1970,"column":28},"end":{"line":1970,"column":91}},"825":{"start":{"line":1976,"column":16},"end":{"line":2018,"column":17}},"826":{"start":{"line":1977,"column":20},"end":{"line":2017,"column":21}},"827":{"start":{"line":1978,"column":41},"end":{"line":1978,"column":77}},"828":{"start":{"line":1979,"column":45},"end":{"line":1979,"column":67}},"829":{"start":{"line":1981,"column":24},"end":{"line":2014,"column":25}},"830":{"start":{"line":1983,"column":28},"end":{"line":2013,"column":35}},"831":{"start":{"line":1985,"column":36},"end":{"line":1985,"column":102}},"832":{"start":{"line":1985,"column":45},"end":{"line":1985,"column":102}},"833":{"start":{"line":1988,"column":36},"end":{"line":2012,"column":39}},"834":{"start":{"line":1994,"column":40},"end":{"line":2011,"column":41}},"835":{"start":{"line":1996,"column":44},"end":{"line":2010,"column":51}},"836":{"start":{"line":1998,"column":52},"end":{"line":2009,"column":53}},"837":{"start":{"line":2000,"column":56},"end":{"line":2008,"column":59}},"838":{"start":{"line":2006,"column":60},"end":{"line":2007,"column":151}},"839":{"start":{"line":2006,"column":69},"end":{"line":2006,"column":122}},"840":{"start":{"line":2007,"column":65},"end":{"line":2007,"column":151}},"841":{"start":{"line":2016,"column":24},"end":{"line":2016,"column":78}},"842":{"start":{"line":2020,"column":16},"end":{"line":2020,"column":33}},"843":{"start":{"line":2027,"column":0},"end":{"line":2064,"column":3}},"844":{"start":{"line":2028,"column":22},"end":{"line":2028,"column":42}},"845":{"start":{"line":2030,"column":4},"end":{"line":2063,"column":5}},"846":{"start":{"line":2031,"column":34},"end":{"line":2031,"column":62}},"847":{"start":{"line":2032,"column":28},"end":{"line":2032,"column":58}},"848":{"start":{"line":2034,"column":8},"end":{"line":2059,"column":9}},"849":{"start":{"line":2036,"column":12},"end":{"line":2054,"column":15}},"850":{"start":{"line":2037,"column":16},"end":{"line":2053,"column":17}},"851":{"start":{"line":2038,"column":20},"end":{"line":2052,"column":22}},"852":{"start":{"line":2041,"column":28},"end":{"line":2050,"column":29}},"853":{"start":{"line":2043,"column":32},"end":{"line":2049,"column":35}},"854":{"start":{"line":2044,"column":36},"end":{"line":2048,"column":37}},"855":{"start":{"line":2045,"column":58},"end":{"line":2045,"column":83}},"856":{"start":{"line":2046,"column":40},"end":{"line":2047,"column":119}},"857":{"start":{"line":2056,"column":12},"end":{"line":2056,"column":86}},"858":{"start":{"line":2058,"column":12},"end":{"line":2058,"column":83}},"859":{"start":{"line":2061,"column":8},"end":{"line":2061,"column":60}},"860":{"start":{"line":2062,"column":8},"end":{"line":2062,"column":55}},"861":{"start":{"line":2066,"column":0},"end":{"line":2084,"column":3}},"862":{"start":{"line":2067,"column":4},"end":{"line":2083,"column":5}},"863":{"start":{"line":2068,"column":26},"end":{"line":2068,"column":46}},"864":{"start":{"line":2069,"column":28},"end":{"line":2069,"column":67}},"865":{"start":{"line":2071,"column":8},"end":{"line":2073,"column":9}},"866":{"start":{"line":2072,"column":12},"end":{"line":2072,"column":54}},"867":{"start":{"line":2075,"column":8},"end":{"line":2075,"column":54}},"868":{"start":{"line":2076,"column":8},"end":{"line":2079,"column":11}},"869":{"start":{"line":2081,"column":8},"end":{"line":2081,"column":69}},"870":{"start":{"line":2082,"column":8},"end":{"line":2082,"column":71}},"871":{"start":{"line":2087,"column":0},"end":{"line":2101,"column":3}},"872":{"start":{"line":2088,"column":4},"end":{"line":2100,"column":5}},"873":{"start":{"line":2089,"column":8},"end":{"line":2097,"column":11}},"874":{"start":{"line":2099,"column":8},"end":{"line":2099,"column":43}},"875":{"start":{"line":2104,"column":0},"end":{"line":2126,"column":3}},"876":{"start":{"line":2105,"column":4},"end":{"line":2125,"column":5}},"877":{"start":{"line":2106,"column":26},"end":{"line":2106,"column":61}},"878":{"start":{"line":2108,"column":8},"end":{"line":2111,"column":9}},"879":{"start":{"line":2109,"column":12},"end":{"line":2109,"column":53}},"880":{"start":{"line":2110,"column":12},"end":{"line":2110,"column":72}},"881":{"start":{"line":2113,"column":22},"end":{"line":2113,"column":30}},"882":{"start":{"line":2115,"column":8},"end":{"line":2119,"column":9}},"883":{"start":{"line":2116,"column":30},"end":{"line":2116,"column":50}},"884":{"start":{"line":2117,"column":12},"end":{"line":2117,"column":54}},"885":{"start":{"line":2118,"column":12},"end":{"line":2118,"column":70}},"886":{"start":{"line":2121,"column":8},"end":{"line":2121,"column":31}},"887":{"start":{"line":2123,"column":8},"end":{"line":2123,"column":56}},"888":{"start":{"line":2124,"column":8},"end":{"line":2124,"column":31}},"889":{"start":{"line":2131,"column":0},"end":{"line":2146,"column":3}},"890":{"start":{"line":2132,"column":4},"end":{"line":2145,"column":5}},"891":{"start":{"line":2133,"column":38},"end":{"line":2133,"column":46}},"892":{"start":{"line":2135,"column":23},"end":{"line":2135,"column":82}},"893":{"start":{"line":2137,"column":8},"end":{"line":2141,"column":9}},"894":{"start":{"line":2138,"column":12},"end":{"line":2138,"column":90}},"895":{"start":{"line":2140,"column":12},"end":{"line":2140,"column":91}},"896":{"start":{"line":2143,"column":8},"end":{"line":2143,"column":59}},"897":{"start":{"line":2144,"column":8},"end":{"line":2144,"column":64}},"898":{"start":{"line":2150,"column":25},"end":{"line":2150,"column":51}},"899":{"start":{"line":2153,"column":0},"end":{"line":2172,"column":3}},"900":{"start":{"line":2154,"column":4},"end":{"line":2171,"column":5}},"901":{"start":{"line":2155,"column":8},"end":{"line":2157,"column":9}},"902":{"start":{"line":2156,"column":12},"end":{"line":2156,"column":71}},"903":{"start":{"line":2159,"column":8},"end":{"line":2159,"column":65}},"904":{"start":{"line":2160,"column":8},"end":{"line":2167,"column":11}},"905":{"start":{"line":2169,"column":8},"end":{"line":2169,"column":60}},"906":{"start":{"line":2170,"column":8},"end":{"line":2170,"column":62}},"907":{"start":{"line":2175,"column":0},"end":{"line":2194,"column":3}},"908":{"start":{"line":2176,"column":4},"end":{"line":2193,"column":5}},"909":{"start":{"line":2177,"column":8},"end":{"line":2179,"column":9}},"910":{"start":{"line":2178,"column":12},"end":{"line":2178,"column":71}},"911":{"start":{"line":2181,"column":8},"end":{"line":2181,"column":70}},"912":{"start":{"line":2182,"column":8},"end":{"line":2189,"column":11}},"913":{"start":{"line":2191,"column":8},"end":{"line":2191,"column":60}},"914":{"start":{"line":2192,"column":8},"end":{"line":2192,"column":62}},"915":{"start":{"line":2199,"column":0},"end":{"line":2234,"column":3}},"916":{"start":{"line":2205,"column":8},"end":{"line":2205,"column":16}},"917":{"start":{"line":2207,"column":16},"end":{"line":2212,"column":80}},"918":{"start":{"line":2214,"column":19},"end":{"line":2219,"column":5}},"919":{"start":{"line":2221,"column":4},"end":{"line":2233,"column":7}},"920":{"start":{"line":2222,"column":8},"end":{"line":2225,"column":9}},"921":{"start":{"line":2223,"column":12},"end":{"line":2223,"column":66}},"922":{"start":{"line":2224,"column":12},"end":{"line":2224,"column":64}},"923":{"start":{"line":2228,"column":25},"end":{"line":2228,"column":50}},"924":{"start":{"line":2229,"column":8},"end":{"line":2229,"column":92}},"925":{"start":{"line":2231,"column":8},"end":{"line":2231,"column":72}},"926":{"start":{"line":2232,"column":8},"end":{"line":2232,"column":58}},"927":{"start":{"line":2237,"column":0},"end":{"line":2267,"column":3}},"928":{"start":{"line":2238,"column":20},"end":{"line":2238,"column":33}},"929":{"start":{"line":2239,"column":62},"end":{"line":2239,"column":70}},"930":{"start":{"line":2242,"column":4},"end":{"line":2266,"column":7}},"931":{"start":{"line":2243,"column":8},"end":{"line":2245,"column":9}},"932":{"start":{"line":2244,"column":12},"end":{"line":2244,"column":70}},"933":{"start":{"line":2247,"column":20},"end":{"line":2248,"column":41}},"934":{"start":{"line":2250,"column":8},"end":{"line":2265,"column":11}},"935":{"start":{"line":2251,"column":12},"end":{"line":2254,"column":13}},"936":{"start":{"line":2252,"column":16},"end":{"line":2252,"column":71}},"937":{"start":{"line":2253,"column":16},"end":{"line":2253,"column":68}},"938":{"start":{"line":2257,"column":12},"end":{"line":2261,"column":15}},"939":{"start":{"line":2263,"column":12},"end":{"line":2263,"column":81}},"940":{"start":{"line":2264,"column":12},"end":{"line":2264,"column":75}},"941":{"start":{"line":2270,"column":0},"end":{"line":2294,"column":3}},"942":{"start":{"line":2272,"column":71},"end":{"line":2272,"column":79}},"943":{"start":{"line":2274,"column":16},"end":{"line":2276,"column":55}},"944":{"start":{"line":2278,"column":4},"end":{"line":2293,"column":11}},"945":{"start":{"line":2280,"column":12},"end":{"line":2283,"column":13}},"946":{"start":{"line":2281,"column":16},"end":{"line":2281,"column":72}},"947":{"start":{"line":2282,"column":16},"end":{"line":2282,"column":68}},"948":{"start":{"line":2286,"column":12},"end":{"line":2289,"column":15}},"949":{"start":{"line":2291,"column":12},"end":{"line":2291,"column":83}},"950":{"start":{"line":2292,"column":12},"end":{"line":2292,"column":74}},"951":{"start":{"line":2297,"column":0},"end":{"line":2332,"column":3}},"952":{"start":{"line":2298,"column":99},"end":{"line
[...]
{"start":{"line":139,"column":16},"end":{"line":139,"column":34}},"51":{"start":{"line":142,"column":12},"end":{"line":142,"column":28}},"52":{"start":{"line":145,"column":25},"end":{"line":145,"column":30}},"53":{"start":{"line":146,"column":12},"end":{"line":147,"column":53}},"54":{"start":{"line":149,"column":12},"end":{"line":152,"column":62}},"55":{"start":{"line":154,"column":12},"end":{"line":155,"column":57}},"56":{"start":{"line":157,"column":12},"end":{"line":161,"column":131}},"57":{"start":{"line":163,"column":12},"end":{"line":163,"column":28}},"58":{"start":{"line":166,"column":12},"end":{"line":168,"column":43}},"59":{"start":{"line":170,"column":12},"end":{"line":170,"column":28}},"60":{"start":{"line":173,"column":12},"end":{"line":175,"column":109}},"61":{"start":{"line":177,"column":12},"end":{"line":177,"column":28}},"62":{"start":{"line":178,"column":12},"end":{"line":180,"column":89}},"63":{"start":{"line":182,"column":12},"end":{"line":182,"column":107}},"64":{"start":{"line":185,"column":12},"end":{"line":185,"column":22}},"65":{"start":{"line":188,"column":12},"end":{"line":188,"column":26}},"66":{"start":{"line":193,"column":0},"end":{"line":195,"column":2}}},"fnMap":{"0":{"name":"generateBookingReceipt","decl":{"start":{"line":25,"column":15},"end":{"line":25,"column":37}},"loc":{"start":{"line":25,"column":44},"end":{"line":191,"column":1}},"line":25},"1":{"name":"(anonymous_1)","decl":{"start":{"line":32,"column":23},"end":{"line":32,"column":24}},"loc":{"start":{"line":32,"column":44},"end":{"line":190,"column":5}},"line":32},"2":{"name":"(anonymous_2)","decl":{"start":{"line":39,"column":26},"end":{"line":39,"column":27}},"loc":{"start":{"line":39,"column":32},"end":{"line":42,"column":13}},"line":39},"3":{"name":"(anonymous_3)","decl":{"start":{"line":131,"column":28},"end":{"line":131,"column":29}},"loc":{"start":{"line":131,"column":36},"end":{"line":140,"column":13}},"line":131}},"branchMap":{"0":{"loc":{"start":{"line":27,"column":4},"end":{"line":30,"column":5}},"type":"if","locations":[{"start":{"line":27,"column":4},"end":{"line":30,"column":5}},{"start":{},"end":{}}],"line":27},"1":{"loc":{"start":{"line":103,"column":12},"end":{"line":105,"column":13}},"type":"if","locations":[{"start":{"line":103,"column":12},"end":{"line":105,"column":13}},{"start":{},"end":{}}],"line":103},"2":{"loc":{"start":{"line":118,"column":40},"end":{"line":118,"column":102}},"type":"cond-expr","locations":[{"start":{"line":118,"column":63},"end":{"line":118,"column":77}},{"start":{"line":118,"column":80},"end":{"line":118,"column":102}}],"line":118},"3":{"loc":{"start":{"line":119,"column":25},"end":{"line":119,"column":75}},"type":"cond-expr","locations":[{"start":{"line":119,"column":48},"end":{"line":119,"column":61}},{"start":{"line":119,"column":64},"end":{"line":119,"column":75}}],"line":119},"4":{"loc":{"start":{"line":123,"column":12},"end":{"line":125,"column":13}},"type":"if","locations":[{"start":{"line":123,"column":12},"end":{"line":125,"column":13}},{"start":{},"end":{}}],"line":123},"5":{"loc":{"start":{"line":127,"column":12},"end":{"line":129,"column":13}},"type":"if","locations":[{"start":{"line":127,"column":12},"end":{"line":129,"column":13}},{"start":{},"end":{}}],"line":127}},"s":{"0":0,"1":0,"2":0,"3":0,"4":0,"5":0,"6":0,"7":0,"8":0,"9":0,"10":0,"11":0,"12":0,"13":0,"14":0,"15":0,"16":0,"17":0,"18":0,"19":0,"20":0,"21":0,"22":0,"23":0,"24":0,"25":0,"26":0,"27":0,"28":0,"29":0,"30":0,"31":0,"32":0,"33":0,"34":0,"35":0,"36":0,"37":0,"38":0,"39":0,"40":0,"41":0,"42":0,"43":0,"44":0,"45":0,"46":0,"47":0,"48":0,"49":0,"50":0,"51":0,"52":0,"53":0,"54":0,"55":0,"56":0,"57":0,"58":0,"59":0,"60":0,"61":0,"62":0,"63":0,"64":0,"65":0,"66":0},"f":{"0":0,"1":0,"2":0,"3":0},"b":{"0":[0,0],"1":[0,0],"2":[0,0],"3":[0,0],"4":[0,0],"5":[0,0]}}
,"/Users/yankyaure/Downloads/kdih_website 2/utils/sms.js": {"path":"/Users/yankyaure/Downloads/kdih_website 2/utils/sms.js","statementMap":{"0":{"start":{"line":1,"column":14},"end":{"line":1,"column":35}},"1":{"start":{"line":2,"column":15},"end":{"line":2,"column":34}},"2":{"start":{"line":5,"column":23},"end":{"line":5,"column":55}},"3":{"start":{"line":6,"column":25},"end":{"line":6,"column":63}},"4":{"start":{"line":7,"column":23},"end":{"line":7,"column":63}},"5":{"start":{"line":17,"column":4},"end":{"line":20,"column":5}},"6":{"start":{"line":18,"column":8},"end":{"line":18,"column":68}},"7":{"start":{"line":19,"column":8},"end":{"line":19,"column":21}},"8":{"start":{"line":23,"column":25},"end":{"line":23,"column":55}},"9":{"start":{"line":24,"column":27},"end":{"line":24,"column":91}},"10":{"start":{"line":26,"column":4},"end":{"line":54,"column":5}},"11":{"start":{"line":27,"column":25},"end":{"line":40,"column":10}},"12":{"start":{"line":42,"column":21},"end":{"line":42,"column":42}},"13":{"start":{"line":44,"column":8},"end":{"line":50,"column":9}},"14":{"start":{"line":45,"column":12},"end":{"line":45,"column":70}},"15":{"start":{"line":46,"column":12},"end":{"line":46,"column":24}},"16":{"start":{"line":48,"column":12},"end":{"line":48,"column":54}},"17":{"start":{"line":49,"column":12},"end":{"line":49,"column":25}},"18":{"start":{"line":52,"column":8},"end":{"line":52,"column":50}},"19":{"start":{"line":53,"column":8},"end":{"line":53,"column":21}},"20":{"start":{"line":61,"column":20},"end":{"line":61,"column":114}},"21":{"start":{"line":62,"column":4},"end":{"line":62,"column":47}},"22":{"start":{"line":69,"column":20},"end":{"line":69,"column":144}},"23":{"start":{"line":70,"column":4},"end":{"line":70,"column":47}},"24":{"start":{"line":77,"column":20},"end":{"line":77,"column":152}},"25":{"start":{"line":78,"column":4},"end":{"line":78,"column":47}},"26":{"start":{"line":81,"column":0},"end":{"line":86,"column":2}}},"fnMap":{"0":{"name":"sendSMS","decl":{"start":{"line":15,"column":15},"end":{"line":15,"column":22}},"loc":{"start":{"line":15,"column":45},"end":{"line":55,"column":1}},"line":15},"1":{"name":"sendPaymentConfirmationSMS","decl":{"start":{"line":60,"column":15},"end":{"line":60,"column":41}},"loc":{"start":{"line":60,"column":78},"end":{"line":63,"column":1}},"line":60},"2":{"name":"sendCancellationSMS","decl":{"start":{"line":68,"column":15},"end":{"line":68,"column":34}},"loc":{"start":{"line":68,"column":82},"end":{"line":71,"column":1}},"line":68},"3":{"name":"sendPaymentReminderSMS","decl":{"start":{"line":76,"column":15},"end":{"line":76,"column":37}},"loc":{"start":{"line":76,"column":87},"end":{"line":79,"column":1}},"line":76}},"branchMap":{"0":{"loc":{"start":{"line":5,"column":23},"end":{"line":5,"column":55}},"type":"binary-expr","locations":[{"start":{"line":5,"column":23},"end":{"line":5,"column":49}},{"start":{"line":5,"column":53},"end":{"line":5,"column":55}}],"line":5},"1":{"loc":{"start":{"line":6,"column":25},"end":{"line":6,"column":63}},"type":"binary-expr","locations":[{"start":{"line":6,"column":25},"end":{"line":6,"column":53}},{"start":{"line":6,"column":57},"end":{"line":6,"column":63}}],"line":6},"2":{"loc":{"start":{"line":17,"column":4},"end":{"line":20,"column":5}},"type":"if","locations":[{"start":{"line":17,"column":4},"end":{"line":20,"column":5}},{"start":{},"end":{}}],"line":17},"3":{"loc":{"start":{"line":24,"column":27},"end":{"line":24,"column":91}},"type":"cond-expr","locations":[{"start":{"line":24,"column":58},"end":{"line":24,"column":70}},{"start":{"line":24,"column":73},"end":{"line":24,"column":91}}],"line":24},"4":{"loc":{"start":{"line":44,"column":8},"end":{"line":50,"column":9}},"type":"if","locations":[{"start":{"line":44,"column":8},"end":{"line":50,"column":9}},{"start":{"line":47,"column":15},"end":{"line":50,"column":9}}],"line":44},"5":{"loc":{"start":{"line":44,"column":12},"end":{"line":44,"column":42}},"type":"binary-expr","locations":[{"start":{"line":44,"column":12},"end":{"line":44,"column":23}},{"start":{"line":44,"column":27},"end":{"line":44,"column":42}}],"line":44},"6":{"loc":{"start":{"line":68,"column":63},"end":{"line":68,"column":80}},"type":"default-arg","locations":[{"start":{"line":68,"column":72},"end":{"line":68,"column":80}}],"line":68}},"s":{"0":0,"1":0,"2":0,"3":0,"4":0,"5":0,"6":0,"7":0,"8":0,"9":0,"10":0,"11":0,"12":0,"13":0,"14":0,"15":0,"16":0,"17":0,"18":0,"19":0,"20":0,"21":0,"22":0,"23":0,"24":0,"25":0,"26":0},"f":{"0":0,"1":0,"2":0,"3":0},"b":{"0":[0,0],"1":[0,0],"2":[0,0],"3":[0,0],"4":[0,0],"5":[0,0],"6":[0]}}
,"/Users/yankyaure/Downloads/kdih_website 2/utils/upload.js": {"path":"/Users/yankyaure/Downloads/kdih_website 2/utils/upload.js","statementMap":{"0":{"start":{"line":1,"column":15},"end":{"line":1,"column":32}},"1":{"start":{"line":2,"column":13},"end":{"line":2,"column":28}},"2":{"start":{"line":3,"column":11},"end":{"line":3,"column":24}},"3":{"start":{"line":4,"column":15},"end":{"line":4,"column":34}},"4":{"start":{"line":7,"column":19},"end":{"line":7,"column":53}},"5":{"start":{"line":8,"column":0},"end":{"line":10,"column":1}},"6":{"start":{"line":9,"column":4},"end":{"line":9,"column":50}},"7":{"start":{"line":13,"column":16},"end":{"line":13,"column":72}},"8":{"start":{"line":14,"column":0},"end":{"line":19,"column":3}},"9":{"start":{"line":15,"column":20},"end":{"line":15,"column":46}},"10":{"start":{"line":16,"column":4},"end":{"line":18,"column":5}},"11":{"start":{"line":17,"column":8},"end":{"line":17,"column":51}},"12":{"start":{"line":22,"column":16},"end":{"line":46,"column":2}},"13":{"start":{"line":24,"column":25},"end":{"line":24,"column":35}},"14":{"start":{"line":27,"column":8},"end":{"line":35,"column":9}},"15":{"start":{"line":28,"column":12},"end":{"line":28,"column":62}},"16":{"start":{"line":29,"column":15},"end":{"line":35,"column":9}},"17":{"start":{"line":30,"column":12},"end":{"line":30,"column":63}},"18":{"start":{"line":31,"column":15},"end":{"line":35,"column":9}},"19":{"start":{"line":32,"column":12},"end":{"line":32,"column":59}},"20":{"start":{"line":34,"column":12},"end":{"line":34,"column":60}},"21":{"start":{"line":37,"column":8},"end":{"line":37,"column":29}},"22":{"start":{"line":41,"column":29},"end":{"line":41,"column":79}},"23":{"start":{"line":42,"column":20},"end":{"line":42,"column":51}},"24":{"start":{"line":43,"column":25},"end":{"line":43,"column":62}},"25":{"start":{"line":44,"column":8},"end":{"line":44,"column":54}},"26":{"start":{"line":49,"column":19},"end":{"line":68,"column":1}},"27":{"start":{"line":51,"column":25},"end":{"line":56,"column":5}},"28":{"start":{"line":58,"column":23},"end":{"line":58,"column":56}},"29":{"start":{"line":59,"column":16},"end":{"line":59,"column":61}},"30":{"start":{"line":61,"column":20},"end":{"line":61,"column":69}},"31":{"start":{"line":63,"column":4},"end":{"line":67,"column":5}},"32":{"start":{"line":64,"column":8},"end":{"line":64,"column":23}},"33":{"start":{"line":66,"column":8},"end":{"line":66,"column":106}},"34":{"start":{"line":71,"column":15},"end":{"line":77,"column":2}},"35":{"start":{"line":80,"column":21},"end":{"line":93,"column":1}},"36":{"start":{"line":81,"column":4},"end":{"line":92,"column":6}},"37":{"start":{"line":82,"column":8},"end":{"line":91,"column":11}},"38":{"start":{"line":83,"column":12},"end":{"line":89,"column":13}},"39":{"start":{"line":84,"column":16},"end":{"line":84,"column":61}},"40":{"start":{"line":85,"column":16},"end":{"line":85,"column":87}},"41":{"start":{"line":86,"column":19},"end":{"line":89,"column":13}},"42":{"start":{"line":87,"column":16},"end":{"line":87,"column":61}},"43":{"start":{"line":88,"column":16},"end":{"line":88,"column":68}},"44":{"start":{"line":90,"column":12},"end":{"line":90,"column":19}},"45":{"start":{"line":96,"column":23},"end":{"line":109,"column":1}},"46":{"start":{"line":97,"column":4},"end":{"line":108,"column":6}},"47":{"start":{"line":98,"column":8},"end":{"line":107,"column":11}},"48":{"start":{"line":99,"column":12},"end":{"line":105,"column":13}},"49":{"start":{"line":100,"column":16},"end":{"line":100,"column":61}},"50":{"start":{"line":101,"column":16},"end":{"line":101,"column":87}},"51":{"start":{"line":102,"column":19},"end":{"line":105,"column":13}},"52":{"start":{"line":103,"column":16},"end":{"line":103,"column":61}},"53":{"start":{"line":104,"column":16},"end":{"line":104,"column":68}},"54":{"start":{"line":106,"column":12},"end":{"line":106,"column":19}},"55":{"start":{"line":112,"column":19},"end":{"line":124,"column":1}},"56":{"start":{"line":113,"column":4},"end":{"line":123,"column":5}},"57":{"start":{"line":114,"column":8},"end":{"line":118,"column":9}},"58":{"start":{"line":115,"column":12},"end":{"line":115,"column":36}},"59":{"start":{"line":116,"column":12},"end":{"line":116,"column":53}},"60":{"start":{"line":117,"column":12},"end":{"line":117,"column":24}},"61":{"start":{"line":119,"column":8},"end":{"line":119,"column":21}},"62":{"start":{"line":121,"column":8},"end":{"line":121,"column":62}},"63":{"start":{"line":122,"column":8},"end":{"line":122,"column":21}},"64":{"start":{"line":126,"column":0},"end":{"line":131,"column":2}}},"fnMap":{"0":{"name":"(anonymous_0)","decl":{"start":{"line":14,"column":16},"end":{"line":14,"column":17}},"loc":{"start":{"line":14,"column":23},"end":{"line":19,"column":1}},"line":14},"1":{"name":"(anonymous_1)","decl":{"start":{"line":23,"column":17},"end":{"line":23,"column":18}},"loc":{"start":{"line":23,"column":42},"end":{"line":38,"column":5}},"line":23},"2":{"name":"(anonymous_2)","decl":{"start":{"line":39,"column":14},"end":{"line":39,"column":15}},"loc":{"start":{"line":39,"column":39},"end":{"line":45,"column":5}},"line":39},"3":{"name":"(anonymous_3)","decl":{"start":{"line":49,"column":19},"end":{"line":49,"column":20}},"loc":{"start":{"line":49,"column":38},"end":{"line":68,"column":1}},"line":49},"4":{"name":"(anonymous_4)","decl":{"start":{"line":80,"column":21},"end":{"line":80,"column":22}},"loc":{"start":{"line":80,"column":36},"end":{"line":93,"column":1}},"line":80},"5":{"name":"(anonymous_5)","decl":{"start":{"line":81,"column":11},"end":{"line":81,"column":12}},"loc":{"start":{"line":81,"column":31},"end":{"line":92,"column":5}},"line":81},"6":{"name":"(anonymous_6)","decl":{"start":{"line":82,"column":43},"end":{"line":82,"column":44}},"loc":{"start":{"line":82,"column":52},"end":{"line":91,"column":9}},"line":82},"7":{"name":"(anonymous_7)","decl":{"start":{"line":96,"column":23},"end":{"line":96,"column":24}},"loc":{"start":{"line":96,"column":52},"end":{"line":109,"column":1}},"line":96},"8":{"name":"(anonymous_8)","decl":{"start":{"line":97,"column":11},"end":{"line":97,"column":12}},"loc":{"start":{"line":97,"column":31},"end":{"line":108,"column":5}},"line":97},"9":{"name":"(anonymous_9)","decl":{"start":{"line":98,"column":52},"end":{"line":98,"column":53}},"loc":{"start":{"line":98,"column":61},"end":{"line":107,"column":9}},"line":98},"10":{"name":"(anonymous_10)","decl":{"start":{"line":112,"column":19},"end":{"line":112,"column":20}},"loc":{"start":{"line":112,"column":33},"end":{"line":124,"column":1}},"line":112}},"branchMap":{"0":{"loc":{"start":{"line":8,"column":0},"end":{"line":10,"column":1}},"type":"if","locations":[{"start":{"line":8,"column":0},"end":{"line":10,"column":1}},{"start":{},"end":{}}],"line":8},"1":{"loc":{"start":{"line":16,"column":4},"end":{"line":18,"column":5}},"type":"if","locations":[{"start":{"line":16,"column":4},"end":{"line":18,"column":5}},{"start":{},"end":{}}],"line":16},"2":{"loc":{"start":{"line":27,"column":8},"end":{"line":35,"column":9}},"type":"if","locations":[{"start":{"line":27,"column":8},"end":{"line":35,"column":9}},{"start":{"line":29,"column":15},"end":{"line":35,"column":9}}],"line":27},"3":{"loc":{"start":{"line":27,"column":12},"end":{"line":27,"column":82}},"type":"binary-expr","locations":[{"start":{"line":27,"column":12},"end":{"line":27,"column":48}},{"start":{"line":27,"column":52},"end":{"line":27,"column":82}}],"line":27},"4":{"loc":{"start":{"line":29,"column":15},"end":{"line":35,"column":9}},"type":"if","locations":[{"start":{"line":29,"column":15},"end":{"line":35,"column":9}},{"start":{"line":31,"column":15},"end":{"line":35,"column":9}}],"line":29},"5":{"loc":{"start":{"line":29,"column":19},"end":{"line":29,"column":92}},"type":"binary-expr","locations":[{"start":{"line":29,"column":19},"end":{"line":29,"column":56}},{"start":{"line":29,"column":60},"end":{"line":29,"column":92}}],"line":29},"6":{"loc":{"start":{"line":31,"column":15},"end":{"line":35,"column":9}},"type":"if","locations":[{"start":{"line":31,"column":15},"end":{"line":35,"column":9}},{"start":{"line":33,"column":15},"end":{"line":35,"column":9}}],"line":31},"7":{"loc":{"start":{"line":31,"column":19},"end":{"line":31,"column":84}},"type":"binary-expr","locations":[{"start":{"line":31,"column":19},"end":{"line":31,"column":52}},{"start":{"line":31,"column":56},"end":{"line":31,"column":84}}],"line":31},"8":{"loc":{"start":{"line":58,"column":23},"end":{"line":58,"column":56}},"type":"binary-expr","locations":[{"start":{"line":58,"column":23},"end":{"line":58,"column":42}},{"start":{"line":58,"column":46},"end":{"line":58,"column":56}}],"line":58},"9":{"loc":{"start":{"line":61,"column":20},"end":{"line":61,"column":69}},"type":"binary-expr","locations":[{"start":{"line":61,"column":20},"end":{"line":61,"column":44}},{"start":{"line":61,"column":48},"end":{"line":61,"column":69}}],"line":61},"10":{"loc":{"start":{"line":63,"column":4},"end":{"line":67,"column":5}},"type":"if","locations":[{"start":{"line":63,"column":4},"end":{"line":67,"column":5}},{"start":{"line":65,"column":11},"end":{"line":67,"column":5}}],"line":63},"11":{"loc":{"start":{"line":75,"column":18},"end":{"line":75,"column":72}},"type":"binary-expr","locations":[{"start":{"line":75,"column":18},"end":{"line":75,"column":53}},{"start":{"line":75,"column":57},"end":{"line":75,"column":72}}],"line":75},"12":{"loc":{"start":{"line":83,"column":12},"end":{"line":89,"column":13}},"type":"if","locations":[{"start":{"line":83,"column":12},"end":{"line":89,"column":13}},{"start":{"line":86,"column":19},"end":{"line":89,"column":13}}],"line":83},"13":{"loc":{"start":{"line":86,"column":19},"end":{"line":89,"column":13}},"type":"if","locations":[{"start":{"line":86,"column":19},"end":{"line":89,"column":13}},{"start":{},"end":{}}],"line":86},"14":{"loc":{"start":{"line":96,"column":35},"end":{"line":96,"column":47}},"type":"default-arg","locations":[{"start":{"line":96,"column":46},"end":{"line":96,"column":47}}],"line":96},"15":{"loc":{"start":{"line":99,"column":12},"end":{"line":105,"column":13}},"type":"if","locations":[{"start":{"line":99,"column":12},"end":{"line":105,"column":13}},{"start":{"line":102,"column":19},"end":{"line":105,"column":13}}],"line":99},"16":{"loc":{"start":{"line":102,"column":19},"end":{"line":105,"column":13}},"type":"if","locations":[{"start":{"line":102,"column":19},"end":{"line":105,"column":13}},{"start":{},"end":{}}],"line":102},"17":{"loc":{"start":{"line":114,"column":8},"end":{"line":118,"column":9}},"type":"if","locations":[{"start":{"line":114,"column":8},"end":{"line":118,"column":9}},{"start":{},"end":{}}],"line":114}},"s":{"0":7,"1":7,"2":7,"3":7,"4":7,"5":7,"6":0,"7":7,"8":7,"9":28,"10":28,"11":0,"12":7,"13":0,"14":0,"15":0,"16":0,"17":0,"18":0,"19":0,"20":0,"21":0,"22":0,"23":0,"24":0,"25":0,"26":7,"27":0,"28":0,"29":0,"30":0,"31":0,"32":0,"33":0,"34":7,"35":7,"36":14,"37":0,"38":0,"39":0,"40":0,"41":0,"42":0,"43":0,"44":0,"45":7,"46":0,"47":0,"48":0,"49":0,"50":0,"51":0,"52":0,"53":0,"54":0,"55":7,"56":0,"57":0,"58":0,"59":0,"60":0,"61":0,"62":0,"63":0,"64":7},"f":{"0":28,"1":0,"2":0,"3":0,"4":14,"5":0,"6":0,"7":0,"8":0,"9":0,"10":0},"b":{"0":[0,7],"1":[0,28],"2":[0,0],"3":[0,0],"4":[0,0],"5":[0,0],"6":[0,0],"7":[0,0],"8":[0,0],"9":[0,0],"10":[0,0],"11":[7,0],"12":[0,0],"13":[0,0],"14":[0],"15":[0,0],"16":[0,0],"17":[0,0]},"_coverageSchema":"1a1c01bbd47fc00a2c39e90264f33305004495a9","hash":"86cb19a5372fa3c25f4423471df2885ea2bd4a20"}
}
