TN:
SF:server.js
FN:73,(anonymous_0)
FN:92,(anonymous_1)
FN:101,(anonymous_2)
FN:118,(anonymous_3)
FN:131,(anonymous_4)
FN:137,(anonymous_5)
FN:149,(anonymous_6)
FN:163,(anonymous_7)
FN:169,(anonymous_8)
FN:171,(anonymous_9)
FN:177,(anonymous_10)
FN:179,(anonymous_11)
FN:187,(anonymous_12)
FN:192,(anonymous_13)
FNF:14
FNH:5
FNDA:20,(anonymous_0)
FNDA:38,(anonymous_1)
FNDA:38,(anonymous_2)
FNDA:1,(anonymous_3)
FNDA:1,(anonymous_4)
FNDA:0,(anonymous_5)
FNDA:0,(anonymous_6)
FNDA:0,(anonymous_7)
FNDA:0,(anonymous_8)
FNDA:0,(anonymous_9)
FNDA:0,(anonymous_10)
FNDA:0,(anonymous_11)
FNDA:0,(anonymous_12)
FNDA:0,(anonymous_13)
DA:1,7
DA:2,7
DA:3,7
DA:4,7
DA:5,7
DA:6,7
DA:7,7
DA:8,7
DA:9,7
DA:10,7
DA:11,7
DA:13,7
DA:14,7
DA:17,7
DA:20,7
DA:37,7
DA:40,7
DA:45,7
DA:48,7
DA:57,7
DA:60,7
DA:67,7
DA:71,7
DA:74,20
DA:77,7
DA:80,7
DA:92,7
DA:93,38
DA:94,38
DA:95,38
DA:96,38
DA:97,38
DA:101,7
DA:102,38
DA:103,38
DA:107,7
DA:112,7
DA:118,7
DA:119,1
DA:128,7
DA:131,7
DA:132,1
DA:133,1
DA:137,7
DA:138,0
DA:139,0
DA:141,0
DA:142,0
DA:144,0
DA:149,7
DA:150,0
DA:153,0
DA:157,0
DA:162,7
DA:163,0
DA:164,0
DA:165,0
DA:169,0
DA:170,0
DA:171,0
DA:172,0
DA:173,0
DA:177,0
DA:178,0
DA:179,0
DA:180,0
DA:181,0
DA:187,7
DA:188,0
DA:189,0
DA:192,7
DA:193,0
DA:196,7
LF:73
LH:49
BRDA:14,0,0,7
BRDA:14,0,1,0
BRDA:41,1,0,7
BRDA:41,1,1,0
BRDA:49,2,0,7
BRDA:49,2,1,0
BRDA:50,3,0,7
BRDA:50,3,1,0
BRDA:108,4,0,0
BRDA:108,4,1,7
BRDA:113,5,0,0
BRDA:113,5,1,7
BRDA:123,6,0,1
BRDA:123,6,1,0
BRDA:141,7,0,0
BRDA:141,7,1,0
BRDA:153,8,0,0
BRDA:153,8,1,0
BRDA:157,9,0,0
BRDA:157,9,1,0
BRDA:162,10,0,0
BRDA:162,10,1,7
BRDA:164,11,0,0
BRDA:164,11,1,0
BRF:24
BRH:8
end_of_record
TN:
SF:routes/api.js
FN:7,(anonymous_0)
FN:17,(anonymous_1)
FN:19,(anonymous_2)
FN:32,(anonymous_3)
FN:36,(anonymous_4)
FN:43,(anonymous_5)
FN:49,(anonymous_6)
FN:57,(anonymous_7)
FN:61,(anonymous_8)
FN:69,(anonymous_9)
FN:81,(anonymous_10)
FN:82,(anonymous_11)
FN:102,(anonymous_12)
FN:103,(anonymous_13)
FN:135,(anonymous_14)
FN:136,(anonymous_15)
FN:166,(anonymous_16)
FN:169,(anonymous_17)
FN:175,(anonymous_18)
FN:185,(anonymous_19)
FN:190,(anonymous_20)
FN:196,(anonymous_21)
FN:205,(anonymous_22)
FN:235,(anonymous_23)
FN:242,(anonymous_24)
FN:252,(anonymous_25)
FN:259,(anonymous_26)
FN:288,(anonymous_27)
FN:293,(anonymous_28)
FN:302,(anonymous_29)
FN:314,(anonymous_30)
FN:341,(anonymous_31)
FN:369,(anonymous_32)
FN:387,(anonymous_33)
FN:398,(anonymous_34)
FN:411,(anonymous_35)
FN:435,(anonymous_36)
FN:452,(anonymous_37)
FN:476,(anonymous_38)
FN:495,(anonymous_39)
FN:512,(anonymous_40)
FN:525,(anonymous_41)
FN:534,(anonymous_42)
FN:543,(anonymous_43)
FN:559,(anonymous_44)
FN:578,(anonymous_45)
FN:597,(anonymous_46)
FN:626,(anonymous_47)
FN:628,(anonymous_48)
FN:635,(anonymous_49)
FN:638,(anonymous_50)
FN:642,(anonymous_51)
FN:651,(anonymous_52)
FN:656,(anonymous_53)
FN:663,(anonymous_54)
FN:674,(anonymous_55)
FN:691,(anonymous_56)
FN:695,(anonymous_57)
FN:703,(anonymous_58)
FN:708,(anonymous_59)
FN:715,(anonymous_60)
FN:722,(anonymous_61)
FN:731,(anonymous_62)
FN:733,(anonymous_63)
FN:740,(anonymous_64)
FN:742,(anonymous_65)
FN:749,(anonymous_66)
FN:754,(anonymous_67)
FN:761,(anonymous_68)
FN:770,(anonymous_69)
FN:778,(anonymous_70)
FN:782,(anonymous_71)
FN:790,(anonymous_72)
FN:797,(anonymous_73)
FN:806,(anonymous_74)
FN:818,(anonymous_75)
FN:830,(anonymous_76)
FN:834,(anonymous_77)
FN:844,(anonymous_78)
FN:853,(anonymous_79)
FN:860,(anonymous_80)
FN:862,(anonymous_81)
FN:869,(anonymous_82)
FN:873,(anonymous_83)
FN:882,(anonymous_84)
FN:886,(anonymous_85)
FN:900,(anonymous_86)
FN:909,(anonymous_87)
FN:923,(anonymous_88)
FN:930,(anonymous_89)
FN:953,(anonymous_90)
FN:973,(anonymous_91)
FN:981,(anonymous_92)
FN:990,(anonymous_93)
FN:1002,(anonymous_94)
FN:1021,(anonymous_95)
FN:1024,(anonymous_96)
FN:1037,(anonymous_97)
FN:1051,(anonymous_98)
FN:1054,(anonymous_99)
FN:1071,(anonymous_100)
FN:1085,(anonymous_101)
FN:1105,(anonymous_102)
FN:1108,(anonymous_103)
FN:1123,(anonymous_104)
FN:1135,(anonymous_105)
FN:1138,(anonymous_106)
FN:1152,(anonymous_107)
FN:1165,(anonymous_108)
FN:1177,(anonymous_109)
FN:1195,(anonymous_110)
FN:1198,(anonymous_111)
FN:1211,(anonymous_112)
FN:1225,(anonymous_113)
FN:1228,(anonymous_114)
FN:1245,(anonymous_115)
FN:1259,(anonymous_116)
FN:1285,(anonymous_117)
FN:1292,(anonymous_118)
FN:1317,(anonymous_119)
FN:1321,(anonymous_120)
FN:1330,(anonymous_121)
FN:1357,(anonymous_122)
FN:1363,(anonymous_123)
FN:1376,(anonymous_124)
FN:1406,(anonymous_125)
FN:1410,(anonymous_126)
FN:1411,(anonymous_127)
FN:1415,(anonymous_128)
FN:1416,(anonymous_129)
FN:1424,(anonymous_130)
FN:1430,(anonymous_131)
FN:1433,(anonymous_132)
FN:1451,(anonymous_133)
FN:1455,(anonymous_134)
FN:1459,(anonymous_135)
FN:1463,(anonymous_136)
FN:1467,(anonymous_137)
FN:1471,(anonymous_138)
FN:1475,(anonymous_139)
FN:1488,(anonymous_140)
FN:1498,(anonymous_141)
FN:1507,(anonymous_142)
FN:1508,(anonymous_143)
FN:1515,(anonymous_144)
FN:1516,(anonymous_145)
FN:1523,(anonymous_146)
FN:1547,(anonymous_147)
FN:1554,(anonymous_148)
FN:1555,(anonymous_149)
FN:1562,(anonymous_150)
FN:1563,(anonymous_151)
FN:1570,(anonymous_152)
FN:1571,(anonymous_153)
FN:1578,(anonymous_154)
FN:1598,(anonymous_155)
FN:1608,(anonymous_156)
FN:1614,(anonymous_157)
FN:1652,(anonymous_158)
FN:1655,(anonymous_159)
FN:1690,(anonymous_160)
FN:1692,(anonymous_161)
FN:1723,(anonymous_162)
FN:1725,(anonymous_163)
FN:1754,(anonymous_164)
FN:1776,(anonymous_165)
FN:1792,(anonymous_166)
FN:1793,(anonymous_167)
FN:1800,(anonymous_168)
FN:1801,(anonymous_169)
FN:1814,(anonymous_170)
FN:1840,(anonymous_171)
FN:1862,processSuccessfulPayment
FN:1863,(anonymous_173)
FN:1865,(anonymous_174)
FN:1872,(anonymous_175)
FN:1884,(anonymous_176)
FN:1894,(anonymous_177)
FN:1953,(anonymous_178)
FN:1969,(anonymous_179)
FN:1978,(anonymous_180)
FN:1982,(anonymous_181)
FN:1990,(anonymous_182)
FN:2012,(anonymous_183)
FN:2021,(anonymous_184)
FN:2025,(anonymous_185)
FN:2028,(anonymous_186)
FN:2051,(anonymous_187)
FN:2072,(anonymous_188)
FN:2089,(anonymous_189)
FN:2116,(anonymous_190)
FN:2138,(anonymous_191)
FN:2160,(anonymous_192)
FN:2184,(anonymous_193)
FN:2206,(anonymous_194)
FN:2222,(anonymous_195)
FN:2227,(anonymous_196)
FN:2235,(anonymous_197)
FN:2255,(anonymous_198)
FN:2264,(anonymous_199)
FN:2282,(anonymous_200)
FN:2293,(anonymous_201)
FN:2321,(anonymous_202)
FN:2331,(anonymous_203)
FN:2334,(anonymous_204)
FN:2344,(anonymous_205)
FN:2359,(anonymous_206)
FN:2378,(anonymous_207)
FN:2415,(anonymous_208)
FN:2431,(anonymous_209)
FN:2441,(anonymous_210)
FN:2453,(anonymous_211)
FN:2467,(anonymous_212)
FN:2486,(anonymous_213)
FN:2500,(anonymous_214)
FN:2519,(anonymous_215)
FN:2528,(anonymous_216)
FN:2572,(anonymous_217)
FN:2573,(anonymous_218)
FN:2582,(anonymous_219)
FN:2594,(anonymous_220)
FN:2602,(anonymous_221)
FN:2624,(anonymous_222)
FN:2636,(anonymous_223)
FN:2647,(anonymous_224)
FN:2665,(anonymous_225)
FN:2675,(anonymous_226)
FN:2684,(anonymous_227)
FN:2694,(anonymous_228)
FN:2718,(anonymous_229)
FN:2731,(anonymous_230)
FN:2744,(anonymous_231)
FN:2749,(anonymous_232)
FN:2758,(anonymous_233)
FN:2764,(anonymous_234)
FN:2777,(anonymous_235)
FN:2790,(anonymous_236)
FN:2797,(anonymous_237)
FN:2815,(anonymous_238)
FN:2821,(anonymous_239)
FN:2834,(anonymous_240)
FN:2856,(anonymous_241)
FN:2896,(anonymous_242)
FN:2918,(anonymous_243)
FN:2924,(anonymous_244)
FN:2938,(anonymous_245)
FN:2952,(anonymous_246)
FN:3015,(anonymous_247)
FN:3032,(anonymous_248)
FN:3045,(anonymous_249)
FN:3049,(anonymous_250)
FN:3054,(anonymous_251)
FN:3062,(anonymous_252)
FN:3066,(anonymous_253)
FN:3072,(anonymous_254)
FN:3080,(anonymous_255)
FN:3088,(anonymous_256)
FNF:257
FNH:43
FNDA:0,(anonymous_0)
FNDA:1,(anonymous_1)
FNDA:1,(anonymous_2)
FNDA:0,(anonymous_3)
FNDA:0,(anonymous_4)
FNDA:0,(anonymous_5)
FNDA:0,(anonymous_6)
FNDA:0,(anonymous_7)
FNDA:0,(anonymous_8)
FNDA:1,(anonymous_9)
FNDA:1,(anonymous_10)
FNDA:1,(anonymous_11)
FNDA:1,(anonymous_12)
FNDA:1,(anonymous_13)
FNDA:1,(anonymous_14)
FNDA:0,(anonymous_15)
FNDA:2,(anonymous_16)
FNDA:2,(anonymous_17)
FNDA:0,(anonymous_18)
FNDA:0,(anonymous_19)
FNDA:0,(anonymous_20)
FNDA:0,(anonymous_21)
FNDA:2,(anonymous_22)
FNDA:2,(anonymous_23)
FNDA:0,(anonymous_24)
FNDA:4,(anonymous_25)
FNDA:4,(anonymous_26)
FNDA:1,(anonymous_27)
FNDA:1,(anonymous_28)
FNDA:0,(anonymous_29)
FNDA:0,(anonymous_30)
FNDA:0,(anonymous_31)
FNDA:0,(anonymous_32)
FNDA:0,(anonymous_33)
FNDA:0,(anonymous_34)
FNDA:0,(anonymous_35)
FNDA:0,(anonymous_36)
FNDA:0,(anonymous_37)
FNDA:0,(anonymous_38)
FNDA:0,(anonymous_39)
FNDA:0,(anonymous_40)
FNDA:0,(anonymous_41)
FNDA:0,(anonymous_42)
FNDA:0,(anonymous_43)
FNDA:0,(anonymous_44)
FNDA:0,(anonymous_45)
FNDA:0,(anonymous_46)
FNDA:3,(anonymous_47)
FNDA:3,(anonymous_48)
FNDA:1,(anonymous_49)
FNDA:1,(anonymous_50)
FNDA:0,(anonymous_51)
FNDA:0,(anonymous_52)
FNDA:0,(anonymous_53)
FNDA:0,(anonymous_54)
FNDA:0,(anonymous_55)
FNDA:0,(anonymous_56)
FNDA:0,(anonymous_57)
FNDA:0,(anonymous_58)
FNDA:0,(anonymous_59)
FNDA:0,(anonymous_60)
FNDA:0,(anonymous_61)
FNDA:1,(anonymous_62)
FNDA:1,(anonymous_63)
FNDA:2,(anonymous_64)
FNDA:2,(anonymous_65)
FNDA:0,(anonymous_66)
FNDA:0,(anonymous_67)
FNDA:0,(anonymous_68)
FNDA:0,(anonymous_69)
FNDA:0,(anonymous_70)
FNDA:0,(anonymous_71)
FNDA:1,(anonymous_72)
FNDA:1,(anonymous_73)
FNDA:0,(anonymous_74)
FNDA:0,(anonymous_75)
FNDA:1,(anonymous_76)
FNDA:1,(anonymous_77)
FNDA:0,(anonymous_78)
FNDA:0,(anonymous_79)
FNDA:0,(anonymous_80)
FNDA:0,(anonymous_81)
FNDA:0,(anonymous_82)
FNDA:0,(anonymous_83)
FNDA:2,(anonymous_84)
FNDA:2,(anonymous_85)
FNDA:2,(anonymous_86)
FNDA:2,(anonymous_87)
FNDA:1,(anonymous_88)
FNDA:1,(anonymous_89)
FNDA:0,(anonymous_90)
FNDA:0,(anonymous_91)
FNDA:0,(anonymous_92)
FNDA:0,(anonymous_93)
FNDA:0,(anonymous_94)
FNDA:0,(anonymous_95)
FNDA:0,(anonymous_96)
FNDA:0,(anonymous_97)
FNDA:0,(anonymous_98)
FNDA:0,(anonymous_99)
FNDA:0,(anonymous_100)
FNDA:0,(anonymous_101)
FNDA:0,(anonymous_102)
FNDA:0,(anonymous_103)
FNDA:0,(anonymous_104)
FNDA:0,(anonymous_105)
FNDA:0,(anonymous_106)
FNDA:0,(anonymous_107)
FNDA:0,(anonymous_108)
FNDA:0,(anonymous_109)
FNDA:0,(anonymous_110)
FNDA:0,(anonymous_111)
FNDA:0,(anonymous_112)
FNDA:0,(anonymous_113)
FNDA:0,(anonymous_114)
FNDA:0,(anonymous_115)
FNDA:0,(anonymous_116)
FNDA:0,(anonymous_117)
FNDA:0,(anonymous_118)
FNDA:0,(anonymous_119)
FNDA:0,(anonymous_120)
FNDA:0,(anonymous_121)
FNDA:0,(anonymous_122)
FNDA:0,(anonymous_123)
FNDA:0,(anonymous_124)
FNDA:0,(anonymous_125)
FNDA:0,(anonymous_126)
FNDA:0,(anonymous_127)
FNDA:0,(anonymous_128)
FNDA:0,(anonymous_129)
FNDA:2,(anonymous_130)
FNDA:2,(anonymous_131)
FNDA:0,(anonymous_132)
FNDA:0,(anonymous_133)
FNDA:0,(anonymous_134)
FNDA:0,(anonymous_135)
FNDA:0,(anonymous_136)
FNDA:0,(anonymous_137)
FNDA:0,(anonymous_138)
FNDA:0,(anonymous_139)
FNDA:0,(anonymous_140)
FNDA:0,(anonymous_141)
FNDA:0,(anonymous_142)
FNDA:0,(anonymous_143)
FNDA:0,(anonymous_144)
FNDA:0,(anonymous_145)
FNDA:0,(anonymous_146)
FNDA:0,(anonymous_147)
FNDA:0,(anonymous_148)
FNDA:0,(anonymous_149)
FNDA:0,(anonymous_150)
FNDA:0,(anonymous_151)
FNDA:0,(anonymous_152)
FNDA:0,(anonymous_153)
FNDA:0,(anonymous_154)
FNDA:0,(anonymous_155)
FNDA:0,(anonymous_156)
FNDA:0,(anonymous_157)
FNDA:0,(anonymous_158)
FNDA:0,(anonymous_159)
FNDA:0,(anonymous_160)
FNDA:0,(anonymous_161)
FNDA:0,(anonymous_162)
FNDA:0,(anonymous_163)
FNDA:0,(anonymous_164)
FNDA:0,(anonymous_165)
FNDA:0,(anonymous_166)
FNDA:0,(anonymous_167)
FNDA:0,(anonymous_168)
FNDA:0,(anonymous_169)
FNDA:2,(anonymous_170)
FNDA:0,(anonymous_171)
FNDA:0,processSuccessfulPayment
FNDA:0,(anonymous_173)
FNDA:0,(anonymous_174)
FNDA:0,(anonymous_175)
FNDA:0,(anonymous_176)
FNDA:0,(anonymous_177)
FNDA:0,(anonymous_178)
FNDA:0,(anonymous_179)
FNDA:0,(anonymous_180)
FNDA:0,(anonymous_181)
FNDA:0,(anonymous_182)
FNDA:0,(anonymous_183)
FNDA:0,(anonymous_184)
FNDA:0,(anonymous_185)
FNDA:0,(anonymous_186)
FNDA:1,(anonymous_187)
FNDA:0,(anonymous_188)
FNDA:1,(anonymous_189)
FNDA:0,(anonymous_190)
FNDA:0,(anonymous_191)
FNDA:0,(anonymous_192)
FNDA:0,(anonymous_193)
FNDA:0,(anonymous_194)
FNDA:0,(anonymous_195)
FNDA:0,(anonymous_196)
FNDA:0,(anonymous_197)
FNDA:0,(anonymous_198)
FNDA:0,(anonymous_199)
FNDA:0,(anonymous_200)
FNDA:0,(anonymous_201)
FNDA:0,(anonymous_202)
FNDA:0,(anonymous_203)
FNDA:0,(anonymous_204)
FNDA:0,(anonymous_205)
FNDA:0,(anonymous_206)
FNDA:0,(anonymous_207)
FNDA:0,(anonymous_208)
FNDA:0,(anonymous_209)
FNDA:0,(anonymous_210)
FNDA:0,(anonymous_211)
FNDA:0,(anonymous_212)
FNDA:4,(anonymous_213)
FNDA:1,(anonymous_214)
FNDA:1,(anonymous_215)
FNDA:0,(anonymous_216)
FNDA:0,(anonymous_217)
FNDA:0,(anonymous_218)
FNDA:1,(anonymous_219)
FNDA:0,(anonymous_220)
FNDA:0,(anonymous_221)
FNDA:0,(anonymous_222)
FNDA:0,(anonymous_223)
FNDA:0,(anonymous_224)
FNDA:0,(anonymous_225)
FNDA:0,(anonymous_226)
FNDA:0,(anonymous_227)
FNDA:0,(anonymous_228)
FNDA:0,(anonymous_229)
FNDA:0,(anonymous_230)
FNDA:0,(anonymous_231)
FNDA:0,(anonymous_232)
FNDA:0,(anonymous_233)
FNDA:0,(anonymous_234)
FNDA:0,(anonymous_235)
FNDA:0,(anonymous_236)
FNDA:0,(anonymous_237)
FNDA:0,(anonymous_238)
FNDA:0,(anonymous_239)
FNDA:0,(anonymous_240)
FNDA:0,(anonymous_241)
FNDA:0,(anonymous_242)
FNDA:0,(anonymous_243)
FNDA:0,(anonymous_244)
FNDA:0,(anonymous_245)
FNDA:0,(anonymous_246)
FNDA:0,(anonymous_247)
FNDA:0,(anonymous_248)
FNDA:0,(anonymous_249)
FNDA:0,(anonymous_250)
FNDA:0,(anonymous_251)
FNDA:0,(anonymous_252)
FNDA:0,(anonymous_253)
FNDA:0,(anonymous_254)
FNDA:0,(anonymous_255)
FNDA:0,(anonymous_256)
DA:1,7
DA:2,7
DA:3,7
DA:4,7
DA:7,7
DA:8,0
DA:9,0
DA:11,0
DA:17,7
DA:18,1
DA:19,1
DA:20,1
DA:21,0
DA:22,0
DA:24,1
DA:32,7
DA:33,0
DA:34,0
DA:36,0
DA:37,0
DA:38,0
DA:43,7
DA:44,0
DA:45,0
DA:47,0
DA:49,0
DA:50,0
DA:51,0
DA:52,0
DA:57,7
DA:58,0
DA:59,0
DA:61,0
DA:62,0
DA:63,0
DA:64,0
DA:69,7
DA:70,1
DA:71,1
DA:74,1
DA:81,1
DA:82,1
DA:83,1
DA:84,1
DA:88,1
DA:96,1
DA:102,1
DA:103,1
DA:104,1
DA:105,1
DA:109,1
DA:119,1
DA:127,1
DA:135,1
DA:136,1
DA:137,0
DA:138,0
DA:142,0
DA:146,0
DA:153,0
DA:160,1
DA:161,1
DA:166,7
DA:167,2
DA:168,2
DA:169,2
DA:170,2
DA:171,0
DA:175,2
DA:176,0
DA:179,2
DA:185,7
DA:186,0
DA:187,0
DA:189,0
DA:190,0
DA:191,0
DA:192,0
DA:196,0
DA:197,0
DA:200,0
DA:205,7
DA:211,2
DA:214,2
DA:215,0
DA:217,0
DA:218,0
DA:221,2
DA:228,2
DA:235,2
DA:236,2
DA:237,0
DA:238,0
DA:242,2
DA:243,0
DA:246,2
DA:252,7
DA:253,4
DA:254,4
DA:255,4
DA:256,4
DA:259,4
DA:260,4
DA:261,1
DA:262,1
DA:265,3
DA:266,3
DA:267,3
DA:271,0
DA:272,0
DA:273,0
DA:274,0
DA:277,0
DA:278,0
DA:279,0
DA:282,0
DA:283,0
DA:284,0
DA:288,7
DA:289,1
DA:290,1
DA:293,7
DA:294,1
DA:295,0
DA:297,1
DA:302,7
DA:303,0
DA:304,0
DA:305,0
DA:306,0
DA:307,0
DA:309,0
DA:310,0
DA:314,0
DA:315,0
DA:316,0
DA:317,0
DA:320,0
DA:322,0
DA:325,0
DA:326,0
DA:327,0
DA:329,0
DA:334,0
DA:335,0
DA:338,0
DA:342,0
DA:343,0
DA:344,0
DA:348,0
DA:350,0
DA:351,0
DA:352,0
DA:354,0
DA:356,0
DA:362,0
DA:363,0
DA:364,0
DA:369,7
DA:370,0
DA:371,0
DA:372,0
DA:373,0
DA:375,0
DA:376,0
DA:379,0
DA:380,0
DA:384,0
DA:388,0
DA:389,0
DA:390,0
DA:393,0
DA:394,0
DA:398,0
DA:399,0
DA:400,0
DA:401,0
DA:405,0
DA:408,0
DA:412,0
DA:413,0
DA:414,0
DA:418,0
DA:420,0
DA:421,0
DA:428,0
DA:429,0
DA:430,0
DA:435,7
DA:436,0
DA:437,0
DA:438,0
DA:439,0
DA:440,0
DA:443,0
DA:444,0
DA:447,0
DA:448,0
DA:452,0
DA:453,0
DA:454,0
DA:455,0
DA:458,0
DA:459,0
DA:463,0
DA:464,0
DA:465,0
DA:466,0
DA:470,0
DA:473,0
DA:477,0
DA:478,0
DA:479,0
DA:482,0
DA:483,0
DA:488,0
DA:489,0
DA:490,0
DA:495,7
DA:496,0
DA:497,0
DA:498,0
DA:499,0
DA:500,0
DA:503,0
DA:504,0
DA:507,0
DA:508,0
DA:512,0
DA:513,0
DA:515,0
DA:517,0
DA:525,0
DA:526,0
DA:529,0
DA:530,0
DA:532,0
DA:534,0
DA:535,0
DA:536,0
DA:537,0
DA:540,0
DA:543,0
DA:545,0
DA:546,0
DA:552,0
DA:553,0
DA:554,0
DA:559,7
DA:560,0
DA:561,0
DA:562,0
DA:563,0
DA:566,0
DA:567,0
DA:570,0
DA:571,0
DA:575,0
DA:579,0
DA:580,0
DA:581,0
DA:584,0
DA:585,0
DA:586,0
DA:588,0
DA:589,0
DA:594,0
DA:598,0
DA:599,0
DA:600,0
DA:604,0
DA:605,0
DA:607,0
DA:608,0
DA:617,0
DA:618,0
DA:619,0
DA:626,7
DA:627,3
DA:628,3
DA:629,3
DA:630,3
DA:635,7
DA:636,1
DA:638,1
DA:639,1
DA:640,1
DA:642,0
DA:643,0
DA:644,0
DA:645,0
DA:651,7
DA:652,0
DA:653,0
DA:656,0
DA:657,0
DA:658,0
DA:663,7
DA:664,0
DA:665,0
DA:666,0
DA:667,0
DA:669,0
DA:674,0
DA:675,0
DA:676,0
DA:677,0
DA:679,0
DA:680,0
DA:681,0
DA:683,0
DA:684,0
DA:685,0
DA:686,0
DA:691,7
DA:692,0
DA:693,0
DA:695,0
DA:696,0
DA:697,0
DA:698,0
DA:703,7
DA:704,0
DA:705,0
DA:707,0
DA:708,0
DA:709,0
DA:710,0
DA:715,7
DA:716,0
DA:717,0
DA:722,0
DA:723,0
DA:724,0
DA:731,7
DA:732,1
DA:733,1
DA:734,1
DA:735,1
DA:740,7
DA:741,2
DA:742,2
DA:743,2
DA:744,2
DA:749,7
DA:750,0
DA:751,0
DA:754,0
DA:755,0
DA:756,0
DA:761,7
DA:762,0
DA:763,0
DA:765,0
DA:770,0
DA:771,0
DA:772,0
DA:773,0
DA:778,7
DA:779,0
DA:780,0
DA:782,0
DA:783,0
DA:784,0
DA:785,0
DA:790,7
DA:791,1
DA:792,1
DA:794,1
DA:797,1
DA:798,1
DA:799,1
DA:806,7
DA:807,0
DA:810,0
DA:811,0
DA:812,0
DA:814,0
DA:818,0
DA:819,0
DA:820,0
DA:830,7
DA:831,1
DA:832,1
DA:834,1
DA:835,1
DA:836,1
DA:837,0
DA:844,7
DA:846,0
DA:848,0
DA:852,0
DA:854,0
DA:855,0
DA:860,7
DA:861,0
DA:862,0
DA:863,0
DA:864,0
DA:869,7
DA:870,0
DA:871,0
DA:873,0
DA:874,0
DA:875,0
DA:882,7
DA:883,2
DA:886,2
DA:887,2
DA:889,2
DA:890,0
DA:897,2
DA:900,2
DA:901,2
DA:903,2
DA:904,2
DA:906,2
DA:909,2
DA:910,2
DA:913,1
DA:914,1
DA:916,1
DA:923,7
DA:924,1
DA:925,1
DA:926,1
DA:928,1
DA:930,1
DA:931,1
DA:934,0
DA:935,0
DA:938,0
DA:950,0
DA:953,0
DA:954,0
DA:957,0
DA:967,0
DA:968,0
DA:973,7
DA:974,0
DA:975,0
DA:978,0
DA:981,0
DA:982,0
DA:983,0
DA:987,0
DA:991,0
DA:993,0
DA:994,0
DA:998,0
DA:1002,0
DA:1003,0
DA:1005,0
DA:1007,0
DA:1021,7
DA:1022,0
DA:1024,0
DA:1025,0
DA:1026,0
DA:1029,0
DA:1030,0
DA:1033,0
DA:1037,0
DA:1038,0
DA:1040,0
DA:1041,0
DA:1051,7
DA:1052,0
DA:1054,0
DA:1055,0
DA:1056,0
DA:1059,0
DA:1060,0
DA:1063,0
DA:1064,0
DA:1067,0
DA:1071,0
DA:1072,0
DA:1074,0
DA:1075,0
DA:1085,7
DA:1086,0
DA:1087,0
DA:1090,0
DA:1098,0
DA:1105,0
DA:1106,0
DA:1108,0
DA:1109,0
DA:1111,0
DA:1123,7
DA:1124,0
DA:1125,0
DA:1128,0
DA:1130,0
DA:1131,0
DA:1134,0
DA:1135,0
DA:1136,0
DA:1138,0
DA:1139,0
DA:1141,0
DA:1142,0
DA:1152,7
DA:1153,0
DA:1154,0
DA:1157,0
DA:1160,0
DA:1166,0
DA:1168,0
DA:1169,0
DA:1173,0
DA:1177,0
DA:1178,0
DA:1180,0
DA:1182,0
DA:1195,7
DA:1196,0
DA:1198,0
DA:1199,0
DA:1200,0
DA:1203,0
DA:1204,0
DA:1207,0
DA:1211,0
DA:1212,0
DA:1214,0
DA:1215,0
DA:1225,7
DA:1226,0
DA:1228,0
DA:1229,0
DA:1230,0
DA:1233,0
DA:1234,0
DA:1237,0
DA:1238,0
DA:1241,0
DA:1245,0
DA:1246,0
DA:1248,0
DA:1249,0
DA:1259,7
DA:1260,0
DA:1261,0
DA:1264,0
DA:1285,0
DA:1286,0
DA:1287,0
DA:1292,7
DA:1293,0
DA:1296,0
DA:1304,0
DA:1305,0
DA:1306,0
DA:1309,0
DA:1310,0
DA:1311,0
DA:1313,0
DA:1317,0
DA:1318,0
DA:1321,0
DA:1322,0
DA:1325,0
DA:1330,7
DA:1331,0
DA:1333,0
DA:1334,0
DA:1339,0
DA:1351,0
DA:1358,0
DA:1360,0
DA:1361,0
DA:1363,0
DA:1370,0
DA:1376,7
DA:1377,0
DA:1379,0
DA:1380,0
DA:1383,0
DA:1390,0
DA:1401,0
DA:1407,0
DA:1410,0
DA:1411,0
DA:1415,0
DA:1416,0
DA:1419,0
DA:1424,7
DA:1425,2
DA:1428,2
DA:1430,2
DA:1431,2
DA:1433,2
DA:1434,2
DA:1436,2
DA:1437,40
DA:1438,40
DA:1444,2
DA:1451,7
DA:1452,0
DA:1455,0
DA:1456,0
DA:1459,0
DA:1460,0
DA:1463,0
DA:1464,0
DA:1467,0
DA:1468,0
DA:1471,0
DA:1472,0
DA:1475,0
DA:1476,0
DA:1478,0
DA:1488,7
DA:1489,0
DA:1498,0
DA:1499,0
DA:1500,0
DA:1507,7
DA:1508,0
DA:1509,0
DA:1510,0
DA:1515,7
DA:1516,0
DA:1517,0
DA:1518,0
DA:1523,7
DA:1524,0
DA:1525,0
DA:1528,0
DA:1547,0
DA:1548,0
DA:1549,0
DA:1554,7
DA:1555,0
DA:1556,0
DA:1557,0
DA:1562,7
DA:1563,0
DA:1564,0
DA:1565,0
DA:1570,7
DA:1571,0
DA:1572,0
DA:1573,0
DA:1578,7
DA:1579,0
DA:1598,0
DA:1599,0
DA:1600,0
DA:1601,0
DA:1603,0
DA:1608,7
DA:1609,0
DA:1610,0
DA:1613,0
DA:1615,0
DA:1616,0
DA:1619,0
DA:1629,0
DA:1652,0
DA:1653,0
DA:1655,0
DA:1656,0
DA:1657,0
DA:1658,0
DA:1659,0
DA:1660,0
DA:1662,0
DA:1671,0
DA:1690,0
DA:1691,0
DA:1692,0
DA:1693,0
DA:1694,0
DA:1695,0
DA:1696,0
DA:1697,0
DA:1699,0
DA:1707,0
DA:1723,0
DA:1724,0
DA:1725,0
DA:1726,0
DA:1727,0
DA:1728,0
DA:1729,0
DA:1739,0
DA:1754,0
DA:1755,0
DA:1756,0
DA:1760,0
DA:1776,0
DA:1777,0
DA:1778,0
DA:1781,0
DA:1782,0
DA:1792,7
DA:1793,0
DA:1794,0
DA:1795,0
DA:1800,7
DA:1801,0
DA:1802,0
DA:1803,0
DA:1809,7
DA:1810,7
DA:1811,7
DA:1814,7
DA:1815,2
DA:1816,2
DA:1819,2
DA:1821,2
DA:1830,0
DA:1833,0
DA:1841,0
DA:1842,0
DA:1846,0
DA:1847,0
DA:1855,2
DA:1856,2
DA:1863,0
DA:1865,0
DA:1866,0
DA:1867,0
DA:1868,0
DA:1872,0
DA:1873,0
DA:1874,0
DA:1875,0
DA:1879,0
DA:1885,0
DA:1886,0
DA:1889,0
DA:1895,0
DA:1896,0
DA:1897,0
DA:1898,0
DA:1901,0
DA:1922,0
DA:1924,0
DA:1926,0
DA:1934,0
DA:1936,0
DA:1939,0
DA:1948,0
DA:1954,0
DA:1955,0
DA:1961,0
DA:1962,0
DA:1963,0
DA:1964,0
DA:1966,0
DA:1968,0
DA:1970,0
DA:1973,0
DA:1979,0
DA:1981,0
DA:1983,0
DA:1985,0
DA:1991,0
DA:1992,0
DA:2001,0
DA:2005,0
DA:2012,7
DA:2013,0
DA:2015,0
DA:2016,0
DA:2017,0
DA:2019,0
DA:2021,0
DA:2022,0
DA:2023,0
DA:2026,0
DA:2028,0
DA:2029,0
DA:2030,0
DA:2031,0
DA:2041,0
DA:2043,0
DA:2046,0
DA:2047,0
DA:2051,7
DA:2052,1
DA:2053,1
DA:2054,1
DA:2056,0
DA:2057,0
DA:2060,0
DA:2061,0
DA:2066,1
DA:2067,1
DA:2072,7
DA:2073,0
DA:2074,0
DA:2084,0
DA:2089,7
DA:2090,1
DA:2091,1
DA:2093,1
DA:2094,1
DA:2095,1
DA:2098,0
DA:2100,0
DA:2101,0
DA:2102,0
DA:2103,0
DA:2106,0
DA:2108,0
DA:2109,0
DA:2116,7
DA:2117,0
DA:2118,0
DA:2120,0
DA:2122,0
DA:2123,0
DA:2125,0
DA:2128,0
DA:2129,0
DA:2135,7
DA:2138,7
DA:2139,0
DA:2140,0
DA:2141,0
DA:2144,0
DA:2145,0
DA:2154,0
DA:2155,0
DA:2160,7
DA:2161,0
DA:2162,0
DA:2163,0
DA:2166,0
DA:2167,0
DA:2176,0
DA:2177,0
DA:2184,7
DA:2190,0
DA:2192,0
DA:2199,0
DA:2206,0
DA:2207,0
DA:2208,0
DA:2209,0
DA:2213,0
DA:2214,0
DA:2216,0
DA:2217,0
DA:2222,7
DA:2223,0
DA:2224,0
DA:2227,0
DA:2228,0
DA:2229,0
DA:2232,0
DA:2235,0
DA:2236,0
DA:2237,0
DA:2238,0
DA:2242,0
DA:2248,0
DA:2249,0
DA:2255,7
DA:2257,0
DA:2259,0
DA:2263,0
DA:2265,0
DA:2266,0
DA:2267,0
DA:2271,0
DA:2276,0
DA:2277,0
DA:2282,7
DA:2283,0
DA:2285,0
DA:2286,0
DA:2287,0
DA:2289,0
DA:2293,0
DA:2294,0
DA:2295,0
DA:2296,0
DA:2300,0
DA:2301,0
DA:2309,0
DA:2310,0
DA:2321,7
DA:2322,0
DA:2323,0
DA:2325,0
DA:2331,7
DA:2332,0
DA:2334,0
DA:2335,0
DA:2336,0
DA:2337,0
DA:2339,0
DA:2344,7
DA:2345,0
DA:2346,0
DA:2347,0
DA:2350,0
DA:2351,0
DA:2355,0
DA:2357,0
DA:2359,0
DA:2360,0
DA:2361,0
DA:2362,0
DA:2363,0
DA:2365,0
DA:2368,0
DA:2369,0
DA:2372,0
DA:2373,0
DA:2378,7
DA:2379,0
DA:2380,0
DA:2381,0
DA:2384,0
DA:2385,0
DA:2388,0
DA:2389,0
DA:2390,0
DA:2392,0
DA:2393,0
DA:2394,0
DA:2396,0
DA:2397,0
DA:2398,0
DA:2400,0
DA:2401,0
DA:2403,0
DA:2404,0
DA:2405,0
DA:2408,0
DA:2409,0
DA:2412,0
DA:2413,0
DA:2415,0
DA:2416,0
DA:2417,0
DA:2418,0
DA:2421,0
DA:2422,0
DA:2425,0
DA:2426,0
DA:2431,7
DA:2432,0
DA:2435,0
DA:2436,0
DA:2439,0
DA:2441,0
DA:2442,0
DA:2443,0
DA:2444,0
DA:2447,0
DA:2448,0
DA:2453,7
DA:2454,0
DA:2455,0
DA:2456,0
DA:2457,0
DA:2459,0
DA:2460,0
DA:2463,0
DA:2465,0
DA:2467,0
DA:2468,0
DA:2469,0
DA:2470,0
DA:2473,0
DA:2474,0
DA:2477,0
DA:2478,0
DA:2486,7
DA:2487,4
DA:2489,4
DA:2490,3
DA:2493,1
DA:2494,1
DA:2495,1
DA:2497,1
DA:2500,1
DA:2501,1
DA:2502,0
DA:2503,0
DA:2505,0
DA:2508,1
DA:2514,0
DA:2519,7
DA:2520,1
DA:2522,1
DA:2523,1
DA:2526,0
DA:2528,0
DA:2529,0
DA:2530,0
DA:2533,0
DA:2534,0
DA:2537,0
DA:2538,0
DA:2539,0
DA:2541,0
DA:2542,0
DA:2546,0
DA:2549,0
DA:2556,0
DA:2566,0
DA:2572,7
DA:2573,0
DA:2574,0
DA:2575,0
DA:2577,0
DA:2582,7
DA:2583,1
DA:2584,0
DA:2589,1
DA:2594,7
DA:2595,0
DA:2596,0
DA:2598,0
DA:2602,7
DA:2603,0
DA:2604,0
DA:2606,0
DA:2615,0
DA:2616,0
DA:2624,0
DA:2625,0
DA:2628,0
DA:2629,0
DA:2636,0
DA:2637,0
DA:2640,0
DA:2647,0
DA:2648,0
DA:2649,0
DA:2653,0
DA:2656,0
DA:2658,0
DA:2665,0
DA:2666,0
DA:2668,0
DA:2675,0
DA:2676,0
DA:2677,0
DA:2684,7
DA:2685,0
DA:2687,0
DA:2694,0
DA:2695,0
DA:2696,0
DA:2699,0
DA:2700,0
DA:2704,0
DA:2705,0
DA:2706,0
DA:2708,0
DA:2718,7
DA:2719,0
DA:2720,0
DA:2722,0
DA:2723,0
DA:2726,0
DA:2731,0
DA:2732,0
DA:2733,0
DA:2736,0
DA:2744,7
DA:2745,0
DA:2747,0
DA:2749,0
DA:2750,0
DA:2751,0
DA:2753,0
DA:2758,7
DA:2759,0
DA:2760,0
DA:2762,0
DA:2764,0
DA:2765,0
DA:2766,0
DA:2768,0
DA:2770,0
DA:2777,7
DA:2778,0
DA:2779,0
DA:2780,0
DA:2781,0
DA:2784,0
DA:2785,0
DA:2787,0
DA:2790,0
DA:2791,0
DA:2792,0
DA:2793,0
DA:2797,0
DA:2798,0
DA:2801,0
DA:2802,0
DA:2810,0
DA:2815,7
DA:2816,0
DA:2817,0
DA:2818,0
DA:2821,0
DA:2822,0
DA:2823,0
DA:2827,0
DA:2829,0
DA:2834,0
DA:2835,0
DA:2836,0
DA:2837,0
DA:2840,0
DA:2841,0
DA:2851,0
DA:2856,7
DA:2857,0
DA:2859,0
DA:2860,0
DA:2863,0
DA:2864,0
DA:2867,0
DA:2869,0
DA:2870,0
DA:2871,0
DA:2873,0
DA:2874,0
DA:2875,0
DA:2877,0
DA:2878,0
DA:2880,0
DA:2883,0
DA:2888,0
DA:2889,0
DA:2896,7
DA:2897,0
DA:2898,0
DA:2901,0
DA:2918,0
DA:2919,0
DA:2920,0
DA:2924,0
DA:2925,0
DA:2926,0
DA:2930,0
DA:2938,7
DA:2939,0
DA:2940,0
DA:2941,0
DA:2942,0
DA:2943,0
DA:2946,0
DA:2953,0
DA:2954,0
DA:2957,0
DA:2958,0
DA:2961,0
DA:2963,0
DA:2964,0
DA:2968,0
DA:2969,0
DA:2982,0
DA:2988,0
DA:2996,0
DA:2997,0
DA:3004,0
DA:3005,0
DA:3010,0
DA:3015,7
DA:3016,0
DA:3018,0
DA:3032,0
DA:3033,0
DA:3034,0
DA:3037,0
DA:3045,7
DA:3046,0
DA:3048,0
DA:3050,0
DA:3052,0
DA:3054,0
DA:3055,0
DA:3056,0
DA:3062,7
DA:3063,0
DA:3065,0
DA:3067,0
DA:3069,0
DA:3070,0
DA:3072,0
DA:3073,0
DA:3074,0
DA:3080,7
DA:3081,0
DA:3083,0
DA:3088,0
DA:3089,0
DA:3090,0
DA:3094,7
LF:1203
LH:250
BRDA:8,0,0,0
BRDA:8,0,1,0
BRDA:20,1,0,0
BRDA:20,1,1,1
BRDA:37,2,0,0
BRDA:37,2,1,0
BRDA:50,3,0,0
BRDA:50,3,1,0
BRDA:51,4,0,0
BRDA:51,4,1,0
BRDA:62,5,0,0
BRDA:62,5,1,0
BRDA:63,6,0,0
BRDA:63,6,1,0
BRDA:83,7,0,0
BRDA:83,7,1,1
BRDA:84,8,0,1
BRDA:84,8,1,1
BRDA:104,9,0,0
BRDA:104,9,1,1
BRDA:105,10,0,1
BRDA:105,10,1,1
BRDA:137,11,0,0
BRDA:137,11,1,0
BRDA:142,12,0,0
BRDA:142,12,1,0
BRDA:170,13,0,0
BRDA:170,13,1,2
BRDA:191,14,0,0
BRDA:191,14,1,0
BRDA:214,15,0,0
BRDA:214,15,1,2
BRDA:236,16,0,0
BRDA:236,16,1,2
BRDA:260,17,0,1
BRDA:260,17,1,3
BRDA:265,18,0,3
BRDA:265,18,1,0
BRDA:272,19,0,0
BRDA:272,19,1,0
BRDA:294,20,0,0
BRDA:294,20,1,1
BRDA:309,21,0,0
BRDA:309,21,1,0
BRDA:315,22,0,0
BRDA:315,22,1,0
BRDA:320,23,0,0
BRDA:320,23,1,0
BRDA:325,24,0,0
BRDA:325,24,1,0
BRDA:342,25,0,0
BRDA:342,25,1,0
BRDA:350,26,0,0
BRDA:350,26,1,0
BRDA:375,27,0,0
BRDA:375,27,1,0
BRDA:375,28,0,0
BRDA:375,28,1,0
BRDA:379,29,0,0
BRDA:379,29,1,0
BRDA:388,30,0,0
BRDA:388,30,1,0
BRDA:393,31,0,0
BRDA:393,31,1,0
BRDA:399,32,0,0
BRDA:399,32,1,0
BRDA:399,33,0,0
BRDA:399,33,1,0
BRDA:412,34,0,0
BRDA:412,34,1,0
BRDA:443,35,0,0
BRDA:443,35,1,0
BRDA:443,36,0,0
BRDA:443,36,1,0
BRDA:447,37,0,0
BRDA:447,37,1,0
BRDA:453,38,0,0
BRDA:453,38,1,0
BRDA:458,39,0,0
BRDA:458,39,1,0
BRDA:464,40,0,0
BRDA:464,40,1,0
BRDA:477,41,0,0
BRDA:477,41,1,0
BRDA:503,42,0,0
BRDA:503,42,1,0
BRDA:503,43,0,0
BRDA:503,43,1,0
BRDA:503,43,2,0
BRDA:503,43,3,0
BRDA:507,44,0,0
BRDA:507,44,1,0
BRDA:513,45,0,0
BRDA:513,45,1,0
BRDA:515,46,0,0
BRDA:515,46,1,0
BRDA:526,47,0,0
BRDA:526,47,1,0
BRDA:530,48,0,0
BRDA:530,48,1,0
BRDA:535,49,0,0
BRDA:535,49,1,0
BRDA:566,50,0,0
BRDA:566,50,1,0
BRDA:566,51,0,0
BRDA:566,51,1,0
BRDA:570,52,0,0
BRDA:570,52,1,0
BRDA:579,53,0,0
BRDA:579,53,1,0
BRDA:584,54,0,0
BRDA:584,54,1,0
BRDA:585,55,0,0
BRDA:585,55,1,0
BRDA:588,56,0,0
BRDA:588,56,1,0
BRDA:598,57,0,0
BRDA:598,57,1,0
BRDA:629,58,0,0
BRDA:629,58,1,3
BRDA:639,59,0,0
BRDA:639,59,1,1
BRDA:640,60,0,1
BRDA:640,60,1,0
BRDA:643,61,0,0
BRDA:643,61,1,0
BRDA:657,62,0,0
BRDA:657,62,1,0
BRDA:674,63,0,0
BRDA:674,63,1,0
BRDA:675,64,0,0
BRDA:675,64,1,0
BRDA:679,65,0,0
BRDA:679,65,1,0
BRDA:696,66,0,0
BRDA:696,66,1,0
BRDA:697,67,0,0
BRDA:697,67,1,0
BRDA:708,68,0,0
BRDA:708,68,1,0
BRDA:709,69,0,0
BRDA:709,69,1,0
BRDA:723,70,0,0
BRDA:723,70,1,0
BRDA:734,71,0,0
BRDA:734,71,1,1
BRDA:743,72,0,0
BRDA:743,72,1,2
BRDA:755,73,0,0
BRDA:755,73,1,0
BRDA:770,74,0,0
BRDA:770,74,1,0
BRDA:771,75,0,0
BRDA:771,75,1,0
BRDA:772,76,0,0
BRDA:772,76,1,0
BRDA:783,77,0,0
BRDA:783,77,1,0
BRDA:784,78,0,0
BRDA:784,78,1,0
BRDA:798,79,0,0
BRDA:798,79,1,1
BRDA:819,80,0,0
BRDA:819,80,1,0
BRDA:835,81,0,0
BRDA:835,81,1,1
BRDA:836,82,0,1
BRDA:836,82,1,0
BRDA:854,83,0,0
BRDA:854,83,1,0
BRDA:863,84,0,0
BRDA:863,84,1,0
BRDA:874,85,0,0
BRDA:874,85,1,0
BRDA:887,86,0,0
BRDA:887,86,1,2
BRDA:889,87,0,0
BRDA:889,87,1,2
BRDA:901,88,0,0
BRDA:901,88,1,2
BRDA:910,89,0,1
BRDA:910,89,1,1
BRDA:931,90,0,1
BRDA:931,90,1,0
BRDA:931,91,0,1
BRDA:931,91,1,1
BRDA:953,92,0,0
BRDA:953,92,1,0
BRDA:954,93,0,0
BRDA:954,93,1,0
BRDA:974,94,0,0
BRDA:974,94,1,0
BRDA:974,95,0,0
BRDA:974,95,1,0
BRDA:982,96,0,0
BRDA:982,96,1,0
BRDA:982,97,0,0
BRDA:982,97,1,0
BRDA:991,98,0,0
BRDA:991,98,1,0
BRDA:993,99,0,0
BRDA:993,99,1,0
BRDA:1002,100,0,0
BRDA:1002,100,1,0
BRDA:1003,101,0,0
BRDA:1003,101,1,0
BRDA:1025,102,0,0
BRDA:1025,102,1,0
BRDA:1025,103,0,0
BRDA:1025,103,1,0
BRDA:1029,104,0,0
BRDA:1029,104,1,0
BRDA:1038,105,0,0
BRDA:1038,105,1,0
BRDA:1055,106,0,0
BRDA:1055,106,1,0
BRDA:1055,107,0,0
BRDA:1055,107,1,0
BRDA:1059,108,0,0
BRDA:1059,108,1,0
BRDA:1063,109,0,0
BRDA:1063,109,1,0
BRDA:1072,110,0,0
BRDA:1072,110,1,0
BRDA:1086,111,0,0
BRDA:1086,111,1,0
BRDA:1086,112,0,0
BRDA:1086,112,1,0
BRDA:1106,113,0,0
BRDA:1106,113,1,0
BRDA:1109,114,0,0
BRDA:1109,114,1,0
BRDA:1114,115,0,0
BRDA:1114,115,1,0
BRDA:1115,116,0,0
BRDA:1115,116,1,0
BRDA:1124,117,0,0
BRDA:1124,117,1,0
BRDA:1124,118,0,0
BRDA:1124,118,1,0
BRDA:1130,119,0,0
BRDA:1130,119,1,0
BRDA:1130,120,0,0
BRDA:1130,120,1,0
BRDA:1130,120,2,0
BRDA:1134,121,0,0
BRDA:1134,121,1,0
BRDA:1139,122,0,0
BRDA:1139,122,1,0
BRDA:1153,123,0,0
BRDA:1153,123,1,0
BRDA:1153,124,0,0
BRDA:1153,124,1,0
BRDA:1166,125,0,0
BRDA:1166,125,1,0
BRDA:1168,126,0,0
BRDA:1168,126,1,0
BRDA:1178,127,0,0
BRDA:1178,127,1,0
BRDA:1199,128,0,0
BRDA:1199,128,1,0
BRDA:1199,129,0,0
BRDA:1199,129,1,0
BRDA:1203,130,0,0
BRDA:1203,130,1,0
BRDA:1212,131,0,0
BRDA:1212,131,1,0
BRDA:1229,132,0,0
BRDA:1229,132,1,0
BRDA:1229,133,0,0
BRDA:1229,133,1,0
BRDA:1233,134,0,0
BRDA:1233,134,1,0
BRDA:1237,135,0,0
BRDA:1237,135,1,0
BRDA:1246,136,0,0
BRDA:1246,136,1,0
BRDA:1260,137,0,0
BRDA:1260,137,1,0
BRDA:1260,138,0,0
BRDA:1260,138,1,0
BRDA:1286,139,0,0
BRDA:1286,139,1,0
BRDA:1309,140,0,0
BRDA:1309,140,1,0
BRDA:1318,141,0,0
BRDA:1318,141,1,0
BRDA:1333,142,0,0
BRDA:1333,142,1,0
BRDA:1333,143,0,0
BRDA:1333,143,1,0
BRDA:1333,143,2,0
BRDA:1333,143,3,0
BRDA:1358,144,0,0
BRDA:1358,144,1,0
BRDA:1360,145,0,0
BRDA:1360,145,1,0
BRDA:1379,146,0,0
BRDA:1379,146,1,0
BRDA:1379,147,0,0
BRDA:1379,147,1,0
BRDA:1379,147,2,0
BRDA:1407,148,0,0
BRDA:1407,148,1,0
BRDA:1431,149,0,0
BRDA:1431,149,1,2
BRDA:1440,150,0,0
BRDA:1440,150,1,40
BRDA:1456,151,0,0
BRDA:1456,151,1,0
BRDA:1460,152,0,0
BRDA:1460,152,1,0
BRDA:1460,153,0,0
BRDA:1460,153,1,0
BRDA:1464,154,0,0
BRDA:1464,154,1,0
BRDA:1468,155,0,0
BRDA:1468,155,1,0
BRDA:1472,156,0,0
BRDA:1472,156,1,0
BRDA:1476,157,0,0
BRDA:1476,157,1,0
BRDA:1499,158,0,0
BRDA:1499,158,1,0
BRDA:1509,159,0,0
BRDA:1509,159,1,0
BRDA:1517,160,0,0
BRDA:1517,160,1,0
BRDA:1524,161,0,0
BRDA:1524,161,1,0
BRDA:1524,162,0,0
BRDA:1524,162,1,0
BRDA:1548,163,0,0
BRDA:1548,163,1,0
BRDA:1556,164,0,0
BRDA:1556,164,1,0
BRDA:1564,165,0,0
BRDA:1564,165,1,0
BRDA:1572,166,0,0
BRDA:1572,166,1,0
BRDA:1599,167,0,0
BRDA:1599,167,1,0
BRDA:1615,168,0,0
BRDA:1615,168,1,0
BRDA:1615,169,0,0
BRDA:1615,169,1,0
BRDA:1653,170,0,0
BRDA:1653,170,1,0
BRDA:1653,171,0,0
BRDA:1653,171,1,0
BRDA:1657,172,0,0
BRDA:1657,172,1,0
BRDA:1657,173,0,0
BRDA:1657,173,1,0
BRDA:1664,174,0,0
BRDA:1664,174,1,0
BRDA:1665,175,0,0
BRDA:1665,175,1,0
BRDA:1665,176,0,0
BRDA:1665,176,1,0
BRDA:1691,177,0,0
BRDA:1691,177,1,0
BRDA:1691,178,0,0
BRDA:1691,178,1,0
BRDA:1694,179,0,0
BRDA:1694,179,1,0
BRDA:1694,180,0,0
BRDA:1694,180,1,0
BRDA:1694,180,2,0
BRDA:1701,181,0,0
BRDA:1701,181,1,0
BRDA:1724,182,0,0
BRDA:1724,182,1,0
BRDA:1724,183,0,0
BRDA:1724,183,1,0
BRDA:1733,184,0,0
BRDA:1733,184,1,0
BRDA:1755,185,0,0
BRDA:1755,185,1,0
BRDA:1755,186,0,0
BRDA:1755,186,1,0
BRDA:1777,187,0,0
BRDA:1777,187,1,0
BRDA:1777,188,0,0
BRDA:1777,188,1,0
BRDA:1794,189,0,0
BRDA:1794,189,1,0
BRDA:1802,190,0,0
BRDA:1802,190,1,0
BRDA:1835,191,0,0
BRDA:1835,191,1,0
BRDA:1841,192,0,0
BRDA:1841,192,1,0
BRDA:1866,193,0,0
BRDA:1866,193,1,0
BRDA:1873,194,0,0
BRDA:1873,194,1,0
BRDA:1873,195,0,0
BRDA:1873,195,1,0
BRDA:1885,196,0,0
BRDA:1885,196,1,0
BRDA:1895,197,0,0
BRDA:1895,197,1,0
BRDA:1895,198,0,0
BRDA:1895,198,1,0
BRDA:1922,199,0,0
BRDA:1922,199,1,0
BRDA:1954,200,0,0
BRDA:1954,200,1,0
BRDA:1961,201,0,0
BRDA:1961,201,1,0
BRDA:1963,202,0,0
BRDA:1963,202,1,0
BRDA:1966,203,0,0
BRDA:1966,203,1,0
BRDA:1970,204,0,0
BRDA:1970,204,1,0
BRDA:1979,205,0,0
BRDA:1979,205,1,0
BRDA:1979,206,0,0
BRDA:1979,206,1,0
BRDA:1979,206,2,0
BRDA:1983,207,0,0
BRDA:1983,207,1,0
BRDA:1991,208,0,0
BRDA:1991,208,1,0
BRDA:2019,209,0,0
BRDA:2019,209,1,0
BRDA:2022,210,0,0
BRDA:2022,210,1,0
BRDA:2022,211,0,0
BRDA:2022,211,1,0
BRDA:2026,212,0,0
BRDA:2026,212,1,0
BRDA:2029,213,0,0
BRDA:2029,213,1,0
BRDA:2056,214,0,0
BRDA:2056,214,1,0
BRDA:2073,215,0,0
BRDA:2073,215,1,0
BRDA:2093,216,0,1
BRDA:2093,216,1,0
BRDA:2100,217,0,0
BRDA:2100,217,1,0
BRDA:2120,218,0,0
BRDA:2120,218,1,0
BRDA:2122,219,0,0
BRDA:2122,219,1,0
BRDA:2140,220,0,0
BRDA:2140,220,1,0
BRDA:2162,221,0,0
BRDA:2162,221,1,0
BRDA:2207,222,0,0
BRDA:2207,222,1,0
BRDA:2228,223,0,0
BRDA:2228,223,1,0
BRDA:2228,224,0,0
BRDA:2228,224,1,0
BRDA:2236,225,0,0
BRDA:2236,225,1,0
BRDA:2265,226,0,0
BRDA:2265,226,1,0
BRDA:2294,227,0,0
BRDA:2294,227,1,0
BRDA:2300,228,0,0
BRDA:2300,228,1,0
BRDA:2322,229,0,0
BRDA:2322,229,1,0
BRDA:2322,230,0,0
BRDA:2322,230,1,0
BRDA:2335,231,0,0
BRDA:2335,231,1,0
BRDA:2350,232,0,0
BRDA:2350,232,1,0
BRDA:2360,233,0,0
BRDA:2360,233,1,0
BRDA:2362,234,0,0
BRDA:2362,234,1,0
BRDA:2384,235,0,0
BRDA:2384,235,1,0
BRDA:2384,236,0,0
BRDA:2384,236,1,0
BRDA:2392,237,0,0
BRDA:2392,237,1,0
BRDA:2396,238,0,0
BRDA:2396,238,1,0
BRDA:2397,239,0,0
BRDA:2397,239,1,0
BRDA:2403,240,0,0
BRDA:2403,240,1,0
BRDA:2408,241,0,0
BRDA:2408,241,1,0
BRDA:2416,242,0,0
BRDA:2416,242,1,0
BRDA:2435,243,0,0
BRDA:2435,243,1,0
BRDA:2442,244,0,0
BRDA:2442,244,1,0
BRDA:2459,245,0,0
BRDA:2459,245,1,0
BRDA:2459,246,0,0
BRDA:2459,246,1,0
BRDA:2468,247,0,0
BRDA:2468,247,1,0
BRDA:2489,248,0,3
BRDA:2489,248,1,1
BRDA:2489,249,0,4
BRDA:2489,249,1,4
BRDA:2489,249,2,4
BRDA:2489,249,3,4
BRDA:2501,250,0,0
BRDA:2501,250,1,1
BRDA:2502,251,0,0
BRDA:2502,251,1,0
BRDA:2522,252,0,1
BRDA:2522,252,1,0
BRDA:2522,253,0,1
BRDA:2522,253,1,0
BRDA:2529,254,0,0
BRDA:2529,254,1,0
BRDA:2533,255,0,0
BRDA:2533,255,1,0
BRDA:2541,256,0,0
BRDA:2541,256,1,0
BRDA:2574,257,0,0
BRDA:2574,257,1,0
BRDA:2583,258,0,0
BRDA:2583,258,1,1
BRDA:2595,259,0,0
BRDA:2595,259,1,0
BRDA:2615,260,0,0
BRDA:2615,260,1,0
BRDA:2615,261,0,0
BRDA:2615,261,1,0
BRDA:2625,262,0,0
BRDA:2625,262,1,0
BRDA:2625,263,0,0
BRDA:2625,263,1,0
BRDA:2628,264,0,0
BRDA:2628,264,1,0
BRDA:2628,265,0,0
BRDA:2628,265,1,0
BRDA:2637,266,0,0
BRDA:2637,266,1,0
BRDA:2648,267,0,0
BRDA:2648,267,1,0
BRDA:2648,268,0,0
BRDA:2648,268,1,0
BRDA:2656,269,0,0
BRDA:2656,269,1,0
BRDA:2666,270,0,0
BRDA:2666,270,1,0
BRDA:2676,271,0,0
BRDA:2676,271,1,0
BRDA:2676,272,0,0
BRDA:2676,272,1,0
BRDA:2695,273,0,0
BRDA:2695,273,1,0
BRDA:2699,274,0,0
BRDA:2699,274,1,0
BRDA:2722,275,0,0
BRDA:2722,275,1,0
BRDA:2722,276,0,0
BRDA:2722,276,1,0
BRDA:2732,277,0,0
BRDA:2732,277,1,0
BRDA:2750,278,0,0
BRDA:2750,278,1,0
BRDA:2765,279,0,0
BRDA:2765,279,1,0
BRDA:2791,280,0,0
BRDA:2791,280,1,0
BRDA:2822,281,0,0
BRDA:2822,281,1,0
BRDA:2822,282,0,0
BRDA:2822,282,1,0
BRDA:2835,283,0,0
BRDA:2835,283,1,0
BRDA:2859,284,0,0
BRDA:2859,284,1,0
BRDA:2859,285,0,0
BRDA:2859,285,1,0
BRDA:2867,286,0,0
BRDA:2867,286,1,0
BRDA:2870,287,0,0
BRDA:2870,287,1,0
BRDA:2875,288,0,0
BRDA:2875,288,1,0
BRDA:2875,289,0,0
BRDA:2875,289,1,0
BRDA:2919,290,0,0
BRDA:2919,290,1,0
BRDA:2925,291,0,0
BRDA:2925,291,1,0
BRDA:2925,292,0,0
BRDA:2925,292,1,0
BRDA:2953,293,0,0
BRDA:2953,293,1,0
BRDA:2953,294,0,0
BRDA:2953,294,1,0
BRDA:2957,295,0,0
BRDA:2957,295,1,0
BRDA:2961,296,0,0
BRDA:2961,296,1,0
BRDA:2961,296,2,0
BRDA:2963,297,0,0
BRDA:2963,297,1,0
BRDA:3033,298,0,0
BRDA:3033,298,1,0
BRDA:3050,299,0,0
BRDA:3050,299,1,0
BRDA:3050,300,0,0
BRDA:3050,300,1,0
BRDA:3052,301,0,0
BRDA:3052,301,1,0
BRDA:3055,302,0,0
BRDA:3055,302,1,0
BRDA:3067,303,0,0
BRDA:3067,303,1,0
BRDA:3067,304,0,0
BRDA:3067,304,1,0
BRDA:3069,305,0,0
BRDA:3069,305,1,0
BRDA:3070,306,0,0
BRDA:3070,306,1,0
BRDA:3073,307,0,0
BRDA:3073,307,1,0
BRDA:3089,308,0,0
BRDA:3089,308,1,0
BRF:629
BRH:43
end_of_record
TN:
SF:utils/email.js
FN:51,(anonymous_0)
FN:91,(anonymous_1)
FN:106,(anonymous_2)
FN:158,(anonymous_3)
FN:179,(anonymous_4)
FN:198,(anonymous_5)
FN:212,(anonymous_6)
FN:233,(anonymous_7)
FN:253,(anonymous_8)
FN:275,(anonymous_9)
FN:289,(anonymous_10)
FN:304,sendEmail
FN:336,testEmailConfig
FN:355,sendCustomEmail
FN:395,sendEmailWithAttachment
FNF:15
FNH:4
FNDA:0,(anonymous_0)
FNDA:2,(anonymous_1)
FNDA:0,(anonymous_2)
FNDA:0,(anonymous_3)
FNDA:0,(anonymous_4)
FNDA:0,(anonymous_5)
FNDA:0,(anonymous_6)
FNDA:0,(anonymous_7)
FNDA:1,(anonymous_8)
FNDA:0,(anonymous_9)
FNDA:2,(anonymous_10)
FNDA:5,sendEmail
FNDA:0,testEmailConfig
FNDA:0,sendCustomEmail
FNDA:0,sendEmailWithAttachment
DA:1,7
DA:4,7
DA:5,7
DA:7,7
DA:8,7
DA:10,7
DA:11,7
DA:18,7
DA:19,0
DA:20,0
DA:28,0
DA:29,0
DA:31,0
DA:40,0
DA:42,0
DA:45,0
DA:46,0
DA:50,7
DA:52,0
DA:53,0
DA:55,0
DA:56,0
DA:57,0
DA:58,0
DA:59,0
DA:60,0
DA:62,0
DA:63,0
DA:66,0
DA:91,2
DA:106,0
DA:158,0
DA:179,0
DA:198,0
DA:212,0
DA:233,0
DA:253,1
DA:275,0
DA:289,2
DA:306,5
DA:307,0
DA:308,0
DA:311,5
DA:312,5
DA:313,5
DA:314,0
DA:317,5
DA:319,5
DA:326,5
DA:327,0
DA:328,0
DA:330,0
DA:331,0
DA:337,0
DA:338,0
DA:339,0
DA:342,0
DA:343,0
DA:344,0
DA:345,0
DA:347,0
DA:348,0
DA:356,0
DA:357,0
DA:358,0
DA:361,0
DA:362,0
DA:383,0
DA:384,0
DA:385,0
DA:387,0
DA:388,0
DA:396,0
DA:397,0
DA:398,0
DA:401,0
DA:402,0
DA:428,0
DA:429,0
DA:430,0
DA:432,0
DA:433,0
DA:437,7
LF:83
LH:20
BRDA:10,0,0,7
BRDA:10,0,1,0
BRDA:19,1,0,0
BRDA:19,1,1,0
BRDA:29,2,0,0
BRDA:29,2,1,0
BRDA:33,3,0,0
BRDA:33,3,1,0
BRDA:55,4,0,0
BRDA:55,4,1,0
BRDA:58,5,0,0
BRDA:58,5,1,0
BRDA:219,6,0,0
BRDA:219,6,1,0
BRDA:222,7,0,0
BRDA:222,7,1,0
BRDA:241,8,0,0
BRDA:241,8,1,0
BRDA:306,9,0,0
BRDA:306,9,1,5
BRDA:306,10,0,5
BRDA:306,10,1,5
BRDA:313,11,0,0
BRDA:313,11,1,5
BRDA:317,12,0,5
BRDA:317,12,1,0
BRDA:337,13,0,0
BRDA:337,13,1,0
BRDA:337,14,0,0
BRDA:337,14,1,0
BRDA:356,15,0,0
BRDA:356,15,1,0
BRDA:356,16,0,0
BRDA:356,16,1,0
BRDA:396,17,0,0
BRDA:396,17,1,0
BRDA:396,18,0,0
BRDA:396,18,1,0
BRF:38
BRH:6
end_of_record
TN:
SF:utils/logger.js
FN:53,(anonymous_0)
FNF:1
FNH:0
FNDA:0,(anonymous_0)
DA:1,7
DA:2,7
DA:5,7
DA:6,7
DA:7,7
DA:8,0
DA:12,7
DA:20,7
DA:42,7
DA:43,7
DA:52,7
DA:54,0
DA:58,7
LF:13
LH:11
BRDA:7,0,0,0
BRDA:7,0,1,7
BRDA:21,1,0,7
BRDA:21,1,1,0
BRDA:42,2,0,7
BRDA:42,2,1,0
BRF:6
BRH:3
end_of_record
TN:
SF:utils/paystack.js
FN:8,initializePayment
FN:9,(anonymous_1)
FN:29,(anonymous_2)
FN:32,(anonymous_3)
FN:36,(anonymous_4)
FN:53,(anonymous_5)
FN:64,verifyPayment
FN:65,(anonymous_7)
FN:76,(anonymous_8)
FN:79,(anonymous_9)
FN:83,(anonymous_10)
FN:100,(anonymous_11)
FN:110,verifyWebhookSignature
FN:121,calculatePaystackFee
FN:131,addPaystackFee
FNF:15
FNH:13
FNDA:2,initializePayment
FNDA:2,(anonymous_1)
FNDA:2,(anonymous_2)
FNDA:2,(anonymous_3)
FNDA:2,(anonymous_4)
FNDA:0,(anonymous_5)
FNDA:1,verifyPayment
FNDA:1,(anonymous_7)
FNDA:1,(anonymous_8)
FNDA:1,(anonymous_9)
FNDA:1,(anonymous_10)
FNDA:0,(anonymous_11)
FNDA:1,verifyWebhookSignature
FNDA:2,calculatePaystackFee
FNDA:2,addPaystackFee
DA:1,7
DA:2,7
DA:4,7
DA:5,7
DA:9,2
DA:10,2
DA:17,2
DA:29,2
DA:30,2
DA:32,2
DA:33,2
DA:36,2
DA:37,2
DA:38,2
DA:39,2
DA:40,0
DA:41,0
DA:43,2
DA:44,2
DA:47,0
DA:48,0
DA:53,2
DA:54,0
DA:55,0
DA:58,2
DA:59,2
DA:65,1
DA:66,1
DA:76,1
DA:77,1
DA:79,1
DA:80,1
DA:83,1
DA:84,1
DA:85,1
DA:86,1
DA:87,0
DA:88,0
DA:90,1
DA:91,1
DA:94,0
DA:95,0
DA:100,1
DA:101,0
DA:102,0
DA:105,1
DA:111,1
DA:112,1
DA:116,1
DA:122,2
DA:123,2
DA:124,2
DA:127,2
DA:132,2
DA:133,2
DA:135,2
DA:142,7
LF:57
LH:45
BRDA:8,0,0,0
BRDA:39,1,0,0
BRDA:39,1,1,2
BRDA:86,2,0,0
BRDA:86,2,1,1
BRDA:86,3,0,1
BRDA:86,3,1,0
BRF:7
BRH:3
end_of_record
TN:
SF:utils/pdf-receipt.js
FN:25,generateBookingReceipt
FN:32,(anonymous_1)
FN:39,(anonymous_2)
FN:131,(anonymous_3)
FNF:4
FNH:0
FNDA:0,generateBookingReceipt
FNDA:0,(anonymous_1)
FNDA:0,(anonymous_2)
FNDA:0,(anonymous_3)
DA:2,0
DA:4,0
DA:5,0
DA:6,0
DA:8,0
DA:9,0
DA:12,0
DA:13,0
DA:14,0
DA:27,0
DA:28,0
DA:29,0
DA:32,0
DA:33,0
DA:34,0
DA:35,0
DA:38,0
DA:39,0
DA:40,0
DA:41,0
DA:43,0
DA:46,0
DA:47,0
DA:54,0
DA:58,0
DA:62,0
DA:63,0
DA:68,0
DA:73,0
DA:76,0
DA:82,0
DA:83,0
DA:88,0
DA:91,0
DA:95,0
DA:96,0
DA:100,0
DA:103,0
DA:104,0
DA:107,0
DA:110,0
DA:114,0
DA:117,0
DA:123,0
DA:124,0
DA:127,0
DA:128,0
DA:131,0
DA:132,0
DA:136,0
DA:139,0
DA:142,0
DA:145,0
DA:146,0
DA:149,0
DA:154,0
DA:157,0
DA:163,0
DA:166,0
DA:170,0
DA:173,0
DA:177,0
DA:178,0
DA:182,0
DA:185,0
DA:188,0
DA:193,0
LF:67
LH:0
BRDA:27,0,0,0
BRDA:27,0,1,0
BRDA:103,1,0,0
BRDA:103,1,1,0
BRDA:118,2,0,0
BRDA:118,2,1,0
BRDA:119,3,0,0
BRDA:119,3,1,0
BRDA:123,4,0,0
BRDA:123,4,1,0
BRDA:127,5,0,0
BRDA:127,5,1,0
BRF:12
BRH:0
end_of_record
TN:
SF:utils/sms.js
FN:15,sendSMS
FN:60,sendPaymentConfirmationSMS
FN:68,sendCancellationSMS
FN:76,sendPaymentReminderSMS
FNF:4
FNH:0
FNDA:0,sendSMS
FNDA:0,sendPaymentConfirmationSMS
FNDA:0,sendCancellationSMS
FNDA:0,sendPaymentReminderSMS
DA:1,0
DA:2,0
DA:5,0
DA:6,0
DA:7,0
DA:17,0
DA:18,0
DA:19,0
DA:23,0
DA:24,0
DA:26,0
DA:27,0
DA:42,0
DA:44,0
DA:45,0
DA:46,0
DA:48,0
DA:49,0
DA:52,0
DA:53,0
DA:61,0
DA:62,0
DA:69,0
DA:70,0
DA:77,0
DA:78,0
DA:81,0
LF:27
LH:0
BRDA:5,0,0,0
BRDA:5,0,1,0
BRDA:6,1,0,0
BRDA:6,1,1,0
BRDA:17,2,0,0
BRDA:17,2,1,0
BRDA:24,3,0,0
BRDA:24,3,1,0
BRDA:44,4,0,0
BRDA:44,4,1,0
BRDA:44,5,0,0
BRDA:44,5,1,0
BRDA:68,6,0,0
BRF:13
BRH:0
end_of_record
TN:
SF:utils/upload.js
FN:14,(anonymous_0)
FN:23,(anonymous_1)
FN:39,(anonymous_2)
FN:49,(anonymous_3)
FN:80,(anonymous_4)
FN:81,(anonymous_5)
FN:82,(anonymous_6)
FN:96,(anonymous_7)
FN:97,(anonymous_8)
FN:98,(anonymous_9)
FN:112,(anonymous_10)
FNF:11
FNH:2
FNDA:28,(anonymous_0)
FNDA:0,(anonymous_1)
FNDA:0,(anonymous_2)
FNDA:0,(anonymous_3)
FNDA:14,(anonymous_4)
FNDA:0,(anonymous_5)
FNDA:0,(anonymous_6)
FNDA:0,(anonymous_7)
FNDA:0,(anonymous_8)
FNDA:0,(anonymous_9)
FNDA:0,(anonymous_10)
DA:1,7
DA:2,7
DA:3,7
DA:4,7
DA:7,7
DA:8,7
DA:9,0
DA:13,7
DA:14,7
DA:15,28
DA:16,28
DA:17,0
DA:22,7
DA:24,0
DA:27,0
DA:28,0
DA:29,0
DA:30,0
DA:31,0
DA:32,0
DA:34,0
DA:37,0
DA:41,0
DA:42,0
DA:43,0
DA:44,0
DA:49,7
DA:51,0
DA:58,0
DA:59,0
DA:61,0
DA:63,0
DA:64,0
DA:66,0
DA:71,7
DA:80,7
DA:81,14
DA:82,0
DA:83,0
DA:84,0
DA:85,0
DA:86,0
DA:87,0
DA:88,0
DA:90,0
DA:96,7
DA:97,0
DA:98,0
DA:99,0
DA:100,0
DA:101,0
DA:102,0
DA:103,0
DA:104,0
DA:106,0
DA:112,7
DA:113,0
DA:114,0
DA:115,0
DA:116,0
DA:117,0
DA:119,0
DA:121,0
DA:122,0
DA:126,7
LF:65
LH:18
BRDA:8,0,0,0
BRDA:8,0,1,7
BRDA:16,1,0,0
BRDA:16,1,1,28
BRDA:27,2,0,0
BRDA:27,2,1,0
BRDA:27,3,0,0
BRDA:27,3,1,0
BRDA:29,4,0,0
BRDA:29,4,1,0
BRDA:29,5,0,0
BRDA:29,5,1,0
BRDA:31,6,0,0
BRDA:31,6,1,0
BRDA:31,7,0,0
BRDA:31,7,1,0
BRDA:58,8,0,0
BRDA:58,8,1,0
BRDA:61,9,0,0
BRDA:61,9,1,0
BRDA:63,10,0,0
BRDA:63,10,1,0
BRDA:75,11,0,7
BRDA:75,11,1,0
BRDA:83,12,0,0
BRDA:83,12,1,0
BRDA:86,13,0,0
BRDA:86,13,1,0
BRDA:96,14,0,0
BRDA:99,15,0,0
BRDA:99,15,1,0
BRDA:102,16,0,0
BRDA:102,16,1,0
BRDA:114,17,0,0
BRDA:114,17,1,0
BRF:35
BRH:3
end_of_record
